                                                                                     
                              ABACUS v3.3.0

               Atomic-orbital Based Ab-initio Computation at UStc                    

                     Website: http://abacus.ustc.edu.cn/                             
               Documentation: https://abacus.deepmodeling.com/                       
                  Repository: https://github.com/abacusmodeling/abacus-develop       
                              https://github.com/deepmodeling/abacus-develop         
                      Commit: unknown

 Sun Aug 27 15:49:21 2023
 MAKE THE DIR         : OUT.ABACUS/
 UNIFORM GRID DIM     : 30 * 30 * 150
 UNIFORM GRID DIM(BIG): 6 * 6 * 50
 DONE(0.0462651  SEC) : SETUP UNITCELL
 DONE(0.113424   SEC) : SYMMETRY
 DONE(0.313642   SEC) : INIT K-POINTS
 ---------------------------------------------------------
 Ion relaxation calculations
 ---------------------------------------------------------
 SPIN    KPOINTS         PROCESSORS  NBASE       
 1       30              2           26          
 ---------------------------------------------------------
 Use Systematically Improvable Atomic bases
 ---------------------------------------------------------
 ELEMENT ORBITALS        NBASE       NATOM       XC          
 C       2s2p1d-7au      13          2           
 ---------------------------------------------------------
 Initial plane wave basis and FFT box
 ---------------------------------------------------------
 -------------------------------------------
 STEP OF RELAXATION : 1
 -------------------------------------------
 START CHARGE      : atomic
 DONE(1.02661    SEC) : INIT SCF
 ITER   ETOT(eV)       EDIFF(eV)      DRHO       TIME(s)    
 GE1    -3.098685e+02  0.000000e+00   1.685e-01  2.323e-01  
 GE2    -3.101780e+02  -3.094459e-01  2.729e-02  2.067e-01  
 GE3    -3.101781e+02  -1.497845e-04  6.660e-03  1.972e-01  
 GE4    -3.101781e+02  -5.835447e-06  8.431e-05  1.968e-01  
 GE5    -3.101781e+02  -1.473684e-08  5.373e-06  1.956e-01  
 GE6    -3.101781e+02  2.012759e-09   4.416e-07  2.027e-01  
 GE7    -3.101781e+02  -1.668598e-10  1.767e-08  1.945e-01  
 GE8    -3.101781e+02  -7.733944e-13  4.346e-09  1.946e-01  
 ><><><><><><><><><><><><><><><><><><><><><><
 TOTAL-STRESS (KBAR):
 ><><><><><><><><><><><><><><><><><><><><><><
 -8.218e+00     -1.922e-08     -2.550e-30     
 -1.922e-08     -8.218e+00     -1.472e-30     
 0.000e+00      -5.889e-30     -1.972e-02     
 TOTAL-PRESSURE: -5.485e+00 KBAR
 ETOT DIFF (eV)       : 0.000e+00
 LARGEST GRAD (eV/A)  : 0.000e+00

  |CLASS_NAME---------|NAME---------------|TIME(Sec)-----|CALLS----|AVG------|PER%-------
                       total               3.1898         9         0.35      1e+02     %
   Driver              driver_line         3.1711         1         3.2       99        %
   ORB_control         set_orb_tables      0.48148        1         0.48      15        %
   ORB_gen_tables      gen_tables          0.48148        1         0.48      15        %
   ORB_table_phi       init_Table          0.10564        1         0.11      3.3       %
   ORB_table_phi       cal_ST_Phi12_R      0.10145        70        0.0014    3.2       %
   ORB_table_beta      init_Table_Beta     0.12105        1         0.12      3.8       %
   ORB_table_beta      VNL_PhiBeta_R       0.12018        26        0.0046    3.8       %
   Ions                opt_ions            2.2472         1         2.2       70        %
   ESolver_KS_LCAO     Run                 1.8303         1         1.8       57        %
   Potential           update_from_charge  0.19726        9         0.022     6.2       %
   Potential           cal_v_eff           0.19325        9         0.021     6.1       %
   PotXC               cal_v_eff           0.15729        9         0.017     4.9       %
   XC_Functional       v_xc                0.15674        9         0.017     4.9       %
   HSolverLCAO         solve               1.3638         8         0.17      43        %
   HamiltLCAO          updateHk            0.4307         240       0.0018    14        %
   OperatorLCAO        init                0.36917        480       0.00077   12        %
   Veff                contributeHk        0.36737        240       0.0015    12        %
   Gint_interface      cal_gint            0.68082        17        0.04      21        %
   Gint_interface      cal_gint_vlocal     0.27348        8         0.034     8.6       %
   HSolverLCAO         hamiltSolvePsiK     0.61586        240       0.0026    19        %
   DiagoElpa           elpa_solve          0.5109         240       0.0021    16        %
   ElecStateLCAO       psiToRho            0.31678        8         0.04      9.9       %
   Gint_interface      cal_gint_rho        0.20969        8         0.026     6.6       %
   Force_Stress_LCAO   getForceStress      0.41591        1         0.42      13        %
   Force_LCAO_k        ftable_k            0.38213        1         0.38      12        %
   Force_LCAO_k        cal_fvl_dphi_k      0.19765        1         0.2       6.2       %
   Gint_interface      cal_gint_force      0.19764        1         0.2       6.2       %
   Gint_Tools          cal_dpsir_ylm       0.13743        38        0.0036    4.3       %
 ----------------------------------------------------------------------------------------

 START  Time  : Sun Aug 27 15:49:21 2023
 FINISH Time  : Sun Aug 27 15:49:24 2023
 TOTAL  Time  : 3
 SEE INFORMATION IN : OUT.ABACUS/
