                                                                                     
                              ABACUS v3.3.0

               Atomic-orbital Based Ab-initio Computation at UStc                    

                     Website: http://abacus.ustc.edu.cn/                             
               Documentation: https://abacus.deepmodeling.com/                       
                  Repository: https://github.com/abacusmodeling/abacus-develop       
                              https://github.com/deepmodeling/abacus-develop         
                      Commit: unknown

 Sun Aug 27 15:51:55 2023
 MAKE THE DIR         : OUT.ABACUS/
 UNIFORM GRID DIM     : 30 * 30 * 150
 UNIFORM GRID DIM(BIG): 6 * 6 * 50
 DONE(0.0366074  SEC) : SETUP UNITCELL
 DONE(0.103994   SEC) : SYMMETRY
 DONE(0.304353   SEC) : INIT K-POINTS
 ---------------------------------------------------------
 Ion relaxation calculations
 ---------------------------------------------------------
 SPIN    KPOINTS         PROCESSORS  NBASE       
 1       30              2           26          
 ---------------------------------------------------------
 Use Systematically Improvable Atomic bases
 ---------------------------------------------------------
 ELEMENT ORBITALS        NBASE       NATOM       XC          
 C       2s2p1d-7au      13          2           
 ---------------------------------------------------------
 Initial plane wave basis and FFT box
 ---------------------------------------------------------
 -------------------------------------------
 STEP OF RELAXATION : 1
 -------------------------------------------
 START CHARGE      : atomic
 DONE(0.937544   SEC) : INIT SCF
 ITER   ETOT(eV)       EDIFF(eV)      DRHO       TIME(s)    
 GE1    -3.098685e+02  0.000000e+00   1.685e-01  2.256e-01  
 GE2    -3.101780e+02  -3.094459e-01  2.729e-02  2.087e-01  
 GE3    -3.101781e+02  -1.497845e-04  6.660e-03  1.960e-01  
 GE4    -3.101781e+02  -5.835447e-06  8.431e-05  1.956e-01  
 GE5    -3.101781e+02  -1.473626e-08  5.373e-06  1.964e-01  
 GE6    -3.101781e+02  2.012566e-09   4.416e-07  2.012e-01  
 GE7    -3.101781e+02  -1.682133e-10  1.767e-08  1.957e-01  
 GE8    -3.101781e+02  -6.380504e-12  4.403e-09  1.948e-01  
 ><><><><><><><><><><><><><><><><><><><><><><
 TOTAL-STRESS (KBAR):
 ><><><><><><><><><><><><><><><><><><><><><><
 -8.218e+00     -1.922e-08     -1.785e-29     
 -1.922e-08     -8.218e+00     -3.386e-29     
 -1.785e-29     -3.975e-29     -1.972e-02     
 TOTAL-PRESSURE: -5.485e+00 KBAR
 ETOT DIFF (eV)       : 0.000e+00
 LARGEST GRAD (eV/A)  : 1.835e-17

  |CLASS_NAME---------|NAME---------------|TIME(Sec)-----|CALLS----|AVG------|PER%-------
                       total               3.1095         9         0.35      1e+02     %
   Driver              driver_line         3.0944         1         3.1       1e+02     %
   ORB_control         set_orb_tables      0.44093        1         0.44      14        %
   ORB_gen_tables      gen_tables          0.44092        1         0.44      14        %
   ORB_table_beta      init_Table_Beta     0.12092        1         0.12      3.9       %
   ORB_table_beta      VNL_PhiBeta_R       0.12008        26        0.0046    3.9       %
   Ions                opt_ions            2.2134         1         2.2       71        %
   ESolver_KS_LCAO     Run                 1.7813         1         1.8       57        %
   Potential           update_from_charge  0.16531        9         0.018     5.3       %
   Potential           cal_v_eff           0.1641         9         0.018     5.3       %
   PotXC               cal_v_eff           0.13322        9         0.015     4.3       %
   XC_Functional       v_xc                0.13268        9         0.015     4.3       %
   HSolverLCAO         solve               1.3546         8         0.17      44        %
   HamiltLCAO          updateHk            0.41656        240       0.0017    13        %
   OperatorLCAO        init                0.35719        480       0.00074   11        %
   Veff                contributeHk        0.35536        240       0.0015    11        %
   Gint_interface      cal_gint            0.66831        17        0.039     21        %
   Gint_interface      cal_gint_vlocal     0.26683        8         0.033     8.6       %
   HSolverLCAO         hamiltSolvePsiK     0.61717        240       0.0026    20        %
   DiagoElpa           elpa_solve          0.50433        240       0.0021    16        %
   ElecStateLCAO       psiToRho            0.3203         8         0.04      10        %
   Gint_interface      cal_gint_rho        0.20344        8         0.025     6.5       %
   Force_Stress_LCAO   getForceStress      0.43119        1         0.43      14        %
   Force_LCAO_k        ftable_k            0.39686        1         0.4       13        %
   Force_LCAO_k        cal_fvl_dphi_k      0.19805        1         0.2       6.4       %
   Gint_interface      cal_gint_force      0.19805        1         0.2       6.4       %
   Gint_Tools          cal_dpsir_ylm       0.13827        38        0.0036    4.4       %
 ----------------------------------------------------------------------------------------

 START  Time  : Sun Aug 27 15:51:55 2023
 FINISH Time  : Sun Aug 27 15:51:58 2023
 TOTAL  Time  : 3
 SEE INFORMATION IN : OUT.ABACUS/
