 In SCAN_BEGIN, can't find: LATTICE_PARAMETERS block.
 In SCAN_BEGIN, can't find: <PP_MESH block.
 AUTO_SET NBANDS to 0
 AUTO_SET NBANDS to 26
      Processor           Atom
              1             54
              2             54
                            startmag_type = 2
                       charge from rho_at = 3.99303
                         charge should be = 4

 SETUP ATOMIC RHO FOR SPIN 1
                 Electron number from rho = 32
           total electron number from rho = 32
                                should be = 32
                 charge before normalized = 32
                  charge after normalized = 32
                 charge before normalized = 32.0001095973973
                  charge after normalized = 32
                 charge before normalized = 32.0001502735095
                  charge after normalized = 32
                 charge before normalized = 32.0001564893397
                  charge after normalized = 32
                 charge before normalized = 32.0001562934255
                  charge after normalized = 32
                 charge before normalized = 32.0001562632677
                  charge after normalized = 32
                 charge before normalized = 32.000156267219
                  charge after normalized = 32
                 charge before normalized = 32.0001562717953
                  charge after normalized = 31.9999999999999
                 charge before normalized = 32.0001562717147
                  charge after normalized = 31.9999999999999
                 charge before normalized = 32.0001562715279
                  charge after normalized = 32
                 charge before normalized = 32.0001562714933
                  charge after normalized = 32
                            startmag_type = 2
                       charge from rho_at = 3.99303358802096
                         charge should be = 4

 SETUP ATOMIC RHO FOR SPIN 1
                 Electron number from rho = 32
           total electron number from rho = 32
                                should be = 32
