                                                                                     
                              ABACUS v3.3.0

               Atomic-orbital Based Ab-initio Computation at UStc                    

                     Website: http://abacus.ustc.edu.cn/                             
               Documentation: https://abacus.deepmodeling.com/                       
                  Repository: https://github.com/abacusmodeling/abacus-develop       
                              https://github.com/deepmodeling/abacus-develop         
                      Commit: unknown

 Sun Aug 27 15:16:10 2023
 MAKE THE DIR         : OUT.ABACUS/
 UNIFORM GRID DIM     : 45 * 45 * 45
 UNIFORM GRID DIM(BIG): 15 * 15 * 15
 DONE(0.0379925  SEC) : SETUP UNITCELL
 DONE(0.173309   SEC) : SYMMETRY
 DONE(0.381084   SEC) : INIT K-POINTS
 ---------------------------------------------------------
 Ion relaxation calculations
 ---------------------------------------------------------
 SPIN    KPOINTS         PROCESSORS  NBASE       
 1       116             2           104         
 ---------------------------------------------------------
 Use Systematically Improvable Atomic bases
 ---------------------------------------------------------
 ELEMENT ORBITALS        NBASE       NATOM       XC          
 C       2s2p1d-7au      13          8           
 ---------------------------------------------------------
 Initial plane wave basis and FFT box
 ---------------------------------------------------------
 -------------------------------------------
 STEP OF RELAXATION : 1
 -------------------------------------------
 START CHARGE      : atomic
 DONE(1.34303    SEC) : INIT SCF
 ITER   ETOT(eV)       EDIFF(eV)      DRHO       TIME(s)    
 GE1    -1.239475e+03  0.000000e+00   1.505e-01  3.603e+00  
 GE2    -1.239800e+03  -3.253942e-01  2.771e-02  3.308e+00  
 GE3    -1.239807e+03  -6.539361e-03  4.229e-03  3.306e+00  
 GE4    -1.239807e+03  -1.364867e-05  7.892e-05  3.297e+00  
 GE5    -1.239807e+03  -1.941135e-07  1.734e-05  3.295e+00  
 GE6    -1.239807e+03  -2.573470e-09  5.699e-06  3.300e+00  
 GE7    -1.239807e+03  6.310318e-09   1.337e-06  3.297e+00  
 GE8    -1.239807e+03  -1.684453e-09  1.907e-08  3.306e+00  
 GE9    -1.239807e+03  -2.842224e-11  3.495e-08  3.296e+00  
 GE10   -1.239807e+03  3.654288e-11   1.350e-09  3.301e+00  
 ><><><><><><><><><><><><><><><><><><><><><><
 TOTAL-STRESS (KBAR):
 ><><><><><><><><><><><><><><><><><><><><><><
 1.902e+01      -2.867e+01     -2.867e+01     
 -2.867e+01     1.902e+01      -2.867e+01     
 -2.867e+01     -2.867e+01     1.902e+01      
 TOTAL-PRESSURE: 1.902e+01 KBAR
 ETOT DIFF (eV)       : 0.000e+00
 LARGEST GRAD (eV/A)  : 1.325e-02
 -------------------------------------------
 STEP OF RELAXATION : 2
 -------------------------------------------
 DONE(3.836e+01  SEC) : INIT SCF
 ITER   ETOT(eV)       EDIFF(eV)      DRHO       TIME(s)    
 GE1    -1.239807e+03  0.000000e+00   3.122e-04  3.785e+00  
 GE2    -1.239807e+03  -3.740527e-06  7.556e-05  3.293e+00  
 GE3    -1.239807e+03  -2.836463e-08  1.771e-05  3.272e+00  
 GE4    -1.239807e+03  -3.594157e-08  1.010e-05  3.280e+00  
 GE5    -1.239807e+03  -2.070918e-08  1.231e-07  3.277e+00  
 GE6    -1.239807e+03  -8.700687e-12  3.302e-08  3.279e+00  
 GE7    -1.239807e+03  3.286926e-12   1.096e-08  3.288e+00  
 GE8    -1.239807e+03  -7.733944e-13  5.039e-10  3.296e+00  
 ><><><><><><><><><><><><><><><><><><><><><><
 TOTAL-STRESS (KBAR):
 ><><><><><><><><><><><><><><><><><><><><><><
 1.890e+01      -2.828e+01     -2.828e+01     
 -2.828e+01     1.890e+01      -2.828e+01     
 -2.828e+01     -2.828e+01     1.890e+01      
 TOTAL-PRESSURE: 1.890e+01 KBAR
 ETOT DIFF (eV)       : 1.614e-04
 LARGEST GRAD (eV/A)  : 6.797e-02
 -------------------------------------------
 STEP OF RELAXATION : 3
 -------------------------------------------
 DONE(6.889e+01  SEC) : INIT SCF
 ITER   ETOT(eV)       EDIFF(eV)      DRHO       TIME(s)    
 GE1    -1.239807e+03  0.000000e+00   2.283e-04  7.934e+00  
 GE2    -1.239807e+03  -1.990621e-06  5.525e-05  3.269e+00  
 GE3    -1.239807e+03  -1.569565e-08  1.295e-05  3.260e+00  
 GE4    -1.239807e+03  -1.949669e-08  7.388e-06  3.266e+00  
 GE5    -1.239807e+03  -1.112257e-08  9.156e-08  3.280e+00  
 GE6    -1.239807e+03  5.413761e-12   3.009e-08  3.266e+00  
 GE7    -1.239807e+03  7.733944e-13   8.588e-09  3.269e+00  
 ><><><><><><><><><><><><><><><><><><><><><><
 TOTAL-STRESS (KBAR):
 ><><><><><><><><><><><><><><><><><><><><><><
 1.898e+01      -2.856e+01     -2.856e+01     
 -2.856e+01     1.898e+01      -2.856e+01     
 -2.856e+01     -2.856e+01     1.898e+01      
 TOTAL-PRESSURE: 1.898e+01 KBAR
 ETOT DIFF (eV)       : -1.867e-04
 LARGEST GRAD (eV/A)  : 6.576e-02
 -------------------------------------------
 STEP OF RELAXATION : 4
 -------------------------------------------
 DONE(1.003e+02  SEC) : INIT SCF
 ITER   ETOT(eV)       EDIFF(eV)      DRHO       TIME(s)    
 GE1    -1.239807e+03  0.000000e+00   2.338e-05  3.616e+00  
 GE2    -1.239807e+03  3.826980e-06   5.869e-06  3.282e+00  
 GE3    -1.239807e+03  -4.789245e-10  2.251e-06  3.288e+00  
 GE4    -1.239807e+03  -1.180780e-09  7.911e-07  3.282e+00  
 GE5    -1.239807e+03  -9.570756e-11  2.362e-08  3.281e+00  
 GE6    -1.239807e+03  -3.866972e-13  3.819e-09  3.289e+00  
 ><><><><><><><><><><><><><><><><><><><><><><
 TOTAL-STRESS (KBAR):
 ><><><><><><><><><><><><><><><><><><><><><><
 1.897e+01      -2.854e+01     -2.854e+01     
 -2.854e+01     1.897e+01      -2.854e+01     
 -2.854e+01     -2.854e+01     1.897e+01      
 TOTAL-PRESSURE: 1.897e+01 KBAR
 ETOT DIFF (eV)       : -1.000e-06
 LARGEST GRAD (eV/A)  : 2.499e-01
 -------------------------------------------
 STEP OF RELAXATION : 5
 -------------------------------------------
 DONE(1.245e+02  SEC) : INIT SCF
 ITER   ETOT(eV)       EDIFF(eV)      DRHO       TIME(s)    
 GE1    -1.239807e+03  0.000000e+00   7.016e-05  3.545e+00  
 GE2    -1.239807e+03  9.040479e-06   1.760e-05  3.277e+00  
 GE3    -1.239807e+03  -4.278998e-09  6.739e-06  3.275e+00  
 GE4    -1.239807e+03  -1.063591e-08  2.379e-06  3.267e+00  
 GE5    -1.239807e+03  -8.839898e-10  7.071e-08  3.271e+00  
 GE6    -1.239807e+03  0.000000e+00   1.133e-08  3.276e+00  
 GE7    -1.239807e+03  -3.866972e-13  4.703e-09  3.272e+00  
 ><><><><><><><><><><><><><><><><><><><><><><
 TOTAL-STRESS (KBAR):
 ><><><><><><><><><><><><><><><><><><><><><><
 1.895e+01      -2.845e+01     -2.845e+01     
 -2.845e+01     1.895e+01      -2.845e+01     
 -2.845e+01     -2.845e+01     1.895e+01      
 TOTAL-PRESSURE: 1.895e+01 KBAR
 ETOT DIFF (eV)       : 1.932e-05
 LARGEST GRAD (eV/A)  : 2.164e-01
 -------------------------------------------
 STEP OF RELAXATION : 6
 -------------------------------------------
 DONE(1.519e+02  SEC) : INIT SCF
 ITER   ETOT(eV)       EDIFF(eV)      DRHO       TIME(s)    
 GE1    -1.239807e+03  0.000000e+00   1.329e-05  3.778e+00  
 GE2    -1.239807e+03  8.933435e-06   4.606e-06  3.403e+00  
 GE3    -1.239807e+03  -3.767977e-09  2.526e-06  3.415e+00  
 GE4    -1.239807e+03  -1.483950e-09  3.754e-07  3.405e+00  
 GE5    -1.239807e+03  -1.469449e-11  2.543e-08  3.399e+00  
 GE6    -1.239807e+03  3.866972e-13   6.027e-09  3.404e+00  
 ><><><><><><><><><><><><><><><><><><><><><><
 TOTAL-STRESS (KBAR):
 ><><><><><><><><><><><><><><><><><><><><><><
 1.895e+01      -2.846e+01     -2.846e+01     
 -2.846e+01     1.895e+01      -2.846e+01     
 -2.846e+01     -2.846e+01     1.895e+01      
 TOTAL-PRESSURE: 1.895e+01 KBAR
 ETOT DIFF (eV)       : -2.008e-05
 LARGEST GRAD (eV/A)  : 1.717e-01
 -------------------------------------------
 STEP OF RELAXATION : 7
 -------------------------------------------
 DONE(1.765e+02  SEC) : INIT SCF
 ITER   ETOT(eV)       EDIFF(eV)      DRHO       TIME(s)    
 GE1    -1.239807e+03  0.000000e+00   3.990e-05  3.704e+00  
 GE2    -1.239807e+03  -4.964035e-05  1.384e-05  3.414e+00  
 GE3    -1.239807e+03  -3.333504e-08  7.584e-06  3.420e+00  
 GE4    -1.239807e+03  -1.318792e-08  1.126e-06  3.411e+00  
 GE5    -1.239807e+03  -3.441605e-11  7.660e-08  3.422e+00  
 GE6    -1.239807e+03  5.607109e-12   1.600e-08  3.409e+00  
 GE7    -1.239807e+03  9.667430e-13   7.555e-09  3.417e+00  
 ><><><><><><><><><><><><><><><><><><><><><><
 TOTAL-STRESS (KBAR):
 ><><><><><><><><><><><><><><><><><><><><><><
 1.894e+01      -2.847e+01     -2.847e+01     
 -2.847e+01     1.894e+01      -2.847e+01     
 -2.847e+01     -2.847e+01     1.894e+01      
 TOTAL-PRESSURE: 1.894e+01 KBAR
 ETOT DIFF (eV)       : -7.356e-05
 LARGEST GRAD (eV/A)  : 4.082e-02
 -------------------------------------------
 STEP OF RELAXATION : 8
 -------------------------------------------
 DONE(2.046e+02  SEC) : INIT SCF
 ITER   ETOT(eV)       EDIFF(eV)      DRHO       TIME(s)    
 GE1    -1.239807e+03  0.000000e+00   3.647e-06  3.873e+00  
 GE2    -1.239807e+03  -1.374775e-06  9.080e-07  3.419e+00  
 GE3    -1.239807e+03  -1.256766e-11  2.672e-07  3.405e+00  
 GE4    -1.239807e+03  -1.566124e-11  1.195e-07  3.397e+00  
 GE5    -1.239807e+03  -3.286926e-12  2.481e-09  3.417e+00  
 ><><><><><><><><><><><><><><><><><><><><><><
 TOTAL-STRESS (KBAR):
 ><><><><><><><><><><><><><><><><><><><><><><
 1.894e+01      -2.848e+01     -2.848e+01     
 -2.848e+01     1.894e+01      -2.848e+01     
 -2.848e+01     -2.848e+01     1.894e+01      
 TOTAL-PRESSURE: 1.894e+01 KBAR
 ETOT DIFF (eV)       : -3.843e-06
 LARGEST GRAD (eV/A)  : 3.867e-02
 -------------------------------------------
 STEP OF RELAXATION : 9
 -------------------------------------------
 DONE(2.259e+02  SEC) : INIT SCF
 ITER   ETOT(eV)       EDIFF(eV)      DRHO       TIME(s)    
 GE1    -1.239807e+03  0.000000e+00   1.094e-05  5.263e+00  
 GE2    -1.239807e+03  -4.482431e-06  2.724e-06  3.423e+00  
 GE3    -1.239807e+03  -6.129151e-11  8.008e-07  3.423e+00  
 GE4    -1.239807e+03  -1.494585e-10  3.588e-07  3.445e+00  
 GE5    -1.239807e+03  -2.706880e-11  7.456e-09  3.432e+00  
 ><><><><><><><><><><><><><><><><><><><><><><
 TOTAL-STRESS (KBAR):
 ><><><><><><><><><><><><><><><><><><><><><><
 1.894e+01      -2.849e+01     -2.849e+01     
 -2.849e+01     1.894e+01      -2.849e+01     
 -2.849e+01     -2.849e+01     1.894e+01      
 TOTAL-PRESSURE: 1.894e+01 KBAR
 ETOT DIFF (eV)       : -1.107e-05
 LARGEST GRAD (eV/A)  : 3.223e-02
 -------------------------------------------
 STEP OF RELAXATION : 10
 -------------------------------------------
 DONE(2.487e+02  SEC) : INIT SCF
 ITER   ETOT(eV)       EDIFF(eV)      DRHO       TIME(s)    
 GE1    -1.239807e+03  0.000000e+00   1.693e-06  5.421e+00  
 GE2    -1.239807e+03  -2.150369e-06  4.814e-07  3.407e+00  
 GE3    -1.239807e+03  -1.256766e-11  2.482e-07  3.410e+00  
 GE4    -1.239807e+03  -1.121422e-11  4.783e-08  3.407e+00  
 GE5    -1.239807e+03  9.667430e-13   3.577e-09  3.414e+00  
 ><><><><><><><><><><><><><><><><><><><><><><
 TOTAL-STRESS (KBAR):
 ><><><><><><><><><><><><><><><><><><><><><><
 1.894e+01      -2.849e+01     -2.849e+01     
 -2.849e+01     1.894e+01      -2.849e+01     
 -2.849e+01     -2.849e+01     1.894e+01      
 TOTAL-PRESSURE: 1.894e+01 KBAR
 ETOT DIFF (eV)       : -3.111e-06
 LARGEST GRAD (eV/A)  : 2.990e-02
 -------------------------------------------
 STEP OF RELAXATION : 11
 -------------------------------------------
 DONE(2.715e+02  SEC) : INIT SCF
 ITER   ETOT(eV)       EDIFF(eV)      DRHO       TIME(s)    
 GE1    -1.239807e+03  0.000000e+00   5.076e-06  3.835e+00  
 GE2    -1.239807e+03  -7.122781e-06  1.443e-06  3.409e+00  
 GE3    -1.239807e+03  -1.250965e-10  7.435e-07  3.402e+00  
 GE4    -1.239807e+03  -1.274167e-10  1.434e-07  3.413e+00  
 GE5    -1.239807e+03  -1.160092e-12  1.072e-08  3.409e+00  
 GE6    -1.239807e+03  3.866972e-13   1.416e-09  3.415e+00  
 ><><><><><><><><><><><><><><><><><><><><><><
 TOTAL-STRESS (KBAR):
 ><><><><><><><><><><><><><><><><><><><><><><
 1.894e+01      -2.850e+01     -2.850e+01     
 -2.850e+01     1.894e+01      -2.850e+01     
 -2.850e+01     -2.850e+01     1.894e+01      
 TOTAL-PRESSURE: 1.894e+01 KBAR
 ETOT DIFF (eV)       : -9.393e-06
 LARGEST GRAD (eV/A)  : 2.292e-02
 -------------------------------------------
 STEP OF RELAXATION : 12
 -------------------------------------------
 DONE(2.961e+02  SEC) : INIT SCF
 ITER   ETOT(eV)       EDIFF(eV)      DRHO       TIME(s)    
 GE1    -1.239807e+03  0.000000e+00   1.850e-06  3.777e+00  
 GE2    -1.239807e+03  -1.229916e-06  4.641e-07  3.423e+00  
 GE3    -1.239807e+03  -5.607109e-12  1.423e-07  3.423e+00  
 GE4    -1.239807e+03  -3.286926e-12  6.155e-08  3.407e+00  
 GE5    -1.239807e+03  -3.093578e-12  1.465e-09  3.434e+00  
 ><><><><><><><><><><><><><><><><><><><><><><
 TOTAL-STRESS (KBAR):
 ><><><><><><><><><><><><><><><><><><><><><><
 1.894e+01      -2.850e+01     -2.850e+01     
 -2.850e+01     1.894e+01      -2.850e+01     
 -2.850e+01     -2.850e+01     1.894e+01      
 TOTAL-PRESSURE: 1.894e+01 KBAR
 ETOT DIFF (eV)       : -2.126e-06
 LARGEST GRAD (eV/A)  : 2.154e-02
 -------------------------------------------
 STEP OF RELAXATION : 13
 -------------------------------------------
 DONE(3.175e+02  SEC) : INIT SCF
 ITER   ETOT(eV)       EDIFF(eV)      DRHO       TIME(s)    
 GE1    -1.239807e+03  0.000000e+00   5.551e-06  5.369e+00  
 GE2    -1.239807e+03  -3.861876e-06  1.392e-06  3.259e+00  
 GE3    -1.239807e+03  -1.914151e-11  4.266e-07  3.256e+00  
 GE4    -1.239807e+03  -4.060321e-11  1.847e-07  3.259e+00  
 GE5    -1.239807e+03  -1.044082e-11  4.400e-09  3.263e+00  
 ><><><><><><><><><><><><><><><><><><><><><><
 TOTAL-STRESS (KBAR):
 ><><><><><><><><><><><><><><><><><><><><><><
 1.894e+01      -2.851e+01     -2.851e+01     
 -2.851e+01     1.894e+01      -2.851e+01     
 -2.851e+01     -2.851e+01     1.894e+01      
 TOTAL-PRESSURE: 1.894e+01 KBAR
 ETOT DIFF (eV)       : -6.285e-06
 LARGEST GRAD (eV/A)  : 1.395e-02
 -------------------------------------------
 STEP OF RELAXATION : 14
 -------------------------------------------
 DONE(3.397e+02  SEC) : INIT SCF
 ITER   ETOT(eV)       EDIFF(eV)      DRHO       TIME(s)    
 GE1    -1.239807e+03  0.000000e+00   2.644e-06  3.655e+00  
 GE2    -1.239807e+03  -1.399330e-06  6.908e-07  3.261e+00  
 GE3    -1.239807e+03  -2.629541e-11  3.210e-07  3.261e+00  
 GE4    -1.239807e+03  -2.726215e-11  8.034e-08  3.251e+00  
 GE5    -1.239807e+03  -2.706880e-12  2.499e-09  3.264e+00  
 ><><><><><><><><><><><><><><><><><><><><><><
 TOTAL-STRESS (KBAR):
 ><><><><><><><><><><><><><><><><><><><><><><
 1.894e+01      -2.851e+01     -2.851e+01     
 -2.851e+01     1.894e+01      -2.851e+01     
 -2.851e+01     -2.851e+01     1.894e+01      
 TOTAL-PRESSURE: 1.894e+01 KBAR
 ETOT DIFF (eV)       : -2.349e-06
 LARGEST GRAD (eV/A)  : 1.241e-02
 -------------------------------------------
 STEP OF RELAXATION : 15
 -------------------------------------------
 DONE(3.603e+02  SEC) : INIT SCF
 ITER   ETOT(eV)       EDIFF(eV)      DRHO       TIME(s)    
 GE1    -1.239807e+03  0.000000e+00   7.931e-06  5.762e+00  
 GE2    -1.239807e+03  -4.394422e-06  2.073e-06  3.262e+00  
 GE3    -1.239807e+03  -1.709202e-10  9.638e-07  3.261e+00  
 GE4    -1.239807e+03  -2.242844e-10  2.409e-07  3.281e+00  
 GE5    -1.239807e+03  -1.585459e-11  7.506e-09  3.293e+00  
 ><><><><><><><><><><><><><><><><><><><><><><
 TOTAL-STRESS (KBAR):
 ><><><><><><><><><><><><><><><><><><><><><><
 1.894e+01      -2.852e+01     -2.852e+01     
 -2.852e+01     1.894e+01      -2.852e+01     
 -2.852e+01     -2.852e+01     1.894e+01      
 TOTAL-PRESSURE: 1.894e+01 KBAR
 ETOT DIFF (eV)       : -6.800e-06
 LARGEST GRAD (eV/A)  : 7.810e-03
 -------------------------------------------
 STEP OF RELAXATION : 16
 -------------------------------------------
 DONE(3.832e+02  SEC) : INIT SCF
 ITER   ETOT(eV)       EDIFF(eV)      DRHO       TIME(s)    
 GE1    -1.239807e+03  0.000000e+00   3.691e-06  3.812e+00  
 GE2    -1.239807e+03  3.346547e-07   9.124e-07  3.423e+00  
 GE3    -1.239807e+03  -4.698371e-11  3.143e-07  3.415e+00  
 GE4    -1.239807e+03  -3.325596e-11  1.418e-07  3.421e+00  
 GE5    -1.239807e+03  -5.800458e-12  5.419e-09  3.422e+00  
 ><><><><><><><><><><><><><><><><><><><><><><
 TOTAL-STRESS (KBAR):
 ><><><><><><><><><><><><><><><><><><><><><><
 1.895e+01      -2.852e+01     -2.852e+01     
 -2.852e+01     1.895e+01      -2.852e+01     
 -2.852e+01     -2.852e+01     1.895e+01      
 TOTAL-PRESSURE: 1.895e+01 KBAR
 ETOT DIFF (eV)       : -7.627e-07
 LARGEST GRAD (eV/A)  : 7.438e-03
 -------------------------------------------
 STEP OF RELAXATION : 17
 -------------------------------------------
 DONE(4.044e+02  SEC) : INIT SCF
 ITER   ETOT(eV)       EDIFF(eV)      DRHO       TIME(s)    
 GE1    -1.239807e+03  0.000000e+00   1.107e-05  3.591e+00  
 GE2    -1.239807e+03  9.878857e-07   2.736e-06  3.277e+00  
 GE3    -1.239807e+03  -1.865814e-10  9.382e-07  3.252e+00  
 GE4    -1.239807e+03  -2.063030e-10  4.258e-07  3.264e+00  
 GE5    -1.239807e+03  -3.692958e-11  1.630e-08  3.257e+00  
 GE6    -1.239807e+03  -1.933486e-13  1.827e-09  3.270e+00  
 ><><><><><><><><><><><><><><><><><><><><><><
 TOTAL-STRESS (KBAR):
 ><><><><><><><><><><><><><><><><><><><><><><
 1.895e+01      -2.854e+01     -2.854e+01     
 -2.854e+01     1.895e+01      -2.854e+01     
 -2.854e+01     -2.854e+01     1.895e+01      
 TOTAL-PRESSURE: 1.895e+01 KBAR
 ETOT DIFF (eV)       : -1.721e-06
 LARGEST GRAD (eV/A)  : 6.429e-03
 -------------------------------------------
 STEP OF RELAXATION : 18
 -------------------------------------------
 DONE(4.283e+02  SEC) : INIT SCF
 ITER   ETOT(eV)       EDIFF(eV)      DRHO       TIME(s)    
 GE1    -1.239807e+03  0.000000e+00   3.214e-06  5.293e+00  
 GE2    -1.239807e+03  -1.105043e-06  8.111e-07  3.259e+00  
 GE3    -1.239807e+03  -4.350343e-11  3.199e-07  3.272e+00  
 GE4    -1.239807e+03  -3.035573e-11  1.135e-07  3.256e+00  
 GE5    -1.239807e+03  -3.480275e-12  3.300e-09  3.262e+00  
 ><><><><><><><><><><><><><><><><><><><><><><
 TOTAL-STRESS (KBAR):
 ><><><><><><><><><><><><><><><><><><><><><><
 1.895e+01      -2.854e+01     -2.854e+01     
 -2.854e+01     1.895e+01      -2.854e+01     
 -2.854e+01     -2.854e+01     1.895e+01      
 TOTAL-PRESSURE: 1.895e+01 KBAR
 ETOT DIFF (eV)       : -1.709e-06
 LARGEST GRAD (eV/A)  : 5.059e-03
 -------------------------------------------
 STEP OF RELAXATION : 19
 -------------------------------------------
 DONE(4.507e+02  SEC) : INIT SCF
 ITER   ETOT(eV)       EDIFF(eV)      DRHO       TIME(s)    
 GE1    -1.239807e+03  0.000000e+00   9.643e-06  4.233e+00  
 GE2    -1.239807e+03  -3.427486e-06  2.433e-06  3.258e+00  
 GE3    -1.239807e+03  -1.794275e-10  9.579e-07  3.255e+00  
 GE4    -1.239807e+03  -2.275713e-10  3.408e-07  3.259e+00  
 GE5    -1.239807e+03  -2.513532e-11  9.914e-09  3.276e+00  
 ><><><><><><><><><><><><><><><><><><><><><><
 TOTAL-STRESS (KBAR):
 ><><><><><><><><><><><><><><><><><><><><><><
 1.895e+01      -2.855e+01     -2.855e+01     
 -2.855e+01     1.895e+01      -2.855e+01     
 -2.855e+01     -2.855e+01     1.895e+01      
 TOTAL-PRESSURE: 1.895e+01 KBAR
 ETOT DIFF (eV)       : -4.737e-06
 LARGEST GRAD (eV/A)  : 7.795e-03
 -------------------------------------------
 STEP OF RELAXATION : 20
 -------------------------------------------
 DONE(4.719e+02  SEC) : INIT SCF
 ITER   ETOT(eV)       EDIFF(eV)      DRHO       TIME(s)    
 GE1    -1.239807e+03  0.000000e+00   3.467e-06  3.559e+00  
 GE2    -1.239807e+03  1.697511e-06   8.922e-07  3.262e+00  
 GE3    -1.239807e+03  -7.637270e-11  4.039e-07  3.260e+00  
 GE4    -1.239807e+03  -4.679036e-11  1.322e-07  3.261e+00  
 GE5    -1.239807e+03  -1.005413e-11  8.339e-09  3.269e+00  
 ><><><><><><><><><><><><><><><><><><><><><><
 TOTAL-STRESS (KBAR):
 ><><><><><><><><><><><><><><><><><><><><><><
 1.896e+01      -2.855e+01     -2.855e+01     
 -2.855e+01     1.896e+01      -2.855e+01     
 -2.855e+01     -2.855e+01     1.896e+01      
 TOTAL-PRESSURE: 1.896e+01 KBAR
 ETOT DIFF (eV)       : 1.292e-06
 LARGEST GRAD (eV/A)  : 4.543e-03
 -------------------------------------------
 STEP OF RELAXATION : 21
 -------------------------------------------
 DONE(4.924e+02  SEC) : INIT SCF
 ITER   ETOT(eV)       EDIFF(eV)      DRHO       TIME(s)    
 GE1    -1.239807e+03  0.000000e+00   6.229e-06  3.760e+00  
 GE2    -1.239807e+03  2.954802e-06   1.601e-06  3.412e+00  
 GE3    -1.239807e+03  -1.614461e-10  7.201e-07  3.406e+00  
 GE4    -1.239807e+03  -1.349573e-10  2.384e-07  3.404e+00  
 GE5    -1.239807e+03  -1.894816e-11  1.501e-08  3.403e+00  
 GE6    -1.239807e+03  1.353440e-12   1.147e-09  3.413e+00  
 ><><><><><><><><><><><><><><><><><><><><><><
 TOTAL-STRESS (KBAR):
 ><><><><><><><><><><><><><><><><><><><><><><
 1.896e+01      -2.856e+01     -2.856e+01     
 -2.856e+01     1.896e+01      -2.856e+01     
 -2.856e+01     -2.856e+01     1.896e+01      
 TOTAL-PRESSURE: 1.896e+01 KBAR
 ETOT DIFF (eV)       : 2.493e-06
 LARGEST GRAD (eV/A)  : 2.963e-03
 -------------------------------------------
 STEP OF RELAXATION : 22
 -------------------------------------------
 DONE(5.172e+02  SEC) : INIT SCF
 ITER   ETOT(eV)       EDIFF(eV)      DRHO       TIME(s)    
 GE1    -1.239807e+03  0.000000e+00   3.035e-06  5.196e+00  
 GE2    -1.239807e+03  -5.553908e-07  7.695e-07  3.397e+00  
 GE3    -1.239807e+03  -5.568440e-11  3.174e-07  3.408e+00  
 GE4    -1.239807e+03  -3.248256e-11  1.100e-07  3.399e+00  
 GE5    -1.239807e+03  -7.540595e-12  5.413e-09  3.414e+00  
 ><><><><><><><><><><><><><><><><><><><><><><
 TOTAL-STRESS (KBAR):
 ><><><><><><><><><><><><><><><><><><><><><><
 1.896e+01      -2.857e+01     -2.857e+01     
 -2.857e+01     1.896e+01      -2.857e+01     
 -2.857e+01     -2.857e+01     1.896e+01      
 TOTAL-PRESSURE: 1.896e+01 KBAR
 ETOT DIFF (eV)       : -6.956e-07
 LARGEST GRAD (eV/A)  : 2.023e-03
 -------------------------------------------
 STEP OF RELAXATION : 23
 -------------------------------------------
 DONE(5.398e+02  SEC) : INIT SCF
 ITER   ETOT(eV)       EDIFF(eV)      DRHO       TIME(s)    
 GE1    -1.239807e+03  0.000000e+00   4.933e-06  3.756e+00  
 GE2    -1.239807e+03  -9.119785e-07  1.250e-06  3.392e+00  
 GE3    -1.239807e+03  -1.028615e-10  5.135e-07  3.406e+00  
 GE4    -1.239807e+03  -7.849953e-11  1.791e-07  3.401e+00  
 GE5    -1.239807e+03  -1.024748e-11  8.822e-09  3.437e+00  
 ><><><><><><><><><><><><><><><><><><><><><><
 TOTAL-STRESS (KBAR):
 ><><><><><><><><><><><><><><><><><><><><><><
 1.896e+01      -2.857e+01     -2.857e+01     
 -2.857e+01     1.896e+01      -2.857e+01     
 -2.857e+01     -2.857e+01     1.896e+01      
 TOTAL-PRESSURE: 1.896e+01 KBAR
 ETOT DIFF (eV)       : -1.005e-06
 LARGEST GRAD (eV/A)  : 9.226e-04

  |CLASS_NAME---------|NAME---------------|TIME(Sec)-----|CALLS----|AVG------|PER%-------
                       total               560.24         53        11        1e+02     %
   Driver              driver_line         560.22         1         5.6e+02   1e+02     %
   PW_Basis            setup_struc_factor  0.1018         23        0.0044    0.018     %
   ORB_control         set_orb_tables      0.49455        1         0.49      0.088     %
   ORB_gen_tables      gen_tables          0.49455        1         0.49      0.088     %
   ORB_table_phi       init_Table          0.1107         1         0.11      0.02      %
   ORB_table_phi       cal_ST_Phi12_R      0.10665        70        0.0015    0.019     %
   ORB_table_beta      init_Table_Beta     0.12636        1         0.13      0.023     %
   ORB_table_beta      VNL_PhiBeta_R       0.1255         26        0.0048    0.022     %
   Ions                opt_ions            559.22         1         5.6e+02   1e+02     %
   ESolver_KS_LCAO     Run                 478.7          23        21        85        %
   ESolver_KS_LCAO     beforescf           6.1866         23        0.27      1.1       %
   ESolver_KS_LCAO     beforesolver        0.62119        23        0.027     0.11      %
   ESolver_KS_LCAO     set_matrix_grid     0.56186        23        0.024     0.1       %
   Grid_Technique      init                0.36217        23        0.016     0.065     %
   Grid_BigCell        grid_expansion_index0.12188        46        0.0026    0.022     %
   Record_adj          for_2d              0.14046        23        0.0061    0.025     %
   Charge              atomic_rho          0.60111        46        0.013     0.11      %
   PW_Basis            recip2real          1.9282         1080      0.0018    0.34      %
   PW_Basis            gathers_scatterp    0.51436        1080      0.00048   0.092     %
   Potential           init_pot            1.8951         23        0.082     0.34      %
   Potential           update_from_charge  3.4405         157       0.022     0.61      %
   Potential           cal_fixed_v         0.1226         23        0.0053    0.022     %
   PotLocal            cal_fixed_v         0.12126        23        0.0053    0.022     %
   Potential           cal_v_eff           3.3176         157       0.021     0.59      %
   H_Hartree_pw        v_hartree           0.57777        157       0.0037    0.1       %
   PW_Basis            real2recip          1.987          1505      0.0013    0.35      %
   PW_Basis            gatherp_scatters    0.77964        1505      0.00052   0.14      %
   PotXC               cal_v_eff           2.7185         157       0.017     0.49      %
   XC_Functional       v_xc                2.7103         157       0.017     0.48      %
   Symmetry            rhog_symmetry       10.274         157       0.065     1.8       %
   HSolverLCAO         solve               458.91         134       3.4       82        %
   HamiltLCAO          updateHk            94.669         15544     0.0061    17        %
   OperatorLCAO        init                70.176         31088     0.0023    13        %
   Veff                contributeHk        70.028         15544     0.0045    12        %
   Gint_interface      cal_gint            108.33         291       0.37      19        %
   Gint_interface      cal_gint_vlocal     43.888         134       0.33      7.8       %
   Gint_Tools          cal_psir_ylm        6.8846         34572     0.0002    1.2       %
   Gint_k              folding_vl_k        26.117         15544     0.0017    4.7       %
   Gint_k              Distri              21.747         15544     0.0014    3.9       %
   Overlap             contributeHR        0.44874        23        0.02      0.08      %
   LCAO_gen_fixedH     calculate_S_no      0.4487         23        0.02      0.08      %
   Ekin<LCAO>          contributeHR        0.46688        23        0.02      0.083     %
   Nonlocal<LCAO>      contributeHR        5.0759         23        0.22      0.91      %
   LCAO_gen_fixedH     b_NL_mu_new         17.113         46        0.37      3.1       %
   OperatorLCAO        folding_fixed       18.451         15544     0.0012    3.3       %
   LCAO_nnr            folding_fixedH      18.146         15544     0.0012    3.2       %
   HSolverLCAO         hamiltSolvePsiK     291            15544     0.019     52        %
   DiagoElpa           elpa_solve          284.11         15544     0.018     51        %
   ElecStateLCAO       psiToRho            73.209         134       0.55      13        %
   elecstate           cal_dm              13.739         157       0.088     2.5       %
   psiMulPsiMpi        pdgemm              12.523         18212     0.00069   2.2       %
    Local_Orbital_wfc  wfc_2d_to_grid      0.90266        18212     5e-05     0.16      %
   LCAO_Charge         cal_dk_k            25.109         134       0.19      4.5       %
   Gint_interface      cal_gint_rho        36.913         134       0.28      6.6       %
   Force_Stress_LCAO   getForceStress      80.473         23        3.5       14        %
   Forces              cal_force_loc       0.11228        23        0.0049    0.02      %
   Stress_Func         stress_loc          0.12247        23        0.0053    0.022     %
   Stress_Func         stress_gga          0.11943        23        0.0052    0.021     %
   Force_LCAO_k        ftable_k            79.814         23        3.5       14        %
   Force_LCAO_k        allocate_k          19.312         23        0.84      3.4       %
   ORB_gen_tables      snap_psibeta_half   0.25964        37843     6.9e-06   0.046     %
   Force_LCAO_k        cal_foverlap_k      4.9536         23        0.22      0.88      %
   Force_LCAO_k        cal_edm_2d          4.896          23        0.21      0.87      %
   Local_Orbital_Chargecal_dm_R            2.0072         46        0.044     0.36      %
   Force_LCAO_k        cal_fvl_dphi_k      27.526         23        1.2       4.9       %
   Gint_interface      cal_gint_force      27.526         23        1.2       4.9       %
   Gint_Tools          cal_dpsir_ylm       12.577         2967      0.0042    2.2       %
   Gint_Tools          cal_dpsirr_ylm      1.05           2967      0.00035   0.19      %
   Force_LCAO_k        cal_fvnl_dbeta_k_new25.57          23        1.1       4.6       %
 ----------------------------------------------------------------------------------------

 START  Time  : Sun Aug 27 15:16:10 2023
 FINISH Time  : Sun Aug 27 15:25:31 2023
 TOTAL  Time  : 561
 SEE INFORMATION IN : OUT.ABACUS/
