                                                                                     
                              ABACUS v3.3.0

               Atomic-orbital Based Ab-initio Computation at UStc                    

                     Website: http://abacus.ustc.edu.cn/                             
               Documentation: https://abacus.deepmodeling.com/                       
                  Repository: https://github.com/abacusmodeling/abacus-develop       
                              https://github.com/deepmodeling/abacus-develop         
                      Commit: unknown

    Start Time is Sun Aug 27 15:53:23 2023
                                                                                     
 ------------------------------------------------------------------------------------

 READING GENERAL INFORMATION
                           global_out_dir = OUT.ABACUS/
                           global_in_card = INPUT
                               pseudo_dir = 
                              orbital_dir = 
                                    DRANK = 1
                                    DSIZE = 2
                                   DCOLOR = 1
                                    GRANK = 1
                                    GSIZE = 1
 The esolver type has been set to : ksdft_lcao




 >>>>>>>>>>>>>>>>>>>>>>>>>>>>>>>>>>>>>>>>>>>>>>>>>>>>>>>>>>>>>>>>>>>>>>
 |                                                                    |
 | Reading atom information in unitcell:                              |
 | From the input file and the structure file we know the number of   |
 | different elments in this unitcell, then we list the detail        |
 | information for each element, especially the zeta and polar atomic |
 | orbital number for each element. The total atom number is counted. |
 | We calculate the nearest atom distance for each atom and show the  |
 | Cartesian and Direct coordinates for each atom. We list the file   |
 | address for atomic orbitals. The volume and the lattice vectors    |
 | in real and reciprocal space is also shown.                        |
 |                                                                    |
 <<<<<<<<<<<<<<<<<<<<<<<<<<<<<<<<<<<<<<<<<<<<<<<<<<<<<<<<<<<<<<<<<<<<<<




 READING UNITCELL INFORMATION
                                    ntype = 1
                  lattice constant (Bohr) = 1.88973
              lattice constant (Angstrom) = 1

 READING ATOM TYPE 1
                               atom label = C
                      L=0, number of zeta = 2
                      L=1, number of zeta = 2
                      L=2, number of zeta = 1
             number of atom for this type = 2

                        TOTAL ATOM NUMBER = 2

 DIRECT COORDINATES
         atom                   x                   y                   z                 mag                  vx                  vy                  vz
      taud_C1            0.666667            0.333333                 0.5                   0                   0                   0                   0
      taud_C2            0.333333            0.666667                 0.5                   0                   0                   0                   0


                          Volume (Bohr^3) = 436.042
                             Volume (A^3) = 64.6147

 Lattice vectors: (Cartesian coordinate: in unit of a_0)
              +2.4935                  +0                  +0
             -1.24675            +2.15944                  +0
                   +0                  +0                 +12
 Reciprocal vectors: (Cartesian coordinate: in unit of 2 pi/a_0)
            +0.401042           +0.231542                  -0
                   +0           +0.463083                  +0
                   +0                  -0          +0.0833333




 >>>>>>>>>>>>>>>>>>>>>>>>>>>>>>>>>>>>>>>>>>>>>>>>>>>>>>>>>>>>>>>>>>>>>>
 |                                                                    |
 | Reading pseudopotentials files:                                    |
 | The pseudopotential file is in UPF format. The 'NC' indicates that |
 | the type of pseudopotential is 'norm conserving'. Functional of    |
 | exchange and correlation is decided by 4 given parameters in UPF   |
 | file.  We also read in the 'core correction' if there exists.      |
 | Also we can read the valence electrons number and the maximal      |
 | angular momentum used in this pseudopotential. We also read in the |
 | trail wave function, trail atomic density and local-pseudopotential|
 | on logrithmic grid. The non-local pseudopotential projector is also|
 | read in if there is any.                                           |
 |                                                                    |
 <<<<<<<<<<<<<<<<<<<<<<<<<<<<<<<<<<<<<<<<<<<<<<<<<<<<<<<<<<<<<<<<<<<<<<




                PAO radial cut off (Bohr) = 15

 Read in pseudopotential file is ../../C_ONCV_PBE-1.0.upf
                     pseudopotential type = NC
          exchange-correlation functional = PBE
                 nonlocal core correction = 0
                        valence electrons = 4
                                     lmax = 1
                           number of zeta = 0
                     number of projectors = 4
                           L of projector = 0
                           L of projector = 0
                           L of projector = 1
                           L of projector = 1
     initial pseudo atomic orbital number = 0
                                   NLOCAL = 26




 >>>>>>>>>>>>>>>>>>>>>>>>>>>>>>>>>>>>>>>>>>>>>>>>>>>>>>>>>>>>>>>>>>>>>>
 |                                                                    |
 | Setup plane waves of charge/potential:                             |
 | Use the energy cutoff and the lattice vectors to generate the      |
 | dimensions of FFT grid. The number of FFT grid on each processor   |
 | is 'nrxx'. The number of plane wave basis in reciprocal space is   |
 | different for charege/potential and wave functions. We also set    |
 | the 'sticks' for the parallel of FFT. The number of plane waves    |
 | is 'npw' in each processor.                                        |
 <<<<<<<<<<<<<<<<<<<<<<<<<<<<<<<<<<<<<<<<<<<<<<<<<<<<<<<<<<<<<<<<<<<<<<





 SETUP THE PLANE WAVE BASIS
 energy cutoff for charge/potential (unit:Ry) = 400
            fft grid for charge/potential = [ 30, 30, 150 ]
                        fft grid division = [ 5, 5, 3 ]
        big fft grid for charge/potential = [ 6, 6, 50 ]
                                     nbxx = 900
                                     nrxx = 67500

 SETUP PLANE WAVES FOR CHARGE/POTENTIAL
                    number of plane waves = 58687
                         number of sticks = 595

 PARALLEL PW FOR CHARGE/POTENTIAL
     PROC   COLUMNS(POT)             PW
        1            297          29333
        2            298          29354
 --------------- sum -------------------
        2            595          58687
                            number of |g| = 8153
                                  max |g| = 36.175
                                  min |g| = 0

 SETUP THE ELECTRONS NUMBER
             electron number of element C = 4
       total electron number of element C = 8
            AUTOSET number of electrons:  = 8
 DONE : SETUP UNITCELL Time : 0.0422657 (SEC)





 >>>>>>>>>>>>>>>>>>>>>>>>>>>>>>>>>>>>>>>>>>>>>>>>>>>>>>>>>>>>>>>>>>>>>>
 |                                                                    |
 | Doing symmetry analysis:                                           |
 | We calculate the norm of 3 vectors and the angles between them,    |
 | the type of Bravais lattice is given. We can judge if the unticell |
 | is a primitive cell. Finally we give the point group operation for |
 | this unitcell. We use the point group operations to do symmetry |
 | analysis on given k-point mesh and the charge density.             |
 |                                                                    |
 <<<<<<<<<<<<<<<<<<<<<<<<<<<<<<<<<<<<<<<<<<<<<<<<<<<<<<<<<<<<<<<<<<<<<<




 LATTICE VECTORS: (CARTESIAN COORDINATE: IN UNIT OF A0)
              +2.4935                  +0                  +0
             -1.24675            +2.15944                  +0
                   +0                  +0                 +12
                       right hand lattice = 1
                                   NORM_A = 2.4935
                                   NORM_B = 2.4935
                                   NORM_C = 12
                           ALPHA (DEGREE) = 90
                           BETA  (DEGREE) = 90
                           GAMMA (DEGREE) = 120

 The lattice vectors have been changed (STRU_SIMPLE.cif)

(for optimal symmetric configuration:)
                             BRAVAIS TYPE = 4
                     BRAVAIS LATTICE NAME = 04. Hexagonal cell
                                    ibrav = 4
                                    IBRAV = 4
                                  BRAVAIS = HEXAGONAL CELL
                       LATTICE CONSTANT A = 2.4935
                                C/A RATIO = 4.8125
Original cell was already a primitive cell.
                        ROTATION MATRICES = 24
              PURE POINT GROUP OPERATIONS = 24
                   SPACE GROUP OPERATIONS = 24
                                       C2 = 7
                                       C3 = 2
                                       C4 = 0
                                       C6 = 2
                                       S1 = 7
                                       S3 = 2
                                       S4 = 0
                                       S6 = 2
                              POINT GROUP = D_6h
                                       C2 = 7
                                       C3 = 2
                                       C4 = 0
                                       C6 = 2
                                       S1 = 7
                                       S3 = 2
                                       S4 = 0
                                       S6 = 2
               POINT GROUP IN SPACE GROUP = D_6h
 DONE : SYMMETRY Time : 0.110335 (SEC)





 >>>>>>>>>>>>>>>>>>>>>>>>>>>>>>>>>>>>>>>>>>>>>>>>>>>>>>>>>>>>>>>>>>>>>>
 |                                                                    |
 | Setup K-points                                                     |
 | We setup the k-points according to input parameters.               |
 | The reduced k-points are set according to symmetry operations.     |
 | We treat the spin as another set of k-points.                      |
 |                                                                    |
 <<<<<<<<<<<<<<<<<<<<<<<<<<<<<<<<<<<<<<<<<<<<<<<<<<<<<<<<<<<<<<<<<<<<<<





 SETUP K-POINTS
                                    nspin = 1
                   Input type of k points = Monkhorst-Pack(Gamma)
                                   nkstot = 256
                       right hand lattice = 1
(for reciprocal lattice: )
                             BRAVAIS TYPE = 4
                     BRAVAIS LATTICE NAME = 04. Hexagonal cell
                                    ibrav = 4
                       right hand lattice = 1
(for k-lattice: )
                             BRAVAIS TYPE = 4
                     BRAVAIS LATTICE NAME = 04. Hexagonal cell
                                    ibrav = 4
                       right hand lattice = 1
                        ROTATION MATRICES = 24
                               nkstot_ibz = 30
      IBZ             DirectX             DirectY             DirectZ              Weight    ibz2bz
        1                   0                   0                   0          0.00390625         0
        2             -0.0625              0.0625                   0           0.0234375         1
        3              -0.125               0.125                   0           0.0234375         2
        4             -0.1875              0.1875                   0           0.0234375         3
        5               -0.25                0.25                   0           0.0234375         4
        6             -0.3125              0.3125                   0           0.0234375         5
        7              -0.375               0.375                   0           0.0234375         6
        8             -0.4375              0.4375                   0           0.0234375         7
        9                 0.5                 0.5                   0           0.0117188         8
       10              -0.125              0.0625                   0           0.0234375        17
       11             -0.1875               0.125                   0            0.046875        18
       12               -0.25              0.1875                   0            0.046875        19
       13             -0.3125                0.25                   0            0.046875        20
       14              -0.375              0.3125                   0            0.046875        21
       15             -0.4375               0.375                   0            0.046875        22
       16             -0.4375                 0.5                   0            0.046875        23
       17               -0.25               0.125                   0           0.0234375        34
       18             -0.3125              0.1875                   0            0.046875        35
       19              -0.375                0.25                   0            0.046875        36
       20             -0.4375              0.3125                   0            0.046875        37
       21              -0.375                 0.5                   0            0.046875        38
       22             -0.4375             -0.4375                   0           0.0234375        39
       23              -0.375              0.1875                   0           0.0234375        51
       24             -0.4375                0.25                   0            0.046875        52
       25             -0.3125                 0.5                   0            0.046875        53
       26              -0.375             -0.4375                   0            0.046875        54
       27               -0.25                 0.5                   0           0.0234375        68
       28             -0.3125             -0.4375                   0            0.046875        69
       29              -0.375              -0.375                   0           0.0234375        70
       30             -0.3125              -0.375                   0           0.0234375        85
                               nkstot now = 30

  KPOINTS            DIRECT_X            DIRECT_Y            DIRECT_Z              WEIGHT
        1                   0                   0                   0          0.00390625
        2             -0.0625              0.0625                   0           0.0234375
        3              -0.125               0.125                   0           0.0234375
        4             -0.1875              0.1875                   0           0.0234375
        5               -0.25                0.25                   0           0.0234375
        6             -0.3125              0.3125                   0           0.0234375
        7              -0.375               0.375                   0           0.0234375
        8             -0.4375              0.4375                   0           0.0234375
        9                 0.5                 0.5                   0           0.0117188
       10              -0.125              0.0625                   0           0.0234375
       11             -0.1875               0.125                   0            0.046875
       12               -0.25              0.1875                   0            0.046875
       13             -0.3125                0.25                   0            0.046875
       14              -0.375              0.3125                   0            0.046875
       15             -0.4375               0.375                   0            0.046875
       16             -0.4375                 0.5                   0            0.046875
       17               -0.25               0.125                   0           0.0234375
       18             -0.3125              0.1875                   0            0.046875
       19              -0.375                0.25                   0            0.046875
       20             -0.4375              0.3125                   0            0.046875
       21              -0.375                 0.5                   0            0.046875
       22             -0.4375             -0.4375                   0           0.0234375
       23              -0.375              0.1875                   0           0.0234375
       24             -0.4375                0.25                   0            0.046875
       25             -0.3125                 0.5                   0            0.046875
       26              -0.375             -0.4375                   0            0.046875
       27               -0.25                 0.5                   0           0.0234375
       28             -0.3125             -0.4375                   0            0.046875
       29              -0.375              -0.375                   0           0.0234375
       30             -0.3125              -0.375                   0           0.0234375

           k-point number in this process = 30
       minimum distributed K point number = 30

  KPOINTS         CARTESIAN_X         CARTESIAN_Y         CARTESIAN_Z              WEIGHT
        1                   0                   0                   0           0.0078125
        2          -0.0250651           0.0144714                   0            0.046875
        3          -0.0501303           0.0289427                   0            0.046875
        4          -0.0751954           0.0434141                   0            0.046875
        5           -0.100261           0.0578854                   0            0.046875
        6           -0.125326           0.0723568                   0            0.046875
        7           -0.150391           0.0868281                   0            0.046875
        8           -0.175456              0.1013                   0            0.046875
        9            0.200521            0.347313                   0           0.0234375
       10          -0.0501303        -1.16074e-10                   0            0.046875
       11          -0.0751954           0.0144714                   0             0.09375
       12           -0.100261           0.0289427                   0             0.09375
       13           -0.125326           0.0434141                   0             0.09375
       14           -0.150391           0.0578854                   0             0.09375
       15           -0.175456           0.0723568                   0             0.09375
       16           -0.175456            0.130242                   0             0.09375
       17           -0.100261        -2.32146e-10                   0            0.046875
       18           -0.125326           0.0144714                   0             0.09375
       19           -0.150391           0.0289427                   0             0.09375
       20           -0.175456           0.0434141                   0             0.09375
       21           -0.150391            0.144714                   0             0.09375
       22           -0.175456           -0.303899                   0            0.046875
       23           -0.150391        -3.48218e-10                   0            0.046875
       24           -0.175456           0.0144714                   0             0.09375
       25           -0.125326            0.159185                   0             0.09375
       26           -0.150391           -0.289427                   0             0.09375
       27           -0.100261            0.173656                   0            0.046875
       28           -0.125326           -0.274956                   0             0.09375
       29           -0.150391           -0.260484                   0            0.046875
       30           -0.125326           -0.246013                   0            0.046875

  KPOINTS            DIRECT_X            DIRECT_Y            DIRECT_Z              WEIGHT
        1                   0                   0                   0           0.0078125
        2             -0.0625              0.0625                   0            0.046875
        3              -0.125               0.125                   0            0.046875
        4             -0.1875              0.1875                   0            0.046875
        5               -0.25                0.25                   0            0.046875
        6             -0.3125              0.3125                   0            0.046875
        7              -0.375               0.375                   0            0.046875
        8             -0.4375              0.4375                   0            0.046875
        9                 0.5                 0.5                   0           0.0234375
       10              -0.125              0.0625                   0            0.046875
       11             -0.1875               0.125                   0             0.09375
       12               -0.25              0.1875                   0             0.09375
       13             -0.3125                0.25                   0             0.09375
       14              -0.375              0.3125                   0             0.09375
       15             -0.4375               0.375                   0             0.09375
       16             -0.4375                 0.5                   0             0.09375
       17               -0.25               0.125                   0            0.046875
       18             -0.3125              0.1875                   0             0.09375
       19              -0.375                0.25                   0             0.09375
       20             -0.4375              0.3125                   0             0.09375
       21              -0.375                 0.5                   0             0.09375
       22             -0.4375             -0.4375                   0            0.046875
       23              -0.375              0.1875                   0            0.046875
       24             -0.4375                0.25                   0             0.09375
       25             -0.3125                 0.5                   0             0.09375
       26              -0.375             -0.4375                   0             0.09375
       27               -0.25                 0.5                   0            0.046875
       28             -0.3125             -0.4375                   0             0.09375
       29              -0.375              -0.375                   0            0.046875
       30             -0.3125              -0.375                   0            0.046875
 DONE : INIT K-POINTS Time : 0.313259 (SEC)

                           occupied bands = 4
                                   NLOCAL = 26
                                   NBANDS = 14
                                   NBANDS = 14

 READING ORBITAL FILE NAMES FOR LCAO
 orbital file: ../../C_gga_7au_100Ry_2s2p1d.orb




 >>>>>>>>>>>>>>>>>>>>>>>>>>>>>>>>>>>>>>>>>>>>>>>>>>>>>>>>>>>>>>>>>>>>>>
 |                                                                    |
 | Setup numerical orbitals:                                          |
 | This part setup: numerical atomic orbitals, non-local projectors   |
 | and neutral potential (1D). The atomic orbitals information        |
 | including the radius, angular momentum and zeta number.            |
 | The neutral potential is the sum of local part of pseudopotential  |
 | and potential given by atomic charge, they will cancel out beyond  |
 | a certain radius cutoff, because the Z/r character.                |
 |                                                                    |
 <<<<<<<<<<<<<<<<<<<<<<<<<<<<<<<<<<<<<<<<<<<<<<<<<<<<<<<<<<<<<<<<<<<<<<





 SETUP ONE DIMENSIONAL ORBITALS/POTENTIAL
                        delta k  (1/Bohr) = 0.01
                        delta r    (Bohr) = 0.01
                        dr_uniform (Bohr) = 0.001
                        rmax       (Bohr) = 30
                                    kmesh = 1005
      ORBITAL  L  N      nr      dr    RCUT  CHECK_UNIT    NEW_UNIT
            1  0  0     701    0.01       7           1           1
            2  0  1     701    0.01       7           1           1
            3  1  0     701    0.01       7           1           1
            4  1  1     701    0.01       7           1           1
            5  2  0     701    0.01       7           1           1
 SET NONLOCAL PSEUDOPOTENTIAL PROJECTORS
 max number of nonlocal projetors among all species is 4

 SETUP THE TWO-CENTER INTEGRATION TABLES

 Warning_Memory_Consuming allocated:  ORB::Jl(x) 138 MB

 Warning_Memory_Consuming allocated:  ORB::Table_SR&TR 5.36 MB

 SETUP THE DIVISION OF H/S MATRIX
 divide the H&S matrix using 2D block algorithms.
                                     nb2d = 1
                  trace_loc_row dimension = 26
                  trace_loc_col dimension = 26
                                     nloc = 338

 -------------------------------------------
 STEP OF RELAXATION : 1
 -------------------------------------------




 >>>>>>>>>>>>>>>>>>>>>>>>>>>>>>>>>>>>>>>>>>>>>>>>>>>>>>>>>>>>>>>>>>>>>>
 |                                                                    |
 | Search adjacent atoms:                                             |
 | Set the adjacent atoms for each atom and set the periodic boundary |
 | condition for the atoms on real space FFT grid. For k-dependent    |
 | algorithm, we also need to set the sparse H and S matrix element   |
 | for each atom.                                                     |
 |                                                                    |
 <<<<<<<<<<<<<<<<<<<<<<<<<<<<<<<<<<<<<<<<<<<<<<<<<<<<<<<<<<<<<<<<<<<<<<





 SETUP SEARCHING RADIUS FOR PROGRAM TO SEARCH ADJACENT ATOMS
                  longest orb rcut (Bohr) = 7
   longest nonlocal projector rcut (Bohr) = 1.44
              searching radius is (Bohr)) = 16.9
         searching radius unit is (Bohr)) = 1.89

 SETUP EXTENDED REAL SPACE GRID FOR GRID INTEGRATION
                          real space grid = [ 30, 30, 150 ]
                 big cell numbers in grid = [ 6, 6, 50 ]
             meshcell numbers in big cell = [ 5, 5, 3 ]
                        extended fft grid = [ 11, 11, 16 ]
                dimension of extened grid = [ 29, 29, 83 ]
                            UnitCellTotal = 75
              Atom number in sub-FFT-grid = 2
    Local orbitals number in sub-FFT-grid = 26
                                ParaV.nnr = 14365
                                     nnrg = 20618
                                nnrg_last = 0
                                 nnrg_now = 20618
                                 init_chg = atomic
 DONE : INIT SCF Time : 1.12362 (SEC)


 LCAO ALGORITHM --------------- ION=   1  ELEC=   1--------------------------------
--------------AUTO-SET---------------
      Autoset mixing_beta to 0.7
      Autoset mixing_gg0 to 0
-------------------------------------

 Density error is 0.1626371595

       Energy                       Rydberg                            eV
       E_KohnSham                -22.7756968875                -309.879253591
         E_Harris                -22.8645016366                -311.087504188
          E_Fermi               -0.336506934651                -4.57841172777

 LCAO ALGORITHM --------------- ION=   1  ELEC=   2--------------------------------

 Density error is 0.0271719288331

       Energy                       Rydberg                            eV
       E_KohnSham                -22.7962118799                -310.158374382
         E_Harris                -22.0291965732                -299.722595757
          E_Fermi              -0.0584224323135               -0.794877970483

 LCAO ALGORITHM --------------- ION=   1  ELEC=   3--------------------------------

 Density error is 0.00654345826353

       Energy                       Rydberg                            eV
       E_KohnSham                -22.7962216183                -310.158506879
         E_Harris                -22.8161632217                -310.429826313
          E_Fermi               -0.065696904681               -0.893852244624

 LCAO ALGORITHM --------------- ION=   1  ELEC=   4--------------------------------

 Density error is 8.21063926523e-05

       Energy                       Rydberg                            eV
       E_KohnSham                -22.7962220271                -310.158512442
         E_Harris                -22.7957811526                -310.152514036
          E_Fermi              -0.0671252519583               -0.913285906318

 LCAO ALGORITHM --------------- ION=   1  ELEC=   5--------------------------------

 Density error is 5.13263425071e-06

       Energy                       Rydberg                            eV
       E_KohnSham                -22.7962220281                -310.158512455
         E_Harris                -22.7962076821                -310.158317268
          E_Fermi              -0.0671377165396               -0.913455495647

 LCAO ALGORITHM --------------- ION=   1  ELEC=   6--------------------------------

 Density error is 4.91897300354e-07

       Energy                       Rydberg                            eV
       E_KohnSham                 -22.796222028                -310.158512454
         E_Harris                -22.7962126539                -310.158384913
          E_Fermi              -0.0671345486229               -0.913412393929

 LCAO ALGORITHM --------------- ION=   1  ELEC=   7--------------------------------

 Density error is 1.77012368542e-08

       Energy                       Rydberg                            eV
       E_KohnSham                 -22.796222028                -310.158512454
         E_Harris                -22.7962225579                -310.158519664
          E_Fermi              -0.0671348704963               -0.913416773242

 LCAO ALGORITHM --------------- ION=   1  ELEC=   8--------------------------------

 Density error is 4.18570304502e-09

           Energy                       Rydberg                            eV
       E_KohnSham                 -22.796222028                -310.158512454
   E_KS(sigma->0)                -22.7962265611                 -310.15857413
         E_Harris                -22.7962220316                -310.158512502
           E_band                 -6.1732558762                -83.9914551283
       E_one_elec                -114.465954973                -1557.38921464
        E_Hartree                +58.6718854082                +798.271953955
             E_xc                -6.95369607772                -94.6098888172
          E_Ewald                +39.9515300148                 +543.56845202
   E_entropy(-TS)            +1.35994294236e-05             +0.00018502972971
          E_descf                            +0                            +0
            E_exx                            +0                            +0
          E_Fermi              -0.0671348824037               -0.913416935251

 charge density convergence is achieved
 final etot is -310.15851245 eV
 EFERMI = -0.91341693525 eV

 STATE ENERGY(eV) AND OCCUPATIONS    NSPIN == 1
 1/30 kpoint (Cartesian) = 0.0000 0.0000 0.0000 (0 pws)
       1       -20.7291     0.00781250
       2       -8.76280     0.00781250
       3       -4.60471     0.00781250
       4       -4.60471     0.00781250
       5        6.63591   -1.69229e-88
       6        6.63591   -1.69229e-88
       7        9.58949   -2.35439e-88
       8        10.3374   -2.52205e-88
       9        11.8627   -2.86395e-88
      10        12.1364   -2.92531e-88
      11        34.6149   -7.96421e-88
      12        34.6149   -7.96421e-88
      13        34.9321   -8.03532e-88
      14        45.8803   -1.04895e-87

 2/30 kpoint (Cartesian) = -0.025065 0.014471 0.0000 (0 pws)
       1       -20.6393      0.0468750
       2       -8.65703      0.0468750
       3       -4.97171      0.0468750
       4       -4.79302      0.0468750
       5        6.70642   -1.02486e-87
       6        7.02293   -1.06743e-87
       7        9.30054   -1.37377e-87
       8        10.5167   -1.53734e-87
       9        11.9694   -1.73272e-87
      10        12.2525   -1.77080e-87
      11        34.1130   -4.71102e-87
      12        34.3067   -4.73707e-87
      13        34.6865   -4.78816e-87
      14        45.6721   -6.26570e-87

 3/30 kpoint (Cartesian) = -0.050130 0.028943 0.0000 (0 pws)
       1       -20.3702      0.0468750
       2       -8.34104      0.0468750
       3       -5.95817      0.0468750
       4       -5.27993      0.0468750
       5        6.77789   -1.03447e-87
       6        8.09992   -1.21228e-87
       7        8.48076   -1.26351e-87
       8        11.1128   -1.61751e-87
       9        12.2821   -1.77478e-87
      10        12.6112   -1.81905e-87
      11        32.8716   -4.54405e-87
      12        33.4757   -4.62530e-87
      13        34.1410   -4.71479e-87
      14        45.0083   -6.17643e-87

 4/30 kpoint (Cartesian) = -0.075195 0.043414 0.0000 (0 pws)
       1       -19.9232      0.0468750
       2       -7.81937      0.0468750
       3       -7.33312      0.0468750
       4       -5.90751      0.0468750
       5        6.68474   -1.02194e-87
       6        7.24607   -1.09744e-87
       7        9.68802   -1.42588e-87
       8        12.1407   -1.75577e-87
       9        12.7848   -1.84240e-87
      10        13.2464   -1.90448e-87
      11        31.3626   -4.34110e-87
      12        32.3295   -4.47114e-87
      13        33.5766   -4.63887e-87
      14        43.8177   -6.01629e-87

 5/30 kpoint (Cartesian) = -0.10026 0.057885 0.0000 (0 pws)
       1       -19.3009      0.0468750
       2       -8.89623      0.0468750
       3       -7.10199      0.0468750
       4       -6.54030      0.0468750
       5        5.73573   -8.94303e-88
       6        6.45550   -9.91112e-88
       7        11.6069   -1.68398e-87
       8        13.3722   -1.92140e-87
       9        13.5513   -1.94549e-87
      10        14.2183   -2.03520e-87
      11        29.9186   -4.14687e-87
      12        31.0720   -4.30201e-87
      13        32.8876   -4.54621e-87
      14        42.1097   -5.78657e-87

 6/30 kpoint (Cartesian) = -0.12533 0.072357 0.0000 (0 pws)
       1       -18.5087      0.0468750
       2       -10.5126      0.0468750
       3       -7.09155      0.0468750
       4       -6.20997      0.0468750
       5        4.08724   -6.72583e-88
       6        6.18975   -9.55369e-88
       7        13.6803   -1.96285e-87
       8        14.2529   -2.03986e-87
       9        14.9327   -2.13129e-87
      10        15.6179   -2.22345e-87
      11        28.7111   -3.98447e-87
      12        29.7987   -4.13076e-87
      13        31.3206   -4.33545e-87
      14        40.0632   -5.51132e-87

 7/30 kpoint (Cartesian) = -0.15039 0.086828 0.0000 (0 pws)
       1       -17.5575      0.0468750
       2       -12.0940      0.0468750
       3       -7.51121      0.0468750
       4       -5.19347      0.0468750
       5        2.44754   -4.52046e-88
       6        5.96109   -9.24615e-88
       7        15.2266   -2.17082e-87
       8        15.6800   -2.23180e-87
       9        16.2388   -2.30695e-87
      10        17.5646   -2.48527e-87
      11        27.8188   -3.86446e-87
      12        28.3569   -3.93684e-87
      13        28.3664   -3.93810e-87
      14        38.0174   -5.23616e-87

 8/30 kpoint (Cartesian) = -0.17546 0.10130 0.0000 (0 pws)
       1       -16.4812      0.0468750
       2       -13.5631      0.0468750
       3       -7.77191      0.0468750
       4       -4.20159      0.0468750
       5        1.04438   -2.63322e-88
       6        5.81059   -9.04373e-88
       7        16.2494   -2.30838e-87
       8        17.1169   -2.42506e-87
       9        17.2397   -2.44157e-87
      10        20.1587   -2.83418e-87
      11        25.3498   -3.53238e-87
      12        26.2653   -3.65551e-87
      13        27.2752   -3.79135e-87
      14        36.4305   -5.02272e-87

 9/30 kpoint (Cartesian) = 0.20052 0.34731 0.0000 (0 pws)
       1       -15.6509      0.0234375
       2       -14.5265      0.0234375
       3       -7.86015      0.0234375
       4       -3.70330      0.0234375
       5       0.402168   -1.58721e-42
       6        5.75840   -4.48676e-88
       7        16.8606   -1.19529e-87
       8        17.3234   -1.22641e-87
       9        17.8544   -1.26213e-87
      10        23.1987   -1.62153e-87
      11        23.3727   -1.63323e-87
      12        24.0740   -1.68039e-87
      13        27.0930   -1.88342e-87
      14        35.8138   -2.46989e-87

 10/30 kpoint (Cartesian) = -0.050130 -1.1607e-10 0.0000 (0 pws)
       1       -20.4599      0.0468750
       2       -8.44613      0.0468750
       3       -5.60963      0.0468750
       4       -5.16980      0.0468750
       5        6.89878   -1.05073e-87
       6        7.60951   -1.14633e-87
       7        8.74788   -1.29943e-87
       8        10.9293   -1.59284e-87
       9        12.1789   -1.76090e-87
      10        12.4892   -1.80264e-87
      11        33.0798   -4.57205e-87
      12        33.9063   -4.68322e-87
      13        34.2976   -4.73584e-87
      14        45.2443   -6.20817e-87

 11/30 kpoint (Cartesian) = -0.075195 0.014471 0.0000 (0 pws)
       1       -20.1018      0.0937500
       2       -8.02710      0.0937500
       3       -6.71895      0.0937500
       4       -5.79986      0.0937500
       5        7.06421   -2.14597e-87
       6        7.72994   -2.32505e-87
       7        8.64617   -2.57151e-87
       8        11.8669   -3.43787e-87
       9        12.5844   -3.63089e-87
      10        12.9820   -3.73784e-87
      11        31.3835   -8.68780e-87
      12        33.2776   -9.19731e-87
      13        33.7786   -9.33209e-87
      14        44.3205   -1.21678e-86

 12/30 kpoint (Cartesian) = -0.10026 0.028943 0.0000 (0 pws)
       1       -19.5671      0.0937500
       2       -8.13632      0.0937500
       3       -7.40678      0.0937500
       4       -6.48345      0.0937500
       5        6.37594   -1.96082e-87
       6        6.96588   -2.11952e-87
       7        10.1515   -2.97643e-87
       8        13.1462   -3.78201e-87
       9        13.2662   -3.81430e-87
      10        13.7760   -3.95142e-87
      11        29.5695   -8.19983e-87
      12        32.4843   -8.98393e-87
      13        33.2465   -9.18896e-87
      14        42.8171   -1.17634e-86

 13/30 kpoint (Cartesian) = -0.12533 0.043414 0.0000 (0 pws)
       1       -18.8597      0.0937500
       2       -9.69658      0.0937500
       3       -7.10612      0.0937500
       4       -6.59949      0.0937500
       5        4.81858   -1.54190e-87
       6        6.73112   -2.05637e-87
       7        11.9446   -3.45878e-87
       8        13.9067   -3.98657e-87
       9        14.8564   -4.24206e-87
      10        14.9446   -4.26576e-87
      11        27.9661   -7.76855e-87
      12        31.5850   -8.74201e-87
      13        32.2838   -8.92999e-87
      14        40.7690   -1.12125e-86

 14/30 kpoint (Cartesian) = -0.15039 0.057885 0.0000 (0 pws)
       1       -17.9873      0.0937500
       2       -11.2803      0.0937500
       3       -7.60774      0.0937500
       4       -5.63655      0.0937500
       5        3.18891   -1.10352e-87
       6        6.48475   -1.99009e-87
       7        13.8170   -3.96245e-87
       8        14.7992   -4.22666e-87
       9        16.4680   -4.67556e-87
      10        16.5902   -4.70844e-87
      11        26.6990   -7.42768e-87
      12        30.0494   -8.32893e-87
      13        30.5419   -8.46142e-87
      14        38.4622   -1.05920e-86

 15/30 kpoint (Cartesian) = -0.17546 0.072357 0.0000 (0 pws)
       1       -16.9676      0.0937500
       2       -12.8033      0.0937500
       3       -7.95587      0.0937500
       4       -4.60054      0.0937500
       5        1.65215   -6.90132e-88
       6        6.29403   -1.93879e-87
       7        15.4781   -4.40927e-87
       8        15.8193   -4.50107e-87
       9        17.7976   -5.03324e-87
      10        18.8157   -5.30710e-87
      11        25.6836   -7.15455e-87
      12        26.8442   -7.46675e-87
      13        29.1643   -8.09083e-87
      14        36.4441   -1.00491e-86

 16/30 kpoint (Cartesian) = -0.17546 0.13024 0.0000 (0 pws)
       1       -15.8904      0.0937500
       2       -14.1400      0.0937500
       3       -8.13357      0.0937500
       4       -3.76207      0.0937500
       5       0.544229   -4.02192e-51
       6        6.19186   -1.91131e-87
       7        16.2830   -4.62579e-87
       8        17.0505   -4.83226e-87
       9        18.3985   -5.19487e-87
      10        21.5409   -6.04016e-87
      11        24.3275   -6.78975e-87
      12        24.4952   -6.83487e-87
      13        27.7037   -7.69794e-87
      14        35.2288   -9.72219e-87

 17/30 kpoint (Cartesian) = -0.10026 -2.3215e-10 0.0000 (0 pws)
       1       -19.6561      0.0468750
       2       -7.73063      0.0468750
       3       -7.50888      0.0468750
       4       -6.62792      0.0468750
       5        6.60979   -1.01186e-87
       6        7.71208   -1.16012e-87
       7        9.00947   -1.33462e-87
       8        13.0698   -1.88073e-87
       9        13.2666   -1.90720e-87
      10        13.6254   -1.95546e-87
      11        29.2867   -4.06189e-87
      12        33.1600   -4.58284e-87
      13        33.3663   -4.61059e-87
      14        43.0736   -5.91621e-87

 18/30 kpoint (Cartesian) = -0.12533 0.014471 0.0000 (0 pws)
       1       -19.0362      0.0937500
       2       -9.00148      0.0937500
       3       -7.44738      0.0937500
       4       -6.79623      0.0937500
       5        5.24268   -1.65598e-87
       6        7.91168   -2.37393e-87
       7        10.0519   -2.94965e-87
       8        13.7247   -3.93763e-87
       9        14.5935   -4.17134e-87
      10        14.9907   -4.27817e-87
      11        27.2817   -7.58444e-87
      12        32.7721   -9.06133e-87
      13        32.8760   -9.08929e-87
      14        41.1314   -1.13100e-86

 19/30 kpoint (Cartesian) = -0.15039 0.028943 0.0000 (0 pws)
       1       -18.2480      0.0937500
       2       -10.4524      0.0937500
       3       -8.09898      0.0937500
       4       -5.90932      0.0937500
       5        3.73981   -1.25171e-87
       6        7.73801   -2.32722e-87
       7        11.6994   -3.39282e-87
       8        14.5337   -4.15525e-87
       9        15.9645   -4.54013e-87
      10        16.7621   -4.75467e-87
      11        25.6806   -7.15374e-87
      12        31.3727   -8.68491e-87
      13        32.3148   -8.93833e-87
      14        38.5738   -1.06220e-86

 20/30 kpoint (Cartesian) = -0.17546 0.043414 0.0000 (0 pws)
       1       -17.3032      0.0937500
       2       -11.9459      0.0937500
       3       -8.56502      0.0937500
       4       -4.89496      0.0937500
       5        2.22034   -8.42974e-88
       6        7.53149   -2.27166e-87
       7        13.5030   -3.87799e-87
       8        15.4607   -4.40460e-87
       9        17.8109   -5.03680e-87
      10        18.3282   -5.17596e-87
      11        24.5922   -6.86096e-87
      12        28.6708   -7.95811e-87
      13        31.2757   -8.65881e-87
      14        35.9894   -9.92680e-87

 21/30 kpoint (Cartesian) = -0.15039 0.14471 0.0000 (0 pws)
       1       -16.2368      0.0937500
       2       -13.3667      0.0937500
       3       -8.84560      0.0937500
       4       -3.89267      0.0937500
       5       0.884376   -5.20864e-77
       6        7.38728   -2.23287e-87
       7        15.0430   -4.29225e-87
       8        16.4910   -4.68177e-87
       9        19.3026   -5.43807e-87
      10        19.9961   -5.62462e-87
      11        24.0433   -6.71331e-87
      12        25.6928   -7.15702e-87
      13        29.5227   -8.18726e-87
      14        34.1172   -9.42317e-87

 22/30 kpoint (Cartesian) = -0.17546 -0.30390 0.0000 (0 pws)
       1       -15.4173      0.0468750
       2       -14.3081      0.0468750
       3       -8.93936      0.0468750
       4       -3.37571      0.0468750
       5       0.250395   -1.89165e-33
       6        7.33657   -1.10962e-87
       7        15.6259   -2.22452e-87
       8        17.2608   -2.44442e-87
       9        19.4085   -2.73328e-87
      10        21.2802   -2.98502e-87
      11        24.0082   -3.35193e-87
      12        24.3917   -3.40352e-87
      13        28.1657   -3.91111e-87
      14        33.4162   -4.61729e-87

 23/30 kpoint (Cartesian) = -0.15039 -3.4822e-10 0.0000 (0 pws)
       1       -18.3353      0.0468750
       2       -9.97473      0.0468750
       3       -8.48497      0.0468750
       4       -6.00130      0.0468750
       5        3.94744   -6.53781e-88
       6        9.12351   -1.34996e-87
       7        10.0365   -1.47275e-87
       8        14.4438   -2.06554e-87
       9        15.7453   -2.24057e-87
      10        16.8699   -2.39184e-87
      11        25.3038   -3.52620e-87
      12        31.8523   -4.40696e-87
      13        32.9733   -4.55773e-87
      14        38.6866   -5.32616e-87

 24/30 kpoint (Cartesian) = -0.17546 0.014471 0.0000 (0 pws)
       1       -17.4734      0.0937500
       2       -11.1673      0.0937500
       3       -9.27115      0.0937500
       4       -5.04969      0.0937500
       5        2.57273   -9.37767e-88
       6        9.27831   -2.74155e-87
       7        11.3941   -3.31071e-87
       8        15.2886   -4.35831e-87
       9        17.2617   -4.88908e-87
      10        18.6218   -5.25495e-87
      11        23.9536   -6.68918e-87
      12        30.0075   -8.31766e-87
      13        32.5357   -8.99775e-87
      14        35.7883   -9.87268e-87

 25/30 kpoint (Cartesian) = -0.12533 0.15918 0.0000 (0 pws)
       1       -16.4705      0.0937500
       2       -12.4971      0.0937500
       3       -9.74295      0.0937500
       4       -4.01037      0.0937500
       5        1.22484   -5.75186e-88
       6        9.11833   -2.69852e-87
       7        13.2159   -3.80077e-87
       8        16.1740   -4.59647e-87
       9        18.9503   -5.34329e-87
      10        19.9816   -5.62072e-87
      11        23.5386   -6.57754e-87
      12        27.2839   -7.58501e-87
      13        31.2804   -8.66006e-87
      14        33.2203   -9.18190e-87

 26/30 kpoint (Cartesian) = -0.15039 -0.28943 0.0000 (0 pws)
       1       -15.4167      0.0937500
       2       -13.7435      0.0937500
       3       -9.96388      0.0937500
       4       -3.12633      0.0937500
       5       0.176825   -2.75429e-29
       6        9.02147   -2.67247e-87
       7        14.6144   -4.17695e-87
       8        16.9398   -4.80247e-87
       9        19.9860   -5.62190e-87
      10        20.5476   -5.77297e-87
      11        24.4500   -6.82270e-87
      12        25.0729   -6.99028e-87
      13        29.3326   -8.13612e-87
      14        31.7226   -8.77903e-87

 27/30 kpoint (Cartesian) = -0.10026 0.17366 0.0000 (0 pws)
       1       -16.5509      0.0468750
       2       -11.9611      0.0468750
       3       -10.3009      0.0468750
       4       -4.05602      0.0468750
       5        1.36703   -3.06717e-88
       6        11.1437   -1.62167e-87
       7        11.1440   -1.62171e-87
       8        16.0759   -2.28505e-87
       9        18.5787   -2.62167e-87
      10        20.2229   -2.84281e-87
      11        23.3379   -3.26178e-87
      12        28.1272   -3.90593e-87
      13        31.9884   -4.42526e-87
      14        32.8695   -4.54376e-87

 28/30 kpoint (Cartesian) = -0.12533 -0.27496 0.0000 (0 pws)
       1       -15.5184      0.0937500
       2       -12.9773      0.0937500
       3       -10.8945      0.0937500
       4       -3.02179      0.0937500
       5       0.210957   -4.78670e-31
       6        10.9857   -3.20083e-87
       7        13.0293   -3.75055e-87
       8        16.6370   -4.72103e-87
       9        19.2361   -5.42017e-87
      10        21.3252   -5.98213e-87
      11        24.4707   -6.82827e-87
      12        26.1665   -7.28444e-87
      13        30.4735   -8.44302e-87
      14        30.5355   -8.45969e-87

 29/30 kpoint (Cartesian) = -0.15039 -0.26048 0.0000 (0 pws)
       1       -14.7173      0.0468750
       2       -13.8024      0.0468750
       3       -11.0685      0.0468750
       4       -2.39967      0.0468750
       5      -0.450712   -3.91166e-07
       6        10.9320   -1.59320e-87
       7        14.0230   -2.00894e-87
       8        16.7484   -2.37549e-87
       9        19.3315   -2.72292e-87
      10        21.6562   -3.03559e-87
      11        25.3153   -3.52773e-87
      12        25.9665   -3.61533e-87
      13        29.1138   -4.03863e-87
      14        29.4948   -4.08987e-87

 30/30 kpoint (Cartesian) = -0.12533 -0.24601 0.0000 (0 pws)
       1       -14.5280      0.0468750
       2       -13.5585      0.0468750
       3       -11.6657      0.0468750
       4       -2.00432      0.0468750
       5      -0.798878    3.91154e-07
       6        12.4813   -1.80157e-87
       7        13.0926   -1.88380e-87
       8        16.4657   -2.33748e-87
       9        19.0574   -2.68606e-87
      10        22.1629   -3.10374e-87
      11        26.0894   -3.63185e-87
      12        26.6591   -3.70847e-87
      13        28.0440   -3.89475e-87
      14        29.0932   -4.03586e-87

 correction force for each atom along direction 1 is -5.24580e-15
 correction force for each atom along direction 2 is -1.49325e-14
 correction force for each atom along direction 3 is 4.88154e-14

 ><><><><><><><><><><><><><><><><><><><><><><><><><><><><><><><><><><><

    TOTAL-FORCE (eV/Angstrom)

 ><><><><><><><><><><><><><><><><><><><><><><><><><><><><><><><><><><><

     atom              x              y              z
       C1                   0                   0                   0
       C2                   0                   0                   0


 ><><><><><><><><><><><><><><><><><><><><><><><><><><><><><><><><><><><

 TOTAL-STRESS (KBAR)

 ><><><><><><><><><><><><><><><><><><><><><><><><><><><><><><><><><><><

              -40.540536              -0.000000              -0.000000
               -0.000000             -40.540536              -0.000000
               -0.000000              -0.000000              -0.019725
 TOTAL-PRESSURE: -27.033599 KBAR

 Relaxation is converged!


 --------------------------------------------
 !FINAL_ETOT_IS -310.1585124537247680 eV
 --------------------------------------------






  |CLASS_NAME---------|NAME---------------|TIME(Sec)-----|CALLS----|AVG------|PER%-------
                                      total       +3.27077         9     +0.36   +100.00%
                 Driver         driver_line       +3.25422         1     +3.25    +99.49%
            ORB_control      read_orb_first       +0.15308         1     +0.15     +4.68%
          LCAO_Orbitals       Read_Orbitals       +0.15306         1     +0.15     +4.68%
            ORB_control      set_orb_tables       +0.53310         1     +0.53    +16.30%
         ORB_gen_tables          gen_tables       +0.53309         1     +0.53    +16.30%
         ORB_table_beta     init_Table_Beta       +0.16109         1     +0.16     +4.93%
         ORB_table_beta       VNL_PhiBeta_R       +0.16019        26     +0.01     +4.90%
                   Ions            opt_ions       +2.22678         1     +2.23    +68.08%
        ESolver_KS_LCAO                 Run       +1.79159         1     +1.79    +54.78%
              Potential  update_from_charge       +0.19826         9     +0.02     +6.06%
              Potential           cal_v_eff       +0.19471         9     +0.02     +5.95%
                  PotXC           cal_v_eff       +0.15867         9     +0.02     +4.85%
          XC_Functional                v_xc       +0.15791         9     +0.02     +4.83%
            HSolverLCAO               solve       +1.31684         8     +0.16    +40.26%
             HamiltLCAO            updateHk       +0.39905       240     +0.00    +12.20%
           OperatorLCAO                init       +0.34341       480     +0.00    +10.50%
                   Veff        contributeHk       +0.34168       240     +0.00    +10.45%
         Gint_interface            cal_gint       +0.64940        17     +0.04    +19.85%
         Gint_interface     cal_gint_vlocal       +0.25981         8     +0.03     +7.94%
            HSolverLCAO     hamiltSolvePsiK       +0.61261       240     +0.00    +18.73%
              DiagoElpa          elpa_solve       +0.50965       240     +0.00    +15.58%
          ElecStateLCAO            psiToRho       +0.30468         8     +0.04     +9.32%
         Gint_interface        cal_gint_rho       +0.19881         8     +0.02     +6.08%
      Force_Stress_LCAO      getForceStress       +0.43421         1     +0.43    +13.28%
           Force_LCAO_k            ftable_k       +0.39914         1     +0.40    +12.20%
           Force_LCAO_k      cal_fvl_dphi_k       +0.19078         1     +0.19     +5.83%
         Gint_interface      cal_gint_force       +0.19078         1     +0.19     +5.83%
             Gint_Tools       cal_dpsir_ylm       +0.13348        38     +0.00     +4.08%
 ----------------------------------------------------------------------------------------

 NAME---------------|MEMORY(MB)--------
               total      +331.3035
          ORB::Jl(x)      +276.4915
    ORB::Table_SR&TR       +10.7193
        ChgMix::Rrho        +8.2397
       ChgMix::dRrho        +7.2098
        ChgMix::drho        +7.2098
           FFT::grid        +4.1199
       ORB::Table_NR        +2.5879
         Stress::dSR        +1.3152
            Chg::rho        +1.0300
       Chg::rho_save        +1.0300
       Chg::rho_core        +1.0300
       Pot::veff_fix        +1.0300
           Pot::veff        +1.0300
   ChgMix::rho_save2        +1.0300
 -------------   < 1.0 MB has been ignored ----------------
 ----------------------------------------------------------

 Start  Time  : Sun Aug 27 15:53:23 2023
 Finish Time  : Sun Aug 27 15:53:26 2023
 Total  Time  : 0 h 0 mins 3 secs 
