 In SCAN_BEGIN, can't find: LATTICE_PARAMETERS block.
 In SCAN_BEGIN, can't find: <PP_MESH block.
 AUTO_SET NBANDS to 0
 AUTO_SET NBANDS to 26
      Processor           Atom
              1             54
              2             54
                            startmag_type = 2
                       charge from rho_at = 3.99303
                         charge should be = 4

 SETUP ATOMIC RHO FOR SPIN 1
                 Electron number from rho = 32
           total electron number from rho = 32
                                should be = 32
                 charge before normalized = 32
                  charge after normalized = 32
                 charge before normalized = 32.0001095314067
                  charge after normalized = 32
                 charge before normalized = 32.0001501838453
                  charge after normalized = 32
                 charge before normalized = 32.0001563948834
                  charge after normalized = 32
                 charge before normalized = 32.0001561996687
                  charge after normalized = 32
                 charge before normalized = 32.000156171335
                  charge after normalized = 31.9999999999999
                 charge before normalized = 32.0001561753819
                  charge after normalized = 32
                 charge before normalized = 32.0001561781832
                  charge after normalized = 32
                 charge before normalized = 32.0001561776256
                  charge after normalized = 32.0000000000001
                 charge before normalized = 32.0001561776142
                  charge after normalized = 32
                 charge before normalized = 32.0001561776273
                  charge after normalized = 32
                            startmag_type = 2
                       charge from rho_at = 3.99303358802096
                         charge should be = 4

 SETUP ATOMIC RHO FOR SPIN 1
                 Electron number from rho = 32
           total electron number from rho = 32
                                should be = 32
                            startmag_type = 2
                       charge from rho_at = 3.99303358802096
                         charge should be = 4

 SETUP ATOMIC RHO FOR SPIN 1
                 Electron number from rho = 32
           total electron number from rho = 32
                                should be = 32
      Processor           Atom
              1             54
              2             54
                 charge before normalized = 32
                  charge after normalized = 32
                 charge before normalized = 32.0001561973416
                  charge after normalized = 31.9999999999999
                 charge before normalized = 32.0001561958142
                  charge after normalized = 32.0000000000001
                 charge before normalized = 32.0001561958341
                  charge after normalized = 32
                 charge before normalized = 32.0001561958431
                  charge after normalized = 31.9999999999999
                 charge before normalized = 32.0001561958489
                  charge after normalized = 32
                 charge before normalized = 32.0001561958461
                  charge after normalized = 32.0000000000002
                 charge before normalized = 32.0001561958464
                  charge after normalized = 32
                 charge before normalized = 32.0001561958464
                  charge after normalized = 32.0000000000002
                            startmag_type = 2
                       charge from rho_at = 3.99303358802096
                         charge should be = 4

 SETUP ATOMIC RHO FOR SPIN 1
                 Electron number from rho = 32
           total electron number from rho = 32
                                should be = 32
                            startmag_type = 2
                       charge from rho_at = 3.99303358802096
                         charge should be = 4

 SETUP ATOMIC RHO FOR SPIN 1
                 Electron number from rho = 32
           total electron number from rho = 32
                                should be = 32
      Processor           Atom
              1             54
              2             54
                 charge before normalized = 32.0000000000001
                  charge after normalized = 32
                 charge before normalized = 32.0001561779847
                  charge after normalized = 32
                 charge before normalized = 32.0001561791868
                  charge after normalized = 32
                 charge before normalized = 32.0001561791963
                  charge after normalized = 31.9999999999999
                 charge before normalized = 32.0001561791889
                  charge after normalized = 32
                 charge before normalized = 32.0001561791846
                  charge after normalized = 32
                 charge before normalized = 32.0001561791863
                  charge after normalized = 31.9999999999999
                 charge before normalized = 32.0001561791863
                  charge after normalized = 32
                            startmag_type = 2
                       charge from rho_at = 3.99303358802096
                         charge should be = 4

 SETUP ATOMIC RHO FOR SPIN 1
                 Electron number from rho = 32
           total electron number from rho = 32
                                should be = 32
                            startmag_type = 2
                       charge from rho_at = 3.99303358802096
                         charge should be = 4

 SETUP ATOMIC RHO FOR SPIN 1
                 Electron number from rho = 32.0000000000001
           total electron number from rho = 32.0000000000001
                                should be = 32
      Processor           Atom
              1             54
              2             54
                 charge before normalized = 31.9999999999999
                  charge after normalized = 32
                 charge before normalized = 32.0001561820294
                  charge after normalized = 32
                 charge before normalized = 32.0001561819085
                  charge after normalized = 31.9999999999999
                 charge before normalized = 32.0001561819082
                  charge after normalized = 31.9999999999999
                 charge before normalized = 32.0001561819072
                  charge after normalized = 32
                 charge before normalized = 32.0001561819082
                  charge after normalized = 32
                 charge before normalized = 32.000156181908
                  charge after normalized = 31.9999999999999
                            startmag_type = 2
                       charge from rho_at = 3.99303358802096
                         charge should be = 4

 SETUP ATOMIC RHO FOR SPIN 1
                 Electron number from rho = 32.0000000000001
           total electron number from rho = 32.0000000000001
                                should be = 32
                            startmag_type = 2
                       charge from rho_at = 3.99303358802096
                         charge should be = 4

 SETUP ATOMIC RHO FOR SPIN 1
                 Electron number from rho = 32
           total electron number from rho = 32
                                should be = 32
      Processor           Atom
              1             54
              2             54
                 charge before normalized = 32.0000000000001
                  charge after normalized = 32
                 charge before normalized = 32.0001561946142
                  charge after normalized = 32.0000000000001
                 charge before normalized = 32.0001561942543
                  charge after normalized = 32
                 charge before normalized = 32.0001561942539
                  charge after normalized = 32
                 charge before normalized = 32.0001561942508
                  charge after normalized = 32.0000000000001
                 charge before normalized = 32.0001561942537
                  charge after normalized = 32
                 charge before normalized = 32.0001561942533
                  charge after normalized = 32
                 charge before normalized = 32.0001561942533
                  charge after normalized = 31.9999999999999
                            startmag_type = 2
                       charge from rho_at = 3.99303358802096
                         charge should be = 4

 SETUP ATOMIC RHO FOR SPIN 1
                 Electron number from rho = 32
           total electron number from rho = 32
                                should be = 32
                            startmag_type = 2
                       charge from rho_at = 3.99303358802096
                         charge should be = 4

 SETUP ATOMIC RHO FOR SPIN 1
                 Electron number from rho = 32.0000000000001
           total electron number from rho = 32.0000000000001
                                should be = 32
      Processor           Atom
              1             54
              2             54
                 charge before normalized = 31.9999999999999
                  charge after normalized = 32
                 charge before normalized = 32.0001561926439
                  charge after normalized = 32
                 charge before normalized = 32.0001561926455
                  charge after normalized = 32.0000000000001
                 charge before normalized = 32.0001561926325
                  charge after normalized = 32.0000000000001
                 charge before normalized = 32.0001561926285
                  charge after normalized = 32.0000000000001
                 charge before normalized = 32.0001561926279
                  charge after normalized = 32
                 charge before normalized = 32.0001561926283
                  charge after normalized = 31.9999999999999
                            startmag_type = 2
                       charge from rho_at = 3.99303358802096
                         charge should be = 4

 SETUP ATOMIC RHO FOR SPIN 1
                 Electron number from rho = 32.0000000000001
           total electron number from rho = 32.0000000000001
                                should be = 32
                            startmag_type = 2
                       charge from rho_at = 3.99303358802096
                         charge should be = 4

 SETUP ATOMIC RHO FOR SPIN 1
                 Electron number from rho = 32
           total electron number from rho = 32
                                should be = 32
      Processor           Atom
              1             54
              2             54
                 charge before normalized = 32
                  charge after normalized = 32
                 charge before normalized = 32.0001561941278
                  charge after normalized = 32
                 charge before normalized = 32.000156194128
                  charge after normalized = 32.0000000000001
                 charge before normalized = 32.0001561940749
                  charge after normalized = 31.9999999999999
                 charge before normalized = 32.000156194059
                  charge after normalized = 32
                 charge before normalized = 32.0001561940571
                  charge after normalized = 32
                 charge before normalized = 32.0001561940584
                  charge after normalized = 32
                 charge before normalized = 32.0001561940584
                  charge after normalized = 32
                            startmag_type = 2
                       charge from rho_at = 3.99303358802096
                         charge should be = 4

 SETUP ATOMIC RHO FOR SPIN 1
                 Electron number from rho = 32
           total electron number from rho = 32
                                should be = 32
                            startmag_type = 2
                       charge from rho_at = 3.99303358802096
                         charge should be = 4

 SETUP ATOMIC RHO FOR SPIN 1
                 Electron number from rho = 32
           total electron number from rho = 32
                                should be = 32
      Processor           Atom
              1             54
              2             54
                 charge before normalized = 31.9999999999999
                  charge after normalized = 32
                 charge before normalized = 32.0001561939878
                  charge after normalized = 32.0000000000001
                 charge before normalized = 32.0001561940053
                  charge after normalized = 32
                 charge before normalized = 32.0001561940035
                  charge after normalized = 32.0000000000001
                 charge before normalized = 32.0001561940035
                  charge after normalized = 32.0000000000001
                 charge before normalized = 32.0001561940034
                  charge after normalized = 32
                            startmag_type = 2
                       charge from rho_at = 3.99303358802096
                         charge should be = 4

 SETUP ATOMIC RHO FOR SPIN 1
                 Electron number from rho = 32
           total electron number from rho = 32
                                should be = 32
                            startmag_type = 2
                       charge from rho_at = 3.99303358802096
                         charge should be = 4

 SETUP ATOMIC RHO FOR SPIN 1
                 Electron number from rho = 32.0000000000001
           total electron number from rho = 32.0000000000001
                                should be = 32
      Processor           Atom
              1             54
              2             54
                 charge before normalized = 31.9999999999999
                  charge after normalized = 32
                 charge before normalized = 32.0001561935833
                  charge after normalized = 32.0000000000001
                 charge before normalized = 32.000156193636
                  charge after normalized = 31.9999999999999
                 charge before normalized = 32.0001561936307
                  charge after normalized = 31.9999999999999
                 charge before normalized = 32.0001561936305
                  charge after normalized = 32
                 charge before normalized = 32.0001561936301
                  charge after normalized = 32.0000000000001
                            startmag_type = 2
                       charge from rho_at = 3.99303358802096
                         charge should be = 4

 SETUP ATOMIC RHO FOR SPIN 1
                 Electron number from rho = 32.0000000000001
           total electron number from rho = 32.0000000000001
                                should be = 32
                            startmag_type = 2
                       charge from rho_at = 3.99303358802096
                         charge should be = 4

 SETUP ATOMIC RHO FOR SPIN 1
                 Electron number from rho = 32.0000000000001
           total electron number from rho = 32.0000000000001
                                should be = 32
      Processor           Atom
              1             54
              2             54
                 charge before normalized = 31.9999999999999
                  charge after normalized = 32
                 charge before normalized = 32.0001561936144
                  charge after normalized = 32.0000000000002
                 charge before normalized = 32.00015619362
                  charge after normalized = 32
                 charge before normalized = 32.0001561936179
                  charge after normalized = 31.9999999999999
                 charge before normalized = 32.0001561936174
                  charge after normalized = 32.0000000000001
                 charge before normalized = 32.0001561936174
                  charge after normalized = 32
                            startmag_type = 2
                       charge from rho_at = 3.99303358802096
                         charge should be = 4

 SETUP ATOMIC RHO FOR SPIN 1
                 Electron number from rho = 32.0000000000001
           total electron number from rho = 32.0000000000001
                                should be = 32
                            startmag_type = 2
                       charge from rho_at = 3.99303358802096
                         charge should be = 4

 SETUP ATOMIC RHO FOR SPIN 1
                 Electron number from rho = 32
           total electron number from rho = 32
                                should be = 32
      Processor           Atom
              1             54
              2             54
                 charge before normalized = 32.0000000000002
                  charge after normalized = 32
                 charge before normalized = 32.0001561934573
                  charge after normalized = 32.0000000000001
                 charge before normalized = 32.0001561934737
                  charge after normalized = 32.0000000000001
                 charge before normalized = 32.0001561934672
                  charge after normalized = 31.9999999999999
                 charge before normalized = 32.0001561934662
                  charge after normalized = 32
                 charge before normalized = 32.0001561934661
                  charge after normalized = 32
                 charge before normalized = 32.0001561934662
                  charge after normalized = 32
                            startmag_type = 2
                       charge from rho_at = 3.99303358802096
                         charge should be = 4

 SETUP ATOMIC RHO FOR SPIN 1
                 Electron number from rho = 32
           total electron number from rho = 32
                                should be = 32
                            startmag_type = 2
                       charge from rho_at = 3.99303358802096
                         charge should be = 4

 SETUP ATOMIC RHO FOR SPIN 1
                 Electron number from rho = 32
           total electron number from rho = 32
                                should be = 32
      Processor           Atom
              1             54
              2             54
                 charge before normalized = 32
                  charge after normalized = 32
                 charge before normalized = 32.0001561933307
                  charge after normalized = 32.0000000000001
                 charge before normalized = 32.0001561933393
                  charge after normalized = 32.0000000000002
                 charge before normalized = 32.0001561933381
                  charge after normalized = 31.9999999999999
                 charge before normalized = 32.000156193338
                  charge after normalized = 32
                 charge before normalized = 32.000156193338
                  charge after normalized = 32
                            startmag_type = 2
                       charge from rho_at = 3.99303358802096
                         charge should be = 4

 SETUP ATOMIC RHO FOR SPIN 1
                 Electron number from rho = 32
           total electron number from rho = 32
                                should be = 32
                            startmag_type = 2
                       charge from rho_at = 3.99303358802096
                         charge should be = 4

 SETUP ATOMIC RHO FOR SPIN 1
                 Electron number from rho = 32.0000000000001
           total electron number from rho = 32.0000000000001
                                should be = 32
      Processor           Atom
              1             54
              2             54
                 charge before normalized = 31.9999999999998
                  charge after normalized = 32
                 charge before normalized = 32.0001561929025
                  charge after normalized = 32
                 charge before normalized = 32.0001561929286
                  charge after normalized = 32
                 charge before normalized = 32.0001561929247
                  charge after normalized = 32.0000000000001
                 charge before normalized = 32.0001561929245
                  charge after normalized = 32
                 charge before normalized = 32.0001561929244
                  charge after normalized = 32
                            startmag_type = 2
                       charge from rho_at = 3.99303358802096
                         charge should be = 4

 SETUP ATOMIC RHO FOR SPIN 1
                 Electron number from rho = 32.0000000000001
           total electron number from rho = 32.0000000000001
                                should be = 32
                            startmag_type = 2
                       charge from rho_at = 3.99303358802096
                         charge should be = 4

 SETUP ATOMIC RHO FOR SPIN 1
                 Electron number from rho = 32
           total electron number from rho = 32
                                should be = 32
      Processor           Atom
              1             54
              2             54
                 charge before normalized = 32
                  charge after normalized = 32
                 charge before normalized = 32.0001561926736
                  charge after normalized = 31.9999999999999
                 charge before normalized = 32.0001561926859
                  charge after normalized = 32
                 charge before normalized = 32.0001561926848
                  charge after normalized = 31.9999999999999
                 charge before normalized = 32.0001561926845
                  charge after normalized = 32
                 charge before normalized = 32.0001561926845
                  charge after normalized = 32
                            startmag_type = 2
                       charge from rho_at = 3.99303358802096
                         charge should be = 4

 SETUP ATOMIC RHO FOR SPIN 1
                 Electron number from rho = 32
           total electron number from rho = 32
                                should be = 32
                            startmag_type = 2
                       charge from rho_at = 3.99303358802096
                         charge should be = 4

 SETUP ATOMIC RHO FOR SPIN 1
                 Electron number from rho = 32
           total electron number from rho = 32
                                should be = 32
      Processor           Atom
              1             54
              2             54
                 charge before normalized = 32
                  charge after normalized = 32
                 charge before normalized = 32.0001561918665
                  charge after normalized = 32
                 charge before normalized = 32.0001561919036
                  charge after normalized = 31.9999999999999
                 charge before normalized = 32.0001561919003
                  charge after normalized = 32
                 charge before normalized = 32.0001561918995
                  charge after normalized = 32
                 charge before normalized = 32.0001561918993
                  charge after normalized = 32.0000000000001
                            startmag_type = 2
                       charge from rho_at = 3.99303358802096
                         charge should be = 4

 SETUP ATOMIC RHO FOR SPIN 1
                 Electron number from rho = 32
           total electron number from rho = 32
                                should be = 32
                            startmag_type = 2
                       charge from rho_at = 3.99303358802096
                         charge should be = 4

 SETUP ATOMIC RHO FOR SPIN 1
                 Electron number from rho = 32
           total electron number from rho = 32
                                should be = 32
      Processor           Atom
              1             54
              2             54
                 charge before normalized = 32
                  charge after normalized = 32
                 charge before normalized = 32.0001561914901
                  charge after normalized = 32
                 charge before normalized = 32.0001561915084
                  charge after normalized = 31.9999999999999
                 charge before normalized = 32.0001561915089
                  charge after normalized = 31.9999999999999
                 charge before normalized = 32.0001561915086
                  charge after normalized = 32.0000000000001
                 charge before normalized = 32.0001561915087
                  charge after normalized = 32
                            startmag_type = 2
                       charge from rho_at = 3.99303358802096
                         charge should be = 4

 SETUP ATOMIC RHO FOR SPIN 1
                 Electron number from rho = 32
           total electron number from rho = 32
                                should be = 32
                            startmag_type = 2
                       charge from rho_at = 3.99303358802096
                         charge should be = 4

 SETUP ATOMIC RHO FOR SPIN 1
                 Electron number from rho = 32
           total electron number from rho = 32
                                should be = 32
      Processor           Atom
              1             54
              2             54
                 charge before normalized = 32
                  charge after normalized = 32
                 charge before normalized = 32.0001561902548
                  charge after normalized = 31.9999999999999
                 charge before normalized = 32.0001561903094
                  charge after normalized = 32
                 charge before normalized = 32.0001561903109
                  charge after normalized = 32.0000000000001
                 charge before normalized = 32.0001561903103
                  charge after normalized = 32
                 charge before normalized = 32.0001561903102
                  charge after normalized = 32
                 charge before normalized = 32.0001561903103
                  charge after normalized = 32
                            startmag_type = 2
                       charge from rho_at = 3.99303358802096
                         charge should be = 4

 SETUP ATOMIC RHO FOR SPIN 1
                 Electron number from rho = 32
           total electron number from rho = 32
                                should be = 32
                            startmag_type = 2
                       charge from rho_at = 3.99303358802096
                         charge should be = 4

 SETUP ATOMIC RHO FOR SPIN 1
                 Electron number from rho = 32.0000000000001
           total electron number from rho = 32.0000000000001
                                should be = 32
      Processor           Atom
              1             54
              2             54
                 charge before normalized = 31.9999999999999
                  charge after normalized = 32
                 charge before normalized = 32.0001561899853
                  charge after normalized = 31.9999999999998
                 charge before normalized = 32.0001561900007
                  charge after normalized = 31.9999999999999
                 charge before normalized = 32.0001561899998
                  charge after normalized = 31.9999999999999
                 charge before normalized = 32.0001561899996
                  charge after normalized = 32
                 charge before normalized = 32.0001561899995
                  charge after normalized = 32
                            startmag_type = 2
                       charge from rho_at = 3.99303358802096
                         charge should be = 4

 SETUP ATOMIC RHO FOR SPIN 1
                 Electron number from rho = 32.0000000000001
           total electron number from rho = 32.0000000000001
                                should be = 32
                            startmag_type = 2
                       charge from rho_at = 3.99303358802096
                         charge should be = 4

 SETUP ATOMIC RHO FOR SPIN 1
                 Electron number from rho = 32
           total electron number from rho = 32
                                should be = 32
      Processor           Atom
              1             54
              2             54
                 charge before normalized = 32
                  charge after normalized = 32
                 charge before normalized = 32.0001561891141
                  charge after normalized = 32
                 charge before normalized = 32.0001561891603
                  charge after normalized = 32
                 charge before normalized = 32.0001561891579
                  charge after normalized = 32
                 charge before normalized = 32.0001561891571
                  charge after normalized = 32
                 charge before normalized = 32.000156189157
                  charge after normalized = 32
                            startmag_type = 2
                       charge from rho_at = 3.99303358802096
                         charge should be = 4

 SETUP ATOMIC RHO FOR SPIN 1
                 Electron number from rho = 32
           total electron number from rho = 32
                                should be = 32
                            startmag_type = 2
                       charge from rho_at = 3.99303358802096
                         charge should be = 4

 SETUP ATOMIC RHO FOR SPIN 1
                 Electron number from rho = 32.0000000000001
           total electron number from rho = 32.0000000000001
                                should be = 32
      Processor           Atom
              1             54
              2             54
                 charge before normalized = 31.9999999999999
                  charge after normalized = 32
                 charge before normalized = 32.0001561888471
                  charge after normalized = 31.9999999999999
                 charge before normalized = 32.0001561888632
                  charge after normalized = 31.9999999999999
                 charge before normalized = 32.0001561888648
                  charge after normalized = 32
                 charge before normalized = 32.0001561888648
                  charge after normalized = 31.9999999999999
                 charge before normalized = 32.0001561888647
                  charge after normalized = 32
                            startmag_type = 2
                       charge from rho_at = 3.99303358802096
                         charge should be = 4

 SETUP ATOMIC RHO FOR SPIN 1
                 Electron number from rho = 32.0000000000001
           total electron number from rho = 32.0000000000001
                                should be = 32
                            startmag_type = 2
                       charge from rho_at = 3.99303358802096
                         charge should be = 4

 SETUP ATOMIC RHO FOR SPIN 1
                 Electron number from rho = 32
           total electron number from rho = 32
                                should be = 32
      Processor           Atom
              1             54
              2             54
                 charge before normalized = 32
                  charge after normalized = 32
                 charge before normalized = 32.0001561883222
                  charge after normalized = 32
                 charge before normalized = 32.0001561883513
                  charge after normalized = 32
                 charge before normalized = 32.0001561883543
                  charge after normalized = 32
                 charge before normalized = 32.0001561883541
                  charge after normalized = 32
                 charge before normalized = 32.000156188354
                  charge after normalized = 32.0000000000001
                 charge before normalized = 32.000156188354
                  charge after normalized = 32
                            startmag_type = 2
                       charge from rho_at = 3.99303358802096
                         charge should be = 4

 SETUP ATOMIC RHO FOR SPIN 1
                 Electron number from rho = 32
           total electron number from rho = 32
                                should be = 32
                            startmag_type = 2
                       charge from rho_at = 3.99303358802096
                         charge should be = 4

 SETUP ATOMIC RHO FOR SPIN 1
                 Electron number from rho = 32
           total electron number from rho = 32
                                should be = 32
      Processor           Atom
              1             54
              2             54
                 charge before normalized = 32.0000000000001
                  charge after normalized = 32
                 charge before normalized = 32.0001561881282
                  charge after normalized = 32.0000000000001
                 charge before normalized = 32.0001561881422
                  charge after normalized = 32
                 charge before normalized = 32.0001561881421
                  charge after normalized = 32
                 charge before normalized = 32.0001561881418
                  charge after normalized = 31.9999999999999
                 charge before normalized = 32.0001561881417
                  charge after normalized = 32.0000000000001
                            startmag_type = 2
                       charge from rho_at = 3.99303358802096
                         charge should be = 4

 SETUP ATOMIC RHO FOR SPIN 1
                 Electron number from rho = 32
           total electron number from rho = 32
                                should be = 32
                            startmag_type = 2
                       charge from rho_at = 3.99303358802096
                         charge should be = 4

 SETUP ATOMIC RHO FOR SPIN 1
                 Electron number from rho = 32
           total electron number from rho = 32
                                should be = 32
      Processor           Atom
              1             54
              2             54
                 charge before normalized = 32
                  charge after normalized = 32
                 charge before normalized = 32.0001561877819
                  charge after normalized = 31.9999999999998
                 charge before normalized = 32.0001561878046
                  charge after normalized = 31.9999999999999
                 charge before normalized = 32.0001561878042
                  charge after normalized = 31.9999999999999
                 charge before normalized = 32.0001561878038
                  charge after normalized = 32.0000000000001
                 charge before normalized = 32.0001561878037
                  charge after normalized = 32.0000000000001
                            startmag_type = 2
                       charge from rho_at = 3.99303358802096
                         charge should be = 4

 SETUP ATOMIC RHO FOR SPIN 1
                 Electron number from rho = 32
           total electron number from rho = 32
                                should be = 32
