                                                                                     
                              ABACUS v3.3.0

               Atomic-orbital Based Ab-initio Computation at UStc                    

                     Website: http://abacus.ustc.edu.cn/                             
               Documentation: https://abacus.deepmodeling.com/                       
                  Repository: https://github.com/abacusmodeling/abacus-develop       
                              https://github.com/deepmodeling/abacus-develop         
                      Commit: unknown

 Sun Aug 27 14:57:39 2023
 MAKE THE DIR         : OUT.ABACUS/
 UNIFORM GRID DIM     : 45 * 45 * 45
 UNIFORM GRID DIM(BIG): 15 * 15 * 15
 DONE(0.0359606  SEC) : SETUP UNITCELL
 DONE(0.168606   SEC) : SYMMETRY
 DONE(0.3758     SEC) : INIT K-POINTS
 ---------------------------------------------------------
 Ion relaxation calculations
 ---------------------------------------------------------
 SPIN    KPOINTS         PROCESSORS  NBASE       
 1       126             2           104         
 ---------------------------------------------------------
 Use Systematically Improvable Atomic bases
 ---------------------------------------------------------
 ELEMENT ORBITALS        NBASE       NATOM       XC          
 C       2s2p1d-7au      13          8           
 ---------------------------------------------------------
 Initial plane wave basis and FFT box
 ---------------------------------------------------------
 -------------------------------------------
 STEP OF RELAXATION : 1
 -------------------------------------------
 START CHARGE      : atomic
 DONE(1.17656    SEC) : INIT SCF
 ITER   ETOT(eV)       EDIFF(eV)      DRHO       TIME(s)    
 GE1    -1.239477e+03  0.000000e+00   1.476e-01  3.967e+00  
 GE2    -1.239784e+03  -3.076657e-01  2.759e-02  3.521e+00  
 GE3    -1.239790e+03  -6.130894e-03  4.207e-03  3.538e+00  
 GE4    -1.239790e+03  -1.420413e-05  7.717e-05  3.515e+00  
 GE5    -1.239790e+03  -1.959621e-07  2.196e-05  3.570e+00  
 GE6    -1.239790e+03  7.294463e-09   1.027e-05  3.516e+00  
 GE7    -1.239790e+03  9.857298e-09   2.916e-07  3.529e+00  
 GE8    -1.239790e+03  2.136502e-10   4.369e-07  3.547e+00  
 GE9    -1.239790e+03  -4.572694e-10  5.748e-08  3.579e+00  
 GE10   -1.239790e+03  -6.399839e-11  2.277e-09  3.553e+00  
 ><><><><><><><><><><><><><><><><><><><><><><
 TOTAL-STRESS (KBAR):
 ><><><><><><><><><><><><><><><><><><><><><><
 -9.673e+01     0.000e+00      -1.244e-15     
 0.000e+00      -9.673e+01     0.000e+00      
 -1.244e-15     0.000e+00      -4.788e+00     
 TOTAL-PRESSURE: -6.609e+01 KBAR
 ETOT DIFF (eV)       : 0.000e+00
 LARGEST GRAD (eV/A)  : 7.350e-04

  |CLASS_NAME---------|NAME---------------|TIME(Sec)-----|CALLS----|AVG------|PER%-------
                       total               40.193         9         4.5       1e+02     %
   Driver              driver_line         40.176         1         40        1e+02     %
   ORB_control         set_orb_tables      0.46818        1         0.47      1.2       %
   ORB_gen_tables      gen_tables          0.46817        1         0.47      1.2       %
   ORB_table_beta      init_Table_Beta     0.12048        1         0.12      0.3       %
   ORB_table_beta      VNL_PhiBeta_R       0.11963        26        0.0046    0.3       %
   Ions                opt_ions            39.213         1         39        98        %
   ESolver_KS_LCAO     Run                 36.14          1         36        90        %
   ESolver_KS_LCAO     beforescf           0.21436        1         0.21      0.53      %
   Potential           update_from_charge  0.18677        11        0.017     0.46      %
   Potential           cal_v_eff           0.18243        11        0.017     0.45      %
   PotXC               cal_v_eff           0.15312        11        0.014     0.38      %
   XC_Functional       v_xc                0.15254        11        0.014     0.38      %
   Symmetry            rhog_symmetry       1.0168         11        0.092     2.5       %
   HSolverLCAO         solve               34.684         10        3.5       86        %
   HamiltLCAO          updateHk            6.3358         1260      0.005     16        %
   OperatorLCAO        init                4.7443         2520      0.0019    12        %
   Veff                contributeHk        4.734          1260      0.0038    12        %
   Gint_interface      cal_gint            6.7771         21        0.32      17        %
   Gint_interface      cal_gint_vlocal     2.9946         10        0.3       7.5       %
   Gint_Tools          cal_psir_ylm        0.52442        2580      0.0002    1.3       %
   Gint_k              folding_vl_k        1.7375         1260      0.0014    4.3       %
   Gint_k              Distri              1.3798         1260      0.0011    3.4       %
   Nonlocal<LCAO>      contributeHR        0.11912        1         0.12      0.3       %
   LCAO_gen_fixedH     b_NL_mu_new         0.40149        2         0.2       1         %
   OperatorLCAO        folding_fixed       1.4324         1260      0.0011    3.6       %
   LCAO_nnr            folding_fixedH      1.4113         1260      0.0011    3.5       %
   HSolverLCAO         hamiltSolvePsiK     22.495         1260      0.018     56        %
   DiagoElpa           elpa_solve          21.854         1260      0.017     54        %
   ElecStateLCAO       psiToRho            5.8507         10        0.59      15        %
   elecstate           cal_dm              0.90125        11        0.082     2.2       %
   psiMulPsiMpi        pdgemm              0.81121        1386      0.00059   2         %
   LCAO_Charge         cal_dk_k            2.0032         10        0.2       5         %
   Gint_interface      cal_gint_rho        2.6434         10        0.26      6.6       %
   Force_Stress_LCAO   getForceStress      3.0715         1         3.1       7.6       %
   Force_LCAO_k        ftable_k            3.0475         1         3         7.6       %
   Force_LCAO_k        allocate_k          0.67196        1         0.67      1.7       %
   Force_LCAO_k        cal_foverlap_k      0.13464        1         0.13      0.33      %
   Force_LCAO_k        cal_edm_2d          0.13278        1         0.13      0.33      %
   Force_LCAO_k        cal_fvl_dphi_k      1.1391         1         1.1       2.8       %
   Gint_interface      cal_gint_force      1.1391         1         1.1       2.8       %
   Gint_Tools          cal_dpsir_ylm       0.58732        129       0.0046    1.5       %
   Force_LCAO_k        cal_fvnl_dbeta_k_new0.70785        1         0.71      1.8       %
 ----------------------------------------------------------------------------------------

 START  Time  : Sun Aug 27 14:57:39 2023
 FINISH Time  : Sun Aug 27 14:58:19 2023
 TOTAL  Time  : 40
 SEE INFORMATION IN : OUT.ABACUS/
