                                                                                     
                              ABACUS v3.3.0

               Atomic-orbital Based Ab-initio Computation at UStc                    

                     Website: http://abacus.ustc.edu.cn/                             
               Documentation: https://abacus.deepmodeling.com/                       
                  Repository: https://github.com/abacusmodeling/abacus-develop       
                              https://github.com/deepmodeling/abacus-develop         
                      Commit: unknown

 Sun Aug 27 15:25:42 2023
 MAKE THE DIR         : OUT.ABACUS/
 UNIFORM GRID DIM     : 45 * 45 * 45
 UNIFORM GRID DIM(BIG): 15 * 15 * 15
 DONE(0.042657   SEC) : SETUP UNITCELL
 DONE(0.177581   SEC) : SYMMETRY
 DONE(0.38698    SEC) : INIT K-POINTS
 ---------------------------------------------------------
 Ion relaxation calculations
 ---------------------------------------------------------
 SPIN    KPOINTS         PROCESSORS  NBASE       
 1       116             2           104         
 ---------------------------------------------------------
 Use Systematically Improvable Atomic bases
 ---------------------------------------------------------
 ELEMENT ORBITALS        NBASE       NATOM       XC          
 C       2s2p1d-7au      13          8           
 ---------------------------------------------------------
 Initial plane wave basis and FFT box
 ---------------------------------------------------------
 -------------------------------------------
 STEP OF RELAXATION : 1
 -------------------------------------------
 START CHARGE      : atomic
 DONE(1.33048    SEC) : INIT SCF
 ITER   ETOT(eV)       EDIFF(eV)      DRHO       TIME(s)    
 GE1    -1.239455e+03  0.000000e+00   1.505e-01  3.630e+00  
 GE2    -1.239782e+03  -3.265411e-01  2.771e-02  3.304e+00  
 GE3    -1.239788e+03  -6.534568e-03  4.233e-03  3.308e+00  
 GE4    -1.239788e+03  -1.370703e-05  8.065e-05  3.308e+00  
 GE5    -1.239788e+03  -1.994913e-07  1.411e-05  3.292e+00  
 GE6    -1.239788e+03  -4.793305e-09  5.051e-06  3.289e+00  
 GE7    -1.239788e+03  9.083517e-10   1.330e-06  3.314e+00  
 GE8    -1.239788e+03  -1.645783e-09  2.079e-08  3.289e+00  
 GE9    -1.239788e+03  -3.093578e-11  2.184e-08  3.287e+00  
 GE10   -1.239788e+03  1.682133e-11   1.352e-09  3.306e+00  
 ><><><><><><><><><><><><><><><><><><><><><><
 TOTAL-STRESS (KBAR):
 ><><><><><><><><><><><><><><><><><><><><><><
 2.026e+01      5.841e+01      5.841e+01      
 5.841e+01      2.026e+01      5.841e+01      
 5.841e+01      5.841e+01      2.026e+01      
 TOTAL-PRESSURE: 2.026e+01 KBAR
 ETOT DIFF (eV)       : 0.000e+00
 LARGEST GRAD (eV/A)  : 3.752e-02
 -------------------------------------------
 STEP OF RELAXATION : 2
 -------------------------------------------
 DONE(3.829e+01  SEC) : INIT SCF
 ITER   ETOT(eV)       EDIFF(eV)      DRHO       TIME(s)    
 GE1    -1.239787e+03  0.000000e+00   9.269e-04  3.714e+00  
 GE2    -1.239787e+03  -3.435122e-05  2.209e-04  3.285e+00  
 GE3    -1.239787e+03  -3.607436e-07  4.323e-05  3.287e+00  
 GE4    -1.239787e+03  -2.197329e-08  1.361e-05  3.288e+00  
 GE5    -1.239787e+03  -4.038356e-08  3.826e-07  3.287e+00  
 GE6    -1.239787e+03  -4.582362e-11  4.371e-08  3.286e+00  
 GE7    -1.239787e+03  2.900229e-12   1.679e-08  3.279e+00  
 GE8    -1.239787e+03  3.480275e-12   2.105e-09  3.281e+00  
 ><><><><><><><><><><><><><><><><><><><><><><
 TOTAL-STRESS (KBAR):
 ><><><><><><><><><><><><><><><><><><><><><><
 1.957e+01      5.620e+01      5.620e+01      
 5.620e+01      1.957e+01      5.620e+01      
 5.620e+01      5.620e+01      1.957e+01      
 TOTAL-PRESSURE: 1.957e+01 KBAR
 ETOT DIFF (eV)       : 1.568e-03
 LARGEST GRAD (eV/A)  : 1.753e-01
 -------------------------------------------
 STEP OF RELAXATION : 3
 -------------------------------------------
 DONE(6.883e+01  SEC) : INIT SCF
 ITER   ETOT(eV)       EDIFF(eV)      DRHO       TIME(s)    
 GE1    -1.239788e+03  0.000000e+00   6.915e-04  3.694e+00  
 GE2    -1.239788e+03  -1.911707e-05  1.648e-04  3.306e+00  
 GE3    -1.239788e+03  -2.059866e-07  3.227e-05  3.289e+00  
 GE4    -1.239788e+03  -1.442207e-08  1.007e-05  3.287e+00  
 GE5    -1.239788e+03  -2.209684e-08  2.773e-07  3.286e+00  
 GE6    -1.239788e+03  2.629541e-11   1.878e-08  3.287e+00  
 GE7    -1.239788e+03  -4.060321e-12  4.134e-09  3.292e+00  
 ><><><><><><><><><><><><><><><><><><><><><><
 TOTAL-STRESS (KBAR):
 ><><><><><><><><><><><><><><><><><><><><><><
 2.006e+01      5.783e+01      5.783e+01      
 5.783e+01      2.006e+01      5.783e+01      
 5.783e+01      5.783e+01      2.006e+01      
 TOTAL-PRESSURE: 2.006e+01 KBAR
 ETOT DIFF (eV)       : -1.774e-03
 LARGEST GRAD (eV/A)  : 6.721e-02
 -------------------------------------------
 STEP OF RELAXATION : 4
 -------------------------------------------
 DONE(9.614e+01  SEC) : INIT SCF
 ITER   ETOT(eV)       EDIFF(eV)      DRHO       TIME(s)    
 GE1    -1.239788e+03  0.000000e+00   4.041e-04  5.852e+00  
 GE2    -1.239788e+03  -2.760862e-04  1.143e-04  3.413e+00  
 GE3    -1.239788e+03  -9.878437e-07  6.334e-05  3.411e+00  
 GE4    -1.239788e+03  -9.341224e-07  1.198e-05  3.415e+00  
 GE5    -1.239788e+03  -1.498896e-08  8.647e-07  3.417e+00  
 GE6    -1.239788e+03  -1.274167e-10  1.007e-07  3.409e+00  
 GE7    -1.239788e+03  -7.540595e-12  6.204e-08  3.407e+00  
 GE8    -1.239788e+03  1.353440e-12   3.334e-09  3.411e+00  
 ><><><><><><><><><><><><><><><><><><><><><><
 TOTAL-STRESS (KBAR):
 ><><><><><><><><><><><><><><><><><><><><><><
 1.977e+01      5.700e+01      5.700e+01      
 5.700e+01      1.977e+01      5.700e+01      
 5.700e+01      5.700e+01      1.977e+01      
 TOTAL-PRESSURE: 1.977e+01 KBAR
 ETOT DIFF (eV)       : 3.303e-04
 LARGEST GRAD (eV/A)  : 1.173e-01
 -------------------------------------------
 STEP OF RELAXATION : 5
 -------------------------------------------
 DONE(1.298e+02  SEC) : INIT SCF
 ITER   ETOT(eV)       EDIFF(eV)      DRHO       TIME(s)    
 GE1    -1.239788e+03  0.000000e+00   2.480e-04  3.710e+00  
 GE2    -1.239788e+03  2.644423e-05   7.000e-05  3.264e+00  
 GE3    -1.239788e+03  -3.635089e-07  3.871e-05  3.260e+00  
 GE4    -1.239788e+03  -3.475776e-07  7.370e-06  3.264e+00  
 GE5    -1.239788e+03  -5.467318e-09  5.325e-07  3.285e+00  
 GE6    -1.239788e+03  -1.894816e-11  7.216e-08  3.276e+00  
 GE7    -1.239788e+03  7.733944e-13   4.101e-08  3.264e+00  
 GE8    -1.239788e+03  -3.673623e-12  1.973e-09  3.259e+00  
 ><><><><><><><><><><><><><><><><><><><><><><
 TOTAL-STRESS (KBAR):
 ><><><><><><><><><><><><><><><><><><><><><><
 1.995e+01      5.751e+01      5.751e+01      
 5.751e+01      1.995e+01      5.751e+01      
 5.751e+01      5.751e+01      1.995e+01      
 TOTAL-PRESSURE: 1.995e+01 KBAR
 ETOT DIFF (eV)       : -3.060e-04
 LARGEST GRAD (eV/A)  : 1.638e-01
 -------------------------------------------
 STEP OF RELAXATION : 6
 -------------------------------------------
 DONE(1.602e+02  SEC) : INIT SCF
 ITER   ETOT(eV)       EDIFF(eV)      DRHO       TIME(s)    
 GE1    -1.239788e+03  0.000000e+00   1.177e-04  3.714e+00  
 GE2    -1.239789e+03  -4.871268e-04  3.782e-05  3.282e+00  
 GE3    -1.239789e+03  -2.007138e-07  2.141e-05  3.276e+00  
 GE4    -1.239789e+03  -1.059222e-07  3.154e-06  3.281e+00  
 GE5    -1.239789e+03  -4.139593e-10  2.700e-07  3.290e+00  
 GE6    -1.239789e+03  2.532867e-11   3.821e-08  3.271e+00  
 GE7    -1.239789e+03  5.800458e-13   2.260e-08  3.279e+00  
 GE8    -1.239789e+03  3.866972e-13   1.660e-09  3.267e+00  
 ><><><><><><><><><><><><><><><><><><><><><><
 TOTAL-STRESS (KBAR):
 ><><><><><><><><><><><><><><><><><><><><><><
 1.992e+01      5.765e+01      5.765e+01      
 5.765e+01      1.992e+01      5.765e+01      
 5.765e+01      5.765e+01      1.992e+01      
 TOTAL-PRESSURE: 1.992e+01 KBAR
 ETOT DIFF (eV)       : -2.792e-04
 LARGEST GRAD (eV/A)  : 2.119e-01
 -------------------------------------------
 STEP OF RELAXATION : 7
 -------------------------------------------
 DONE(1.906e+02  SEC) : INIT SCF
 ITER   ETOT(eV)       EDIFF(eV)      DRHO       TIME(s)    
 GE1    -1.239789e+03  0.000000e+00   4.016e-05  3.980e+00  
 GE2    -1.239789e+03  1.314685e-04   1.294e-05  3.258e+00  
 GE3    -1.239789e+03  -2.434007e-08  7.325e-06  3.259e+00  
 GE4    -1.239789e+03  -1.272098e-08  1.076e-06  3.258e+00  
 GE5    -1.239789e+03  -1.705335e-10  9.222e-08  3.286e+00  
 GE6    -1.239789e+03  -7.733944e-12  1.190e-08  3.276e+00  
 GE7    -1.239789e+03  -1.160092e-12  7.407e-09  3.268e+00  
 ><><><><><><><><><><><><><><><><><><><><><><
 TOTAL-STRESS (KBAR):
 ><><><><><><><><><><><><><><><><><><><><><><
 1.995e+01      5.760e+01      5.760e+01      
 5.760e+01      1.995e+01      5.760e+01      
 5.760e+01      5.760e+01      1.995e+01      
 TOTAL-PRESSURE: 1.995e+01 KBAR
 ETOT DIFF (eV)       : 1.084e-04
 LARGEST GRAD (eV/A)  : 8.765e-02
 -------------------------------------------
 STEP OF RELAXATION : 8
 -------------------------------------------
 DONE(2.178e+02  SEC) : INIT SCF
 ITER   ETOT(eV)       EDIFF(eV)      DRHO       TIME(s)    
 GE1    -1.239789e+03  0.000000e+00   8.417e-05  4.997e+00  
 GE2    -1.239788e+03  3.789737e-05   2.795e-05  3.278e+00  
 GE3    -1.239788e+03  -1.242054e-07  1.564e-05  3.265e+00  
 GE4    -1.239788e+03  -5.579770e-08  2.427e-06  3.269e+00  
 GE5    -1.239788e+03  -4.990327e-10  1.900e-07  3.266e+00  
 GE6    -1.239788e+03  -1.005413e-11  3.621e-08  3.293e+00  
 GE7    -1.239788e+03  7.733944e-13   1.771e-08  3.269e+00  
 GE8    -1.239788e+03  1.933486e-12   9.890e-10  3.284e+00  
 ><><><><><><><><><><><><><><><><><><><><><><
 TOTAL-STRESS (KBAR):
 ><><><><><><><><><><><><><><><><><><><><><><
 2.002e+01      5.771e+01      5.771e+01      
 5.771e+01      2.002e+01      5.771e+01      
 5.771e+01      5.771e+01      2.002e+01      
 TOTAL-PRESSURE: 2.002e+01 KBAR
 ETOT DIFF (eV)       : 1.053e-04
 LARGEST GRAD (eV/A)  : 1.429e-01
 -------------------------------------------
 STEP OF RELAXATION : 9
 -------------------------------------------
 DONE(2.496e+02  SEC) : INIT SCF
 ITER   ETOT(eV)       EDIFF(eV)      DRHO       TIME(s)    
 GE1    -1.239788e+03  0.000000e+00   5.015e-05  4.677e+00  
 GE2    -1.239789e+03  -7.739720e-05  1.668e-05  3.256e+00  
 GE3    -1.239789e+03  -4.393460e-08  9.333e-06  3.271e+00  
 GE4    -1.239789e+03  -1.973006e-08  1.444e-06  3.257e+00  
 GE5    -1.239789e+03  -8.700687e-11  1.141e-07  3.257e+00  
 GE6    -1.239789e+03  4.253669e-12   2.188e-08  3.282e+00  
 GE7    -1.239789e+03  -1.546789e-12  1.055e-08  3.266e+00  
 GE8    -1.239789e+03  1.160092e-12   5.902e-10  3.269e+00  
 ><><><><><><><><><><><><><><><><><><><><><><
 TOTAL-STRESS (KBAR):
 ><><><><><><><><><><><><><><><><><><><><><><
 1.998e+01      5.764e+01      5.764e+01      
 5.764e+01      1.998e+01      5.764e+01      
 5.764e+01      5.764e+01      1.998e+01      
 TOTAL-PRESSURE: 1.998e+01 KBAR
 ETOT DIFF (eV)       : -5.792e-05
 LARGEST GRAD (eV/A)  : 2.075e-02
 -------------------------------------------
 STEP OF RELAXATION : 10
 -------------------------------------------
 DONE(2.838e+02  SEC) : INIT SCF
 ITER   ETOT(eV)       EDIFF(eV)      DRHO       TIME(s)    
 GE1    -1.239789e+03  0.000000e+00   3.110e-05  3.848e+00  
 GE2    -1.239789e+03  -1.453380e-06  8.381e-06  3.403e+00  
 GE3    -1.239789e+03  -3.726601e-09  4.303e-06  3.401e+00  
 GE4    -1.239789e+03  -4.499415e-09  9.082e-07  3.401e+00  
 GE5    -1.239789e+03  -1.082752e-10  4.733e-08  3.432e+00  
 GE6    -1.239789e+03  1.740137e-12   8.622e-09  3.411e+00  
 ><><><><><><><><><><><><><><><><><><><><><><
 TOTAL-STRESS (KBAR):
 ><><><><><><><><><><><><><><><><><><><><><><
 2.000e+01      5.771e+01      5.771e+01      
 5.771e+01      2.000e+01      5.771e+01      
 5.771e+01      5.771e+01      2.000e+01      
 TOTAL-PRESSURE: 2.000e+01 KBAR
 ETOT DIFF (eV)       : -1.698e-05
 LARGEST GRAD (eV/A)  : 1.498e-02
 -------------------------------------------
 STEP OF RELAXATION : 11
 -------------------------------------------
 DONE(3.083e+02  SEC) : INIT SCF
 ITER   ETOT(eV)       EDIFF(eV)      DRHO       TIME(s)    
 GE1    -1.239789e+03  0.000000e+00   5.906e-05  5.860e+00  
 GE2    -1.239789e+03  -3.342736e-06  1.590e-05  3.432e+00  
 GE3    -1.239789e+03  -1.344082e-08  8.159e-06  3.409e+00  
 GE4    -1.239789e+03  -1.628092e-08  1.725e-06  3.411e+00  
 GE5    -1.239789e+03  -3.760630e-10  9.003e-08  3.417e+00  
 GE6    -1.239789e+03  -2.126835e-12  1.708e-08  3.457e+00  
 GE7    -1.239789e+03  -7.733944e-13  8.953e-09  3.449e+00  
 ><><><><><><><><><><><><><><><><><><><><><><
 TOTAL-STRESS (KBAR):
 ><><><><><><><><><><><><><><><><><><><><><><
 2.004e+01      5.784e+01      5.784e+01      
 5.784e+01      2.004e+01      5.784e+01      
 5.784e+01      5.784e+01      2.004e+01      
 TOTAL-PRESSURE: 2.004e+01 KBAR
 ETOT DIFF (eV)       : -1.477e-05
 LARGEST GRAD (eV/A)  : 1.145e-02
 -------------------------------------------
 STEP OF RELAXATION : 12
 -------------------------------------------
 DONE(3.389e+02  SEC) : INIT SCF
 ITER   ETOT(eV)       EDIFF(eV)      DRHO       TIME(s)    
 GE1    -1.239789e+03  0.000000e+00   1.276e-05  3.885e+00  
 GE2    -1.239789e+03  9.382187e-06   4.425e-06  3.417e+00  
 GE3    -1.239789e+03  -3.978341e-09  2.452e-06  3.420e+00  
 GE4    -1.239789e+03  -1.227764e-09  3.529e-07  3.411e+00  
 GE5    -1.239789e+03  -2.668211e-11  2.416e-08  3.423e+00  
 GE6    -1.239789e+03  -3.866972e-13  7.540e-09  3.416e+00  
 ><><><><><><><><><><><><><><><><><><><><><><
 TOTAL-STRESS (KBAR):
 ><><><><><><><><><><><><><><><><><><><><><><
 2.005e+01      5.784e+01      5.784e+01      
 5.784e+01      2.005e+01      5.784e+01      
 5.784e+01      5.784e+01      2.005e+01      
 TOTAL-PRESSURE: 2.005e+01 KBAR
 ETOT DIFF (eV)       : 8.600e-06
 LARGEST GRAD (eV/A)  : 1.364e-02
 -------------------------------------------
 STEP OF RELAXATION : 13
 -------------------------------------------
 DONE(3.639e+02  SEC) : INIT SCF
 ITER   ETOT(eV)       EDIFF(eV)      DRHO       TIME(s)    
 GE1    -1.239789e+03  0.000000e+00   6.525e-06  3.764e+00  
 GE2    -1.239789e+03  -5.052630e-06  2.263e-06  3.413e+00  
 GE3    -1.239789e+03  -9.671297e-10  1.254e-06  3.414e+00  
 GE4    -1.239789e+03  -2.952433e-10  1.805e-07  3.417e+00  
 GE5    -1.239789e+03  5.607109e-12   1.236e-08  3.440e+00  
 GE6    -1.239789e+03  9.667430e-13   3.869e-09  3.419e+00  
 ><><><><><><><><><><><><><><><><><><><><><><
 TOTAL-STRESS (KBAR):
 ><><><><><><><><><><><><><><><><><><><><><><
 2.005e+01      5.784e+01      5.784e+01      
 5.784e+01      2.005e+01      5.784e+01      
 5.784e+01      5.784e+01      2.005e+01      
 TOTAL-PRESSURE: 2.005e+01 KBAR
 ETOT DIFF (eV)       : -4.396e-06
 LARGEST GRAD (eV/A)  : 6.197e-03
 -------------------------------------------
 STEP OF RELAXATION : 14
 -------------------------------------------
 DONE(3.882e+02  SEC) : INIT SCF
 ITER   ETOT(eV)       EDIFF(eV)      DRHO       TIME(s)    
 GE1    -1.239789e+03  0.000000e+00   9.828e-06  3.803e+00  
 GE2    -1.239789e+03  -1.900610e-06  3.187e-06  3.412e+00  
 GE3    -1.239789e+03  -1.596673e-09  1.827e-06  3.447e+00  
 GE4    -1.239789e+03  -6.759467e-10  2.528e-07  3.410e+00  
 GE5    -1.239789e+03  -1.179426e-11  2.007e-08  3.408e+00  
 GE6    -1.239789e+03  1.933486e-13   4.804e-09  3.424e+00  
 ><><><><><><><><><><><><><><><><><><><><><><
 TOTAL-STRESS (KBAR):
 ><><><><><><><><><><><><><><><><><><><><><><
 2.004e+01      5.784e+01      5.784e+01      
 5.784e+01      2.004e+01      5.784e+01      
 5.784e+01      5.784e+01      2.004e+01      
 TOTAL-PRESSURE: 2.004e+01 KBAR
 ETOT DIFF (eV)       : -3.213e-06
 LARGEST GRAD (eV/A)  : 4.430e-03
 -------------------------------------------
 STEP OF RELAXATION : 15
 -------------------------------------------
 DONE(4.130e+02  SEC) : INIT SCF
 ITER   ETOT(eV)       EDIFF(eV)      DRHO       TIME(s)    
 GE1    -1.239789e+03  0.000000e+00   2.805e-05  7.847e+00  
 GE2    -1.239789e+03  -7.166649e-06  9.096e-06  3.257e+00  
 GE3    -1.239789e+03  -1.273278e-08  5.213e-06  3.260e+00  
 GE4    -1.239789e+03  -5.473699e-09  7.214e-07  3.254e+00  
 GE5    -1.239789e+03  -5.336421e-11  5.727e-08  3.252e+00  
 GE6    -1.239789e+03  -3.866972e-13  1.357e-08  3.260e+00  
 GE7    -1.239789e+03  1.546789e-12   4.473e-09  3.265e+00  
 ><><><><><><><><><><><><><><><><><><><><><><
 TOTAL-STRESS (KBAR):
 ><><><><><><><><><><><><><><><><><><><><><><
 2.003e+01      5.782e+01      5.782e+01      
 5.782e+01      2.003e+01      5.782e+01      
 5.782e+01      5.782e+01      2.003e+01      
 TOTAL-PRESSURE: 2.003e+01 KBAR
 ETOT DIFF (eV)       : -9.000e-06
 LARGEST GRAD (eV/A)  : 2.741e-03
 -------------------------------------------
 STEP OF RELAXATION : 16
 -------------------------------------------
 DONE(4.445e+02  SEC) : INIT SCF
 ITER   ETOT(eV)       EDIFF(eV)      DRHO       TIME(s)    
 GE1    -1.239789e+03  0.000000e+00   6.036e-06  3.534e+00  
 GE2    -1.239789e+03  -1.916723e-06  1.894e-06  3.258e+00  
 GE3    -1.239789e+03  -4.930389e-10  1.094e-06  3.261e+00  
 GE4    -1.239789e+03  -2.525133e-10  1.733e-07  3.272e+00  
 GE5    -1.239789e+03  -3.480275e-12  1.292e-08  3.261e+00  
 GE6    -1.239789e+03  -1.353440e-12  2.138e-09  3.271e+00  
 ><><><><><><><><><><><><><><><><><><><><><><
 TOTAL-STRESS (KBAR):
 ><><><><><><><><><><><><><><><><><><><><><><
 2.003e+01      5.782e+01      5.782e+01      
 5.782e+01      2.003e+01      5.782e+01      
 5.782e+01      5.782e+01      2.003e+01      
 TOTAL-PRESSURE: 2.003e+01 KBAR
 ETOT DIFF (eV)       : -2.506e-06
 LARGEST GRAD (eV/A)  : 1.750e-03
 -------------------------------------------
 STEP OF RELAXATION : 17
 -------------------------------------------
 DONE(4.680e+02  SEC) : INIT SCF
 ITER   ETOT(eV)       EDIFF(eV)      DRHO       TIME(s)    
 GE1    -1.239789e+03  0.000000e+00   8.053e-06  5.120e+00  
 GE2    -1.239789e+03  -2.733312e-06  2.524e-06  3.259e+00  
 GE3    -1.239789e+03  -8.685219e-10  1.457e-06  3.268e+00  
 GE4    -1.239789e+03  -4.433483e-10  2.315e-07  3.257e+00  
 GE5    -1.239789e+03  -6.380504e-12  1.724e-08  3.263e+00  
 GE6    -1.239789e+03  0.000000e+00   2.846e-09  3.262e+00  
 ><><><><><><><><><><><><><><><><><><><><><><
 TOTAL-STRESS (KBAR):
 ><><><><><><><><><><><><><><><><><><><><><><
 2.004e+01      5.783e+01      5.783e+01      
 5.783e+01      2.004e+01      5.783e+01      
 5.783e+01      5.783e+01      2.004e+01      
 TOTAL-PRESSURE: 2.004e+01 KBAR
 ETOT DIFF (eV)       : -3.317e-06
 LARGEST GRAD (eV/A)  : 1.982e-03
 -------------------------------------------
 STEP OF RELAXATION : 18
 -------------------------------------------
 DONE(4.934e+02  SEC) : INIT SCF
 ITER   ETOT(eV)       EDIFF(eV)      DRHO       TIME(s)    
 GE1    -1.239789e+03  0.000000e+00   6.566e-06  3.637e+00  
 GE2    -1.239789e+03  2.476668e-06   2.178e-06  3.259e+00  
 GE3    -1.239789e+03  -5.543304e-10  1.255e-06  3.260e+00  
 GE4    -1.239789e+03  -2.944699e-10  1.844e-07  3.251e+00  
 GE5    -1.239789e+03  0.000000e+00   1.299e-08  3.255e+00  
 GE6    -1.239789e+03  0.000000e+00   2.258e-09  3.265e+00  
 ><><><><><><><><><><><><><><><><><><><><><><
 TOTAL-STRESS (KBAR):
 ><><><><><><><><><><><><><><><><><><><><><><
 2.004e+01      5.784e+01      5.784e+01      
 5.784e+01      2.004e+01      5.784e+01      
 5.784e+01      5.784e+01      2.004e+01      
 TOTAL-PRESSURE: 2.004e+01 KBAR
 ETOT DIFF (eV)       : 2.269e-06
 LARGEST GRAD (eV/A)  : 4.878e-03
 -------------------------------------------
 STEP OF RELAXATION : 19
 -------------------------------------------
 DONE(5.173e+02  SEC) : INIT SCF
 ITER   ETOT(eV)       EDIFF(eV)      DRHO       TIME(s)    
 GE1    -1.239789e+03  0.000000e+00   4.691e-06  5.234e+00  
 GE2    -1.239789e+03  -1.860284e-06  1.556e-06  3.280e+00  
 GE3    -1.239789e+03  -3.201853e-10  8.966e-07  3.266e+00  
 GE4    -1.239789e+03  -1.631862e-10  1.318e-07  3.272e+00  
 GE5    -1.239789e+03  -2.126835e-12  9.278e-09  3.262e+00  
 ><><><><><><><><><><><><><><><><><><><><><><
 TOTAL-STRESS (KBAR):
 ><><><><><><><><><><><><><><><><><><><><><><
 2.004e+01      5.783e+01      5.783e+01      
 5.783e+01      2.004e+01      5.783e+01      
 5.783e+01      5.783e+01      2.004e+01      
 TOTAL-PRESSURE: 2.004e+01 KBAR
 ETOT DIFF (eV)       : -1.620e-06
 LARGEST GRAD (eV/A)  : 1.247e-03
 -------------------------------------------
 STEP OF RELAXATION : 20
 -------------------------------------------
 DONE(5.398e+02  SEC) : INIT SCF
 ITER   ETOT(eV)       EDIFF(eV)      DRHO       TIME(s)    
 GE1    -1.239789e+03  0.000000e+00   2.818e-06  5.762e+00  
 GE2    -1.239789e+03  -5.551630e-07  7.861e-07  3.254e+00  
 GE3    -1.239789e+03  3.054908e-11   3.758e-07  3.251e+00  
 GE4    -1.239789e+03  -2.204174e-11  8.424e-08  3.262e+00  
 GE5    -1.239789e+03  3.093578e-12   5.887e-09  3.257e+00  
 ><><><><><><><><><><><><><><><><><><><><><><
 TOTAL-STRESS (KBAR):
 ><><><><><><><><><><><><><><><><><><><><><><
 2.004e+01      5.783e+01      5.783e+01      
 5.783e+01      2.004e+01      5.783e+01      
 5.783e+01      5.783e+01      2.004e+01      
 TOTAL-PRESSURE: 2.004e+01 KBAR
 ETOT DIFF (eV)       : -7.254e-07
 LARGEST GRAD (eV/A)  : 6.525e-04

  |CLASS_NAME---------|NAME---------------|TIME(Sec)-----|CALLS----|AVG------|PER%-------
                       total               562.24         47        12        1e+02     %
   Driver              driver_line         562.22         1         5.6e+02   1e+02     %
   ORB_control         set_orb_tables      0.42179        1         0.42      0.075     %
   ORB_gen_tables      gen_tables          0.42178        1         0.42      0.075     %
   ORB_table_beta      init_Table_Beta     0.11215        1         0.11      0.02      %
   ORB_table_beta      VNL_PhiBeta_R       0.11135        26        0.0043    0.02      %
   Ions                opt_ions            561.22         1         5.6e+02   1e+02     %
   ESolver_KS_LCAO     Run                 491.16         20        25        87        %
   ESolver_KS_LCAO     beforescf           7.9855         20        0.4       1.4       %
   ESolver_KS_LCAO     beforesolver        0.53308        20        0.027     0.095     %
   ESolver_KS_LCAO     set_matrix_grid     0.48224        20        0.024     0.086     %
   Grid_Technique      init                0.30981        20        0.015     0.055     %
   Grid_BigCell        grid_expansion_index0.1086         40        0.0027    0.019     %
   Record_adj          for_2d              0.11971        20        0.006     0.021     %
   Charge              atomic_rho          2.7632         40        0.069     0.49      %
   PW_Basis            recip2real          1.5303         1068      0.0014    0.27      %
   PW_Basis            gathers_scatterp    0.50542        1068      0.00047   0.09      %
   Potential           init_pot            1.9997         20        0.1       0.36      %
   Potential           update_from_charge  3.6137         158       0.023     0.64      %
   Potential           cal_v_eff           3.5196         158       0.022     0.63      %
   H_Hartree_pw        v_hartree           1.0311         158       0.0065    0.18      %
   PW_Basis            real2recip          2.2861         1502      0.0015    0.41      %
   PW_Basis            gatherp_scatters    1.1988         1502      0.0008    0.21      %
   PotXC               cal_v_eff           2.4677         158       0.016     0.44      %
   XC_Functional       v_xc                2.4593         158       0.016     0.44      %
   Symmetry            rhog_symmetry       10.242         158       0.065     1.8       %
   HSolverLCAO         solve               469.61         138       3.4       84        %
   HamiltLCAO          updateHk            96.147         16008     0.006     17        %
   OperatorLCAO        init                71.903         32016     0.0022    13        %
   Veff                contributeHk        71.756         16008     0.0045    13        %
   Gint_interface      cal_gint            106.24         296       0.36      19        %
   Gint_interface      cal_gint_vlocal     44.467         138       0.32      7.9       %
   Gint_Tools          cal_psir_ylm        7.2605         35604     0.0002    1.3       %
   Gint_k              folding_vl_k        27.264         16008     0.0017    4.8       %
   Gint_k              Distri              22.766         16008     0.0014    4         %
   Overlap             contributeHR        0.37555        20        0.019     0.067     %
   LCAO_gen_fixedH     calculate_S_no      0.37551        20        0.019     0.067     %
   Ekin<LCAO>          contributeHR        0.38831        20        0.019     0.069     %
   Nonlocal<LCAO>      contributeHR        4.336          20        0.22      0.77      %
   LCAO_gen_fixedH     b_NL_mu_new         15.544         40        0.39      2.8       %
   OperatorLCAO        folding_fixed       19.093         16008     0.0012    3.4       %
   LCAO_nnr            folding_fixedH      18.781         16008     0.0012    3.3       %
   HSolverLCAO         hamiltSolvePsiK     298.68         16008     0.019     53        %
   DiagoElpa           elpa_solve          291.67         16008     0.018     52        %
   ElecStateLCAO       psiToRho            74.751         138       0.54      13        %
   elecstate           cal_dm              12.807         158       0.081     2.3       %
   psiMulPsiMpi        pdgemm              11.724         18328     0.00064   2.1       %
    Local_Orbital_wfc  wfc_2d_to_grid      0.9098         18328     5e-05     0.16      %
   LCAO_Charge         cal_dk_k            25.33          138       0.18      4.5       %
   Gint_interface      cal_gint_rho        37.972         138       0.28      6.8       %
   Force_Stress_LCAO   getForceStress      70.001         20        3.5       12        %
   Stress_Func         stress_loc          0.10495        20        0.0052    0.019     %
   Stress_Func         stress_gga          0.10375        20        0.0052    0.018     %
   Force_LCAO_k        ftable_k            69.432         20        3.5       12        %
   Force_LCAO_k        allocate_k          17.799         20        0.89      3.2       %
   Force_LCAO_k        cal_foverlap_k      3.8445         20        0.19      0.68      %
   Force_LCAO_k        cal_edm_2d          3.784          20        0.19      0.67      %
   Local_Orbital_Chargecal_dm_R            2.0047         40        0.05      0.36      %
   Force_LCAO_k        cal_fvl_dphi_k      23.797         20        1.2       4.2       %
   Gint_interface      cal_gint_force      23.797         20        1.2       4.2       %
   Gint_Tools          cal_dpsir_ylm       11.205         2580      0.0043    2         %
   Gint_Tools          cal_dpsirr_ylm      1.0482         2580      0.00041   0.19      %
   Force_LCAO_k        cal_fvnl_dbeta_k_new21.273         20        1.1       3.8       %
   ORB_gen_tables      snap_psibeta_half   0.2228         35074     6.4e-06   0.04      %
 ----------------------------------------------------------------------------------------

 START  Time  : Sun Aug 27 15:25:42 2023
 FINISH Time  : Sun Aug 27 15:35:05 2023
 TOTAL  Time  : 563
 SEE INFORMATION IN : OUT.ABACUS/
