 In SCAN_BEGIN, can't find: LATTICE_PARAMETERS block.
 In SCAN_BEGIN, can't find: <PP_MESH block.
 AUTO_SET NBANDS to 0
 AUTO_SET NBANDS to 26
      Processor           Atom
              1             54
              2             54
                            startmag_type = 2
                       charge from rho_at = 3.99303
                         charge should be = 4

 SETUP ATOMIC RHO FOR SPIN 1
                 Electron number from rho = 32
           total electron number from rho = 32
                                should be = 32
                 charge before normalized = 32
                  charge after normalized = 32
                 charge before normalized = 32.0001093068501
                  charge after normalized = 31.9999999999999
                 charge before normalized = 32.0001490629803
                  charge after normalized = 32
                 charge before normalized = 32.000155106668
                  charge after normalized = 32
                 charge before normalized = 32.0001549067625
                  charge after normalized = 32.0000000000001
                 charge before normalized = 32.0001548773739
                  charge after normalized = 32.0000000000001
                 charge before normalized = 32.0001548811946
                  charge after normalized = 31.9999999999999
                 charge before normalized = 32.0001548856396
                  charge after normalized = 32
                 charge before normalized = 32.0001548855893
                  charge after normalized = 32
                 charge before normalized = 32.0001548854113
                  charge after normalized = 32
                 charge before normalized = 32.0001548853817
                  charge after normalized = 32
                            startmag_type = 2
                       charge from rho_at = 3.99303358802096
                         charge should be = 4

 SETUP ATOMIC RHO FOR SPIN 1
                 Electron number from rho = 32.0000000000001
           total electron number from rho = 32.0000000000001
                                should be = 32
