                                                                                     
                              ABACUS v3.3.0

               Atomic-orbital Based Ab-initio Computation at UStc                    

                     Website: http://abacus.ustc.edu.cn/                             
               Documentation: https://abacus.deepmodeling.com/                       
                  Repository: https://github.com/abacusmodeling/abacus-develop       
                              https://github.com/deepmodeling/abacus-develop         
                      Commit: unknown

 Sun Aug 27 15:53:01 2023
 MAKE THE DIR         : OUT.ABACUS/
 UNIFORM GRID DIM     : 30 * 30 * 150
 UNIFORM GRID DIM(BIG): 6 * 6 * 50
 DONE(0.0459491  SEC) : SETUP UNITCELL
 DONE(0.114096   SEC) : SYMMETRY
 DONE(0.316269   SEC) : INIT K-POINTS
 ---------------------------------------------------------
 Ion relaxation calculations
 ---------------------------------------------------------
 SPIN    KPOINTS         PROCESSORS  NBASE       
 1       30              2           26          
 ---------------------------------------------------------
 Use Systematically Improvable Atomic bases
 ---------------------------------------------------------
 ELEMENT ORBITALS        NBASE       NATOM       XC          
 C       2s2p1d-7au      13          2           
 ---------------------------------------------------------
 Initial plane wave basis and FFT box
 ---------------------------------------------------------
 -------------------------------------------
 STEP OF RELAXATION : 1
 -------------------------------------------
 START CHARGE      : atomic
 DONE(0.993795   SEC) : INIT SCF
 ITER   ETOT(eV)       EDIFF(eV)      DRHO       TIME(s)    
 GE1    -3.098284e+02  0.000000e+00   1.746e-01  2.356e-01  
 GE2    -3.101705e+02  -3.421394e-01  2.740e-02  2.103e-01  
 GE3    -3.101707e+02  -1.684799e-04  6.768e-03  1.957e-01  
 GE4    -3.101707e+02  -6.107922e-06  8.663e-05  1.975e-01  
 GE5    -3.101707e+02  -1.573220e-08  5.641e-06  1.983e-01  
 GE6    -3.101707e+02  2.158737e-09   3.723e-07  1.999e-01  
 GE7    -3.101707e+02  -1.142690e-10  1.773e-08  1.981e-01  
 GE8    -3.101707e+02  -4.214999e-11  2.775e-09  1.962e-01  
 ><><><><><><><><><><><><><><><><><><><><><><
 TOTAL-STRESS (KBAR):
 ><><><><><><><><><><><><><><><><><><><><><><
 2.753e+01      6.503e-08      -1.030e-29     
 6.503e-08      2.753e+01      -5.949e-30     
 -3.091e-29     4.164e-29      -2.000e-02     
 TOTAL-PRESSURE: 1.835e+01 KBAR
 ETOT DIFF (eV)       : 0.000e+00
 LARGEST GRAD (eV/A)  : 1.817e-17

  |CLASS_NAME---------|NAME---------------|TIME(Sec)-----|CALLS----|AVG------|PER%-------
                       total               3.2029         9         0.36      1e+02     %
   Driver              driver_line         3.1844         1         3.2       99        %
   ORB_control         set_orb_tables      0.47143        1         0.47      15        %
   ORB_gen_tables      gen_tables          0.47143        1         0.47      15        %
   ORB_table_beta      init_Table_Beta     0.12081        1         0.12      3.8       %
   ORB_table_beta      VNL_PhiBeta_R       0.11992        26        0.0046    3.7       %
   Ions                opt_ions            2.2879         1         2.3       71        %
   ESolver_KS_LCAO     Run                 1.8375         1         1.8       57        %
   Potential           update_from_charge  0.19805        9         0.022     6.2       %
   Potential           cal_v_eff           0.19449        9         0.022     6.1       %
   PotXC               cal_v_eff           0.16106        9         0.018     5         %
   XC_Functional       v_xc                0.1603         9         0.018     5         %
   HSolverLCAO         solve               1.3649         8         0.17      43        %
   HamiltLCAO          updateHk            0.43174        240       0.0018    13        %
   OperatorLCAO        init                0.36401        480       0.00076   11        %
   Veff                contributeHk        0.36227        240       0.0015    11        %
   Gint_interface      cal_gint            0.69719        17        0.041     22        %
   Gint_interface      cal_gint_vlocal     0.27796        8         0.035     8.7       %
   HSolverLCAO         hamiltSolvePsiK     0.61282        240       0.0026    19        %
   DiagoElpa           elpa_solve          0.50467        240       0.0021    16        %
   ElecStateLCAO       psiToRho            0.31986        8         0.04      10        %
   Gint_interface      cal_gint_rho        0.21244        8         0.027     6.6       %
   Force_Stress_LCAO   getForceStress      0.4495         1         0.45      14        %
   Force_LCAO_k        ftable_k            0.41687        1         0.42      13        %
   Force_LCAO_k        cal_fvl_dphi_k      0.20679        1         0.21      6.5       %
   Gint_interface      cal_gint_force      0.20679        1         0.21      6.5       %
   Gint_Tools          cal_dpsir_ylm       0.14467        38        0.0038    4.5       %
 ----------------------------------------------------------------------------------------

 START  Time  : Sun Aug 27 15:53:01 2023
 FINISH Time  : Sun Aug 27 15:53:04 2023
 TOTAL  Time  : 3
 SEE INFORMATION IN : OUT.ABACUS/
