                                                                                     
                              ABACUS v3.3.0

               Atomic-orbital Based Ab-initio Computation at UStc                    

                     Website: http://abacus.ustc.edu.cn/                             
               Documentation: https://abacus.deepmodeling.com/                       
                  Repository: https://github.com/abacusmodeling/abacus-develop       
                              https://github.com/deepmodeling/abacus-develop         
                      Commit: unknown

 Sun Aug 27 15:35:25 2023
 MAKE THE DIR         : OUT.ABACUS/
 UNIFORM GRID DIM     : 45 * 45 * 45
 UNIFORM GRID DIM(BIG): 15 * 15 * 15
 DONE(0.0370286  SEC) : SETUP UNITCELL
 DONE(0.170179   SEC) : SYMMETRY
 DONE(0.377827   SEC) : INIT K-POINTS
 ---------------------------------------------------------
 Ion relaxation calculations
 ---------------------------------------------------------
 SPIN    KPOINTS         PROCESSORS  NBASE       
 1       116             2           104         
 ---------------------------------------------------------
 Use Systematically Improvable Atomic bases
 ---------------------------------------------------------
 ELEMENT ORBITALS        NBASE       NATOM       XC          
 C       2s2p1d-7au      13          8           
 ---------------------------------------------------------
 Initial plane wave basis and FFT box
 ---------------------------------------------------------
 -------------------------------------------
 STEP OF RELAXATION : 1
 -------------------------------------------
 START CHARGE      : atomic
 DONE(1.16388    SEC) : INIT SCF
 ITER   ETOT(eV)       EDIFF(eV)      DRHO       TIME(s)    
 GE1    -1.239456e+03  0.000000e+00   1.505e-01  3.509e+00  
 GE2    -1.239782e+03  -3.265247e-01  2.771e-02  3.301e+00  
 GE3    -1.239789e+03  -6.534331e-03  4.233e-03  3.284e+00  
 GE4    -1.239789e+03  -1.370885e-05  8.055e-05  3.277e+00  
 GE5    -1.239789e+03  -1.994170e-07  1.413e-05  3.287e+00  
 GE6    -1.239789e+03  -4.763723e-09  5.041e-06  3.296e+00  
 GE7    -1.239789e+03  9.358072e-10   1.322e-06  3.289e+00  
 GE8    -1.239789e+03  -1.646943e-09  1.996e-08  3.299e+00  
 GE9    -1.239789e+03  -2.262179e-11  2.100e-08  3.273e+00  
 GE10   -1.239789e+03  1.894816e-11   1.355e-09  3.299e+00  
 ><><><><><><><><><><><><><><><><><><><><><><
 TOTAL-STRESS (KBAR):
 ><><><><><><><><><><><><><><><><><><><><><><
 2.021e+01      -5.698e+01     -5.698e+01     
 -5.698e+01     2.021e+01      -5.698e+01     
 -5.698e+01     -5.698e+01     2.021e+01      
 TOTAL-PRESSURE: 2.021e+01 KBAR
 ETOT DIFF (eV)       : 0.000e+00
 LARGEST GRAD (eV/A)  : 2.205e-02
 -------------------------------------------
 STEP OF RELAXATION : 2
 -------------------------------------------
 DONE(3.821e+01  SEC) : INIT SCF
 ITER   ETOT(eV)       EDIFF(eV)      DRHO       TIME(s)    
 GE1    -1.239788e+03  0.000000e+00   5.293e-04  5.150e+00  
 GE2    -1.239788e+03  -1.059731e-05  1.277e-04  3.298e+00  
 GE3    -1.239788e+03  -9.842488e-08  2.607e-05  3.285e+00  
 GE4    -1.239788e+03  -2.762797e-08  1.241e-05  3.270e+00  
 GE5    -1.239788e+03  -3.293326e-08  1.999e-07  3.293e+00  
 GE6    -1.239788e+03  -2.571536e-11  4.191e-08  3.275e+00  
 GE7    -1.239788e+03  2.320183e-12   1.296e-08  3.269e+00  
 GE8    -1.239788e+03  -1.160092e-12  9.427e-10  3.290e+00  
 ><><><><><><><><><><><><><><><><><><><><><><
 TOTAL-STRESS (KBAR):
 ><><><><><><><><><><><><><><><><><><><><><><
 1.979e+01      -5.653e+01     -5.653e+01     
 -5.653e+01     1.979e+01      -5.653e+01     
 -5.653e+01     -5.653e+01     1.979e+01      
 TOTAL-PRESSURE: 1.979e+01 KBAR
 ETOT DIFF (eV)       : 4.502e-04
 LARGEST GRAD (eV/A)  : 9.010e-02
 -------------------------------------------
 STEP OF RELAXATION : 3
 -------------------------------------------
 DONE(7.044e+01  SEC) : INIT SCF
 ITER   ETOT(eV)       EDIFF(eV)      DRHO       TIME(s)    
 GE1    -1.239789e+03  0.000000e+00   3.842e-04  4.713e+00  
 GE2    -1.239789e+03  -5.550852e-06  9.270e-05  3.289e+00  
 GE3    -1.239789e+03  -5.331839e-08  1.891e-05  3.278e+00  
 GE4    -1.239789e+03  -1.545861e-08  9.026e-06  3.285e+00  
 GE5    -1.239789e+03  -1.744159e-08  1.478e-07  3.282e+00  
 GE6    -1.239789e+03  1.527454e-11   4.180e-08  3.279e+00  
 GE7    -1.239789e+03  -2.320183e-12  9.341e-09  3.287e+00  
 ><><><><><><><><><><><><><><><><><><><><><><
 TOTAL-STRESS (KBAR):
 ><><><><><><><><><><><><><><><><><><><><><><
 2.009e+01      -5.686e+01     -5.686e+01     
 -5.686e+01     2.009e+01      -5.686e+01     
 -5.686e+01     -5.686e+01     2.009e+01      
 TOTAL-PRESSURE: 2.009e+01 KBAR
 ETOT DIFF (eV)       : -5.246e-04
 LARGEST GRAD (eV/A)  : 6.532e-02
 -------------------------------------------
 STEP OF RELAXATION : 4
 -------------------------------------------
 DONE(9.863e+01  SEC) : INIT SCF
 ITER   ETOT(eV)       EDIFF(eV)      DRHO       TIME(s)    
 GE1    -1.239789e+03  0.000000e+00   1.046e-04  4.932e+00  
 GE2    -1.239789e+03  1.580057e-05   2.728e-05  3.268e+00  
 GE3    -1.239789e+03  -2.675287e-08  1.302e-05  3.279e+00  
 GE4    -1.239789e+03  -4.015754e-08  3.202e-06  3.286e+00  
 GE5    -1.239789e+03  -1.235111e-09  1.626e-07  3.296e+00  
 GE6    -1.239789e+03  -1.740137e-12  1.997e-08  3.284e+00  
 GE7    -1.239789e+03  -1.933486e-12  1.100e-08  3.288e+00  
 GE8    -1.239789e+03  -9.667430e-13  5.602e-10  3.281e+00  
 ><><><><><><><><><><><><><><><><><><><><><><
 TOTAL-STRESS (KBAR):
 ><><><><><><><><><><><><><><><><><><><><><><
 2.001e+01      -5.678e+01     -5.678e+01     
 -5.678e+01     2.001e+01      -5.678e+01     
 -5.678e+01     -5.678e+01     2.001e+01      
 TOTAL-PRESSURE: 2.001e+01 KBAR
 ETOT DIFF (eV)       : 1.351e-05
 LARGEST GRAD (eV/A)  : 1.889e-01
 -------------------------------------------
 STEP OF RELAXATION : 5
 -------------------------------------------
 DONE(1.305e+02  SEC) : INIT SCF
 ITER   ETOT(eV)       EDIFF(eV)      DRHO       TIME(s)    
 GE1    -1.239788e+03  0.000000e+00   3.140e-04  5.010e+00  
 GE2    -1.239788e+03  -7.999964e-05  8.181e-05  3.284e+00  
 GE3    -1.239788e+03  -2.395898e-07  3.893e-05  3.268e+00  
 GE4    -1.239788e+03  -3.605056e-07  9.632e-06  3.272e+00  
 GE5    -1.239788e+03  -1.160111e-08  4.827e-07  3.295e+00  
 GE6    -1.239788e+03  -2.590871e-11  5.363e-08  3.271e+00  
 GE7    -1.239788e+03  -5.607109e-12  1.561e-08  3.261e+00  
 GE8    -1.239788e+03  -3.866972e-13  2.116e-09  3.271e+00  
 ><><><><><><><><><><><><><><><><><><><><><><
 TOTAL-STRESS (KBAR):
 ><><><><><><><><><><><><><><><><><><><><><><
 1.977e+01      -5.653e+01     -5.653e+01     
 -5.653e+01     1.977e+01      -5.653e+01     
 -5.653e+01     -5.653e+01     1.977e+01      
 TOTAL-PRESSURE: 1.977e+01 KBAR
 ETOT DIFF (eV)       : 4.501e-04
 LARGEST GRAD (eV/A)  : 9.839e-02
 -------------------------------------------
 STEP OF RELAXATION : 6
 -------------------------------------------
 DONE(1.651e+02  SEC) : INIT SCF
 ITER   ETOT(eV)       EDIFF(eV)      DRHO       TIME(s)    
 GE1    -1.239789e+03  0.000000e+00   1.689e-04  3.549e+00  
 GE2    -1.239789e+03  1.325986e-05   4.399e-05  3.257e+00  
 GE3    -1.239789e+03  -6.773001e-08  2.088e-05  3.252e+00  
 GE4    -1.239789e+03  -1.036082e-07  5.189e-06  3.269e+00  
 GE5    -1.239789e+03  -3.404869e-09  2.604e-07  3.254e+00  
 GE6    -1.239789e+03  -6.187155e-12  2.990e-08  3.254e+00  
 GE7    -1.239789e+03  5.220412e-12   1.231e-08  3.275e+00  
 GE8    -1.239789e+03  -2.513532e-12  9.859e-10  3.259e+00  
 ><><><><><><><><><><><><><><><><><><><><><><
 TOTAL-STRESS (KBAR):
 ><><><><><><><><><><><><><><><><><><><><><><
 1.990e+01      -5.667e+01     -5.667e+01     
 -5.667e+01     1.990e+01      -5.667e+01     
 -5.667e+01     -5.667e+01     1.990e+01      
 TOTAL-PRESSURE: 1.990e+01 KBAR
 ETOT DIFF (eV)       : -3.183e-04
 LARGEST GRAD (eV/A)  : 1.111e-01
 -------------------------------------------
 STEP OF RELAXATION : 7
 -------------------------------------------
 DONE(1.956e+02  SEC) : INIT SCF
 ITER   ETOT(eV)       EDIFF(eV)      DRHO       TIME(s)    
 GE1    -1.239789e+03  0.000000e+00   3.792e-05  4.452e+00  
 GE2    -1.239789e+03  -1.133159e-05  1.018e-05  3.246e+00  
 GE3    -1.239789e+03  -5.888432e-09  5.415e-06  3.273e+00  
 GE4    -1.239789e+03  -6.657379e-09  1.144e-06  3.267e+00  
 GE5    -1.239789e+03  -1.316704e-10  7.575e-08  3.255e+00  
 GE6    -1.239789e+03  4.447018e-12   7.483e-09  3.253e+00  
 ><><><><><><><><><><><><><><><><><><><><><><
 TOTAL-STRESS (KBAR):
 ><><><><><><><><><><><><><><><><><><><><><><
 1.987e+01      -5.664e+01     -5.664e+01     
 -5.664e+01     1.987e+01      -5.664e+01     
 -5.664e+01     -5.664e+01     1.987e+01      
 TOTAL-PRESSURE: 1.987e+01 KBAR
 ETOT DIFF (eV)       : 4.136e-05
 LARGEST GRAD (eV/A)  : 9.758e-02
 -------------------------------------------
 STEP OF RELAXATION : 8
 -------------------------------------------
 DONE(2.205e+02  SEC) : INIT SCF
 ITER   ETOT(eV)       EDIFF(eV)      DRHO       TIME(s)    
 GE1    -1.239789e+03  0.000000e+00   8.576e-06  3.814e+00  
 GE2    -1.239789e+03  -3.098622e-06  2.300e-06  3.408e+00  
 GE3    -1.239789e+03  -3.020105e-10  1.224e-06  3.402e+00  
 GE4    -1.239789e+03  -3.449339e-10  2.588e-07  3.399e+00  
 GE5    -1.239789e+03  -4.640366e-12  1.712e-08  3.412e+00  
 GE6    -1.239789e+03  -9.667430e-13  1.679e-09  3.418e+00  
 ><><><><><><><><><><><><><><><><><><><><><><
 TOTAL-STRESS (KBAR):
 ><><><><><><><><><><><><><><><><><><><><><><
 1.987e+01      -5.663e+01     -5.663e+01     
 -5.663e+01     1.987e+01      -5.663e+01     
 -5.663e+01     -5.663e+01     1.987e+01      
 TOTAL-PRESSURE: 1.987e+01 KBAR
 ETOT DIFF (eV)       : 1.027e-05
 LARGEST GRAD (eV/A)  : 9.452e-02
 -------------------------------------------
 STEP OF RELAXATION : 9
 -------------------------------------------
 DONE(2.453e+02  SEC) : INIT SCF
 ITER   ETOT(eV)       EDIFF(eV)      DRHO       TIME(s)    
 GE1    -1.239789e+03  0.000000e+00   1.399e-05  3.530e+00  
 GE2    -1.239789e+03  -1.117774e-06  3.598e-06  3.248e+00  
 GE3    -1.239789e+03  -2.223509e-10  1.477e-06  3.251e+00  
 GE4    -1.239789e+03  -5.504635e-10  4.259e-07  3.248e+00  
 GE5    -1.239789e+03  -2.242844e-11  1.311e-08  3.248e+00  
 GE6    -1.239789e+03  1.160092e-12   2.701e-09  3.246e+00  
 ><><><><><><><><><><><><><><><><><><><><><><
 TOTAL-STRESS (KBAR):
 ><><><><><><><><><><><><><><><><><><><><><><
 1.988e+01      -5.664e+01     -5.664e+01     
 -5.664e+01     1.988e+01      -5.664e+01     
 -5.664e+01     -5.664e+01     1.988e+01      
 TOTAL-PRESSURE: 1.988e+01 KBAR
 ETOT DIFF (eV)       : -2.864e-05
 LARGEST GRAD (eV/A)  : 9.009e-02
 -------------------------------------------
 STEP OF RELAXATION : 10
 -------------------------------------------
 DONE(2.689e+02  SEC) : INIT SCF
 ITER   ETOT(eV)       EDIFF(eV)      DRHO       TIME(s)    
 GE1    -1.239789e+03  0.000000e+00   4.197e-05  3.613e+00  
 GE2    -1.239789e+03  -3.838047e-06  1.079e-05  3.268e+00  
 GE3    -1.239789e+03  -2.388629e-09  4.432e-06  3.265e+00  
 GE4    -1.239789e+03  -5.042145e-09  1.277e-06  3.260e+00  
 GE5    -1.239789e+03  -2.364653e-10  3.936e-08  3.262e+00  
 GE6    -1.239789e+03  3.286926e-12   8.220e-09  3.270e+00  
 ><><><><><><><><><><><><><><><><><><><><><><
 TOTAL-STRESS (KBAR):
 ><><><><><><><><><><><><><><><><><><><><><><
 1.990e+01      -5.668e+01     -5.668e+01     
 -5.668e+01     1.990e+01      -5.668e+01     
 -5.668e+01     -5.668e+01     1.990e+01      
 TOTAL-PRESSURE: 1.990e+01 KBAR
 ETOT DIFF (eV)       : -7.797e-05
 LARGEST GRAD (eV/A)  : 7.681e-02
 -------------------------------------------
 STEP OF RELAXATION : 11
 -------------------------------------------
 DONE(2.926e+02  SEC) : INIT SCF
 ITER   ETOT(eV)       EDIFF(eV)      DRHO       TIME(s)    
 GE1    -1.239789e+03  0.000000e+00   7.540e-06  3.552e+00  
 GE2    -1.239789e+03  -5.740643e-06  2.071e-06  3.272e+00  
 GE3    -1.239789e+03  -1.885149e-10  1.080e-06  3.279e+00  
 GE4    -1.239789e+03  -2.643075e-10  2.085e-07  3.265e+00  
 GE5    -1.239789e+03  3.093578e-12   1.316e-08  3.281e+00  
 GE6    -1.239789e+03  -1.160092e-12  2.282e-09  3.269e+00  
 ><><><><><><><><><><><><><><><><><><><><><><
 TOTAL-STRESS (KBAR):
 ><><><><><><><><><><><><><><><><><><><><><><
 1.991e+01      -5.669e+01     -5.669e+01     
 -5.669e+01     1.991e+01      -5.669e+01     
 -5.669e+01     -5.669e+01     1.991e+01      
 TOTAL-PRESSURE: 1.991e+01 KBAR
 ETOT DIFF (eV)       : -1.729e-05
 LARGEST GRAD (eV/A)  : 6.911e-02
 -------------------------------------------
 STEP OF RELAXATION : 12
 -------------------------------------------
 DONE(3.159e+02  SEC) : INIT SCF
 ITER   ETOT(eV)       EDIFF(eV)      DRHO       TIME(s)    
 GE1    -1.239789e+03  0.000000e+00   2.262e-05  3.690e+00  
 GE2    -1.239789e+03  -2.350805e-05  6.217e-06  3.267e+00  
 GE3    -1.239789e+03  -2.033447e-09  3.245e-06  3.262e+00  
 GE4    -1.239789e+03  -2.441026e-09  6.252e-07  3.265e+00  
 GE5    -1.239789e+03  -1.778807e-11  3.951e-08  3.271e+00  
 GE6    -1.239789e+03  2.706880e-12   6.874e-09  3.272e+00  
 ><><><><><><><><><><><><><><><><><><><><><><
 TOTAL-STRESS (KBAR):
 ><><><><><><><><><><><><><><><><><><><><><><
 1.991e+01      -5.670e+01     -5.670e+01     
 -5.670e+01     1.991e+01      -5.670e+01     
 -5.670e+01     -5.670e+01     1.991e+01      
 TOTAL-PRESSURE: 1.991e+01 KBAR
 ETOT DIFF (eV)       : -5.122e-05
 LARGEST GRAD (eV/A)  : 4.600e-02
 -------------------------------------------
 STEP OF RELAXATION : 13
 -------------------------------------------
 DONE(3.397e+02  SEC) : INIT SCF
 ITER   ETOT(eV)       EDIFF(eV)      DRHO       TIME(s)    
 GE1    -1.239789e+03  0.000000e+00   1.366e-05  6.542e+00  
 GE2    -1.239789e+03  4.421351e-07   3.500e-06  3.272e+00  
 GE3    -1.239789e+03  -2.583137e-10  1.457e-06  3.271e+00  
 GE4    -1.239789e+03  -5.137272e-10  4.261e-07  3.269e+00  
 GE5    -1.239789e+03  -3.132247e-11  1.475e-08  3.269e+00  
 GE6    -1.239789e+03  -9.667430e-13  2.387e-09  3.281e+00  
 ><><><><><><><><><><><><><><><><><><><><><><
 TOTAL-STRESS (KBAR):
 ><><><><><><><><><><><><><><><><><><><><><><
 1.992e+01      -5.672e+01     -5.672e+01     
 -5.672e+01     1.992e+01      -5.672e+01     
 -5.672e+01     -5.672e+01     1.992e+01      
 TOTAL-PRESSURE: 1.992e+01 KBAR
 ETOT DIFF (eV)       : -1.815e-05
 LARGEST GRAD (eV/A)  : 4.369e-02
 -------------------------------------------
 STEP OF RELAXATION : 14
 -------------------------------------------
 DONE(3.665e+02  SEC) : INIT SCF
 ITER   ETOT(eV)       EDIFF(eV)      DRHO       TIME(s)    
 GE1    -1.239789e+03  0.000000e+00   4.096e-05  4.920e+00  
 GE2    -1.239789e+03  1.212617e-06   1.050e-05  3.265e+00  
 GE3    -1.239789e+03  -2.416084e-09  4.369e-06  3.268e+00  
 GE4    -1.239789e+03  -4.736461e-09  1.278e-06  3.276e+00  
 GE5    -1.239789e+03  -2.542534e-10  4.430e-08  3.264e+00  
 GE6    -1.239789e+03  -1.933486e-12  7.272e-09  3.267e+00  
 ><><><><><><><><><><><><><><><><><><><><><><
 TOTAL-STRESS (KBAR):
 ><><><><><><><><><><><><><><><><><><><><><><
 1.996e+01      -5.675e+01     -5.675e+01     
 -5.675e+01     1.996e+01      -5.675e+01     
 -5.675e+01     -5.675e+01     1.996e+01      
 TOTAL-PRESSURE: 1.996e+01 KBAR
 ETOT DIFF (eV)       : -4.680e-05
 LARGEST GRAD (eV/A)  : 3.676e-02
 -------------------------------------------
 STEP OF RELAXATION : 15
 -------------------------------------------
 DONE(3.928e+02  SEC) : INIT SCF
 ITER   ETOT(eV)       EDIFF(eV)      DRHO       TIME(s)    
 GE1    -1.239789e+03  0.000000e+00   1.248e-05  3.618e+00  
 GE2    -1.239789e+03  -1.948534e-06  3.221e-06  3.265e+00  
 GE3    -1.239789e+03  -2.414924e-10  1.343e-06  3.255e+00  
 GE4    -1.239789e+03  -4.557226e-10  3.777e-07  3.262e+00  
 GE5    -1.239789e+03  -2.436192e-11  1.262e-08  3.251e+00  
 GE6    -1.239789e+03  7.733944e-13   2.381e-09  3.255e+00  
 ><><><><><><><><><><><><><><><><><><><><><><
 TOTAL-STRESS (KBAR):
 ><><><><><><><><><><><><><><><><><><><><><><
 1.996e+01      -5.676e+01     -5.676e+01     
 -5.676e+01     1.996e+01      -5.676e+01     
 -5.676e+01     -5.676e+01     1.996e+01      
 TOTAL-PRESSURE: 1.996e+01 KBAR
 ETOT DIFF (eV)       : -1.433e-05
 LARGEST GRAD (eV/A)  : 3.274e-02
 -------------------------------------------
 STEP OF RELAXATION : 16
 -------------------------------------------
 DONE(4.165e+02  SEC) : INIT SCF
 ITER   ETOT(eV)       EDIFF(eV)      DRHO       TIME(s)    
 GE1    -1.239789e+03  0.000000e+00   3.742e-05  3.657e+00  
 GE2    -1.239789e+03  -6.313282e-06  9.664e-06  3.277e+00  
 GE3    -1.239789e+03  -2.237817e-09  4.031e-06  3.265e+00  
 GE4    -1.239789e+03  -4.178457e-09  1.133e-06  3.266e+00  
 GE5    -1.239789e+03  -1.999224e-10  3.793e-08  3.263e+00  
 GE6    -1.239789e+03  0.000000e+00   7.252e-09  3.269e+00  
 ><><><><><><><><><><><><><><><><><><><><><><
 TOTAL-STRESS (KBAR):
 ><><><><><><><><><><><><><><><><><><><><><><
 1.999e+01      -5.679e+01     -5.679e+01     
 -5.679e+01     1.999e+01      -5.679e+01     
 -5.679e+01     -5.679e+01     1.999e+01      
 TOTAL-PRESSURE: 1.999e+01 KBAR
 ETOT DIFF (eV)       : -3.687e-05
 LARGEST GRAD (eV/A)  : 2.740e-02
 -------------------------------------------
 STEP OF RELAXATION : 17
 -------------------------------------------
 DONE(4.404e+02  SEC) : INIT SCF
 ITER   ETOT(eV)       EDIFF(eV)      DRHO       TIME(s)    
 GE1    -1.239789e+03  0.000000e+00   1.579e-05  3.663e+00  
 GE2    -1.239789e+03  5.328398e-06   4.221e-06  3.248e+00  
 GE3    -1.239789e+03  -1.009473e-09  2.210e-06  3.253e+00  
 GE4    -1.239789e+03  -1.112334e-09  4.679e-07  3.267e+00  
 GE5    -1.239789e+03  -4.234334e-11  2.804e-08  3.243e+00  
 GE6    -1.239789e+03  2.126835e-12   3.294e-09  3.255e+00  
 ><><><><><><><><><><><><><><><><><><><><><><
 TOTAL-STRESS (KBAR):
 ><><><><><><><><><><><><><><><><><><><><><><
 2.000e+01      -5.680e+01     -5.680e+01     
 -5.680e+01     2.000e+01      -5.680e+01     
 -5.680e+01     -5.680e+01     2.000e+01      
 TOTAL-PRESSURE: 2.000e+01 KBAR
 ETOT DIFF (eV)       : -4.645e-06
 LARGEST GRAD (eV/A)  : 2.194e-02
 -------------------------------------------
 STEP OF RELAXATION : 18
 -------------------------------------------
 DONE(4.643e+02  SEC) : INIT SCF
 ITER   ETOT(eV)       EDIFF(eV)      DRHO       TIME(s)    
 GE1    -1.239789e+03  0.000000e+00   3.861e-05  3.683e+00  
 GE2    -1.239789e+03  1.100613e-05   1.032e-05  3.257e+00  
 GE3    -1.239789e+03  -5.721958e-09  5.402e-06  3.257e+00  
 GE4    -1.239789e+03  -6.675167e-09  1.144e-06  3.247e+00  
 GE5    -1.239789e+03  -1.883215e-10  6.868e-08  3.243e+00  
 GE6    -1.239789e+03  -3.286926e-12  8.326e-09  3.272e+00  
 ><><><><><><><><><><><><><><><><><><><><><><
 TOTAL-STRESS (KBAR):
 ><><><><><><><><><><><><><><><><><><><><><><
 2.004e+01      -5.683e+01     -5.683e+01     
 -5.683e+01     2.004e+01      -5.683e+01     
 -5.683e+01     -5.683e+01     2.004e+01      
 TOTAL-PRESSURE: 2.004e+01 KBAR
 ETOT DIFF (eV)       : -5.126e-06
 LARGEST GRAD (eV/A)  : 2.499e-02
 -------------------------------------------
 STEP OF RELAXATION : 19
 -------------------------------------------
 DONE(4.880e+02  SEC) : INIT SCF
 ITER   ETOT(eV)       EDIFF(eV)      DRHO       TIME(s)    
 GE1    -1.239789e+03  0.000000e+00   1.321e-05  3.895e+00  
 GE2    -1.239789e+03  -4.492512e-06  3.474e-06  3.257e+00  
 GE3    -1.239789e+03  -4.135727e-10  1.532e-06  3.260e+00  
 GE4    -1.239789e+03  -6.102082e-10  3.831e-07  3.263e+00  
 GE5    -1.239789e+03  -3.074243e-11  1.381e-08  3.257e+00  
 GE6    -1.239789e+03  1.740137e-12   2.866e-09  3.266e+00  
 ><><><><><><><><><><><><><><><><><><><><><><
 TOTAL-STRESS (KBAR):
 ><><><><><><><><><><><><><><><><><><><><><><
 2.004e+01      -5.684e+01     -5.684e+01     
 -5.684e+01     2.004e+01      -5.684e+01     
 -5.684e+01     -5.684e+01     2.004e+01      
 TOTAL-PRESSURE: 2.004e+01 KBAR
 ETOT DIFF (eV)       : -8.901e-06
 LARGEST GRAD (eV/A)  : 1.852e-02
 -------------------------------------------
 STEP OF RELAXATION : 20
 -------------------------------------------
 DONE(5.126e+02  SEC) : INIT SCF
 ITER   ETOT(eV)       EDIFF(eV)      DRHO       TIME(s)    
 GE1    -1.239789e+03  0.000000e+00   3.283e-05  3.602e+00  
 GE2    -1.239789e+03  -1.283311e-05  8.634e-06  3.254e+00  
 GE3    -1.239789e+03  -2.396749e-09  3.803e-06  3.255e+00  
 GE4    -1.239789e+03  -3.769524e-09  9.522e-07  3.248e+00  
 GE5    -1.239789e+03  -1.438514e-10  3.438e-08  3.242e+00  
 GE6    -1.239789e+03  -9.667430e-13  7.216e-09  3.251e+00  
 ><><><><><><><><><><><><><><><><><><><><><><
 TOTAL-STRESS (KBAR):
 ><><><><><><><><><><><><><><><><><><><><><><
 2.007e+01      -5.687e+01     -5.687e+01     
 -5.687e+01     2.007e+01      -5.687e+01     
 -5.687e+01     -5.687e+01     2.007e+01      
 TOTAL-PRESSURE: 2.007e+01 KBAR
 ETOT DIFF (eV)       : -1.754e-05
 LARGEST GRAD (eV/A)  : 6.315e-03
 -------------------------------------------
 STEP OF RELAXATION : 21
 -------------------------------------------
 DONE(5.365e+02  SEC) : INIT SCF
 ITER   ETOT(eV)       EDIFF(eV)      DRHO       TIME(s)    
 GE1    -1.239789e+03  0.000000e+00   3.136e-06  3.588e+00  
 GE2    -1.239789e+03  3.233274e-07   9.745e-07  3.252e+00  
 GE3    -1.239789e+03  -1.790408e-10  5.802e-07  3.256e+00  
 GE4    -1.239789e+03  -7.753279e-11  8.177e-08  3.253e+00  
 GE5    -1.239789e+03  -7.347247e-12  6.650e-09  3.252e+00  
 ><><><><><><><><><><><><><><><><><><><><><><
 TOTAL-STRESS (KBAR):
 ><><><><><><><><><><><><><><><><><><><><><><
 2.007e+01      -5.687e+01     -5.687e+01     
 -5.687e+01     2.007e+01      -5.687e+01     
 -5.687e+01     -5.687e+01     2.007e+01      
 TOTAL-PRESSURE: 2.007e+01 KBAR
 ETOT DIFF (eV)       : 1.065e-08
 LARGEST GRAD (eV/A)  : 4.795e-03
 -------------------------------------------
 STEP OF RELAXATION : 22
 -------------------------------------------
 DONE(5.569e+02  SEC) : INIT SCF
 ITER   ETOT(eV)       EDIFF(eV)      DRHO       TIME(s)    
 GE1    -1.239789e+03  0.000000e+00   9.408e-06  5.999e+00  
 GE2    -1.239789e+03  8.360413e-07   2.921e-06  3.251e+00  
 GE3    -1.239789e+03  -1.327725e-09  1.736e-06  3.257e+00  
 GE4    -1.239789e+03  -6.521648e-10  2.455e-07  3.254e+00  
 GE5    -1.239789e+03  -2.571536e-11  1.996e-08  3.271e+00  
 GE6    -1.239789e+03  -7.733944e-13  3.077e-09  3.255e+00  
 ><><><><><><><><><><><><><><><><><><><><><><
 TOTAL-STRESS (KBAR):
 ><><><><><><><><><><><><><><><><><><><><><><
 2.007e+01      -5.688e+01     -5.688e+01     
 -5.688e+01     2.007e+01      -5.688e+01     
 -5.688e+01     -5.688e+01     2.007e+01      
 TOTAL-PRESSURE: 2.007e+01 KBAR
 ETOT DIFF (eV)       : 1.874e-07
 LARGEST GRAD (eV/A)  : 5.556e-03
 -------------------------------------------
 STEP OF RELAXATION : 23
 -------------------------------------------
 DONE(5.849e+02  SEC) : INIT SCF
 ITER   ETOT(eV)       EDIFF(eV)      DRHO       TIME(s)    
 GE1    -1.239789e+03  0.000000e+00   3.385e-06  3.651e+00  
 GE2    -1.239789e+03  -1.583335e-06  1.126e-06  3.254e+00  
 GE3    -1.239789e+03  -2.343385e-10  6.404e-07  3.249e+00  
 GE4    -1.239789e+03  -9.512751e-11  8.709e-08  3.245e+00  
 GE5    -1.239789e+03  -9.280733e-12  6.429e-09  3.252e+00  
 ><><><><><><><><><><><><><><><><><><><><><><
 TOTAL-STRESS (KBAR):
 ><><><><><><><><><><><><><><><><><><><><><><
 2.007e+01      -5.688e+01     -5.688e+01     
 -5.688e+01     2.007e+01      -5.688e+01     
 -5.688e+01     -5.688e+01     2.007e+01      
 TOTAL-PRESSURE: 2.007e+01 KBAR
 ETOT DIFF (eV)       : -1.992e-06
 LARGEST GRAD (eV/A)  : 3.916e-03
 -------------------------------------------
 STEP OF RELAXATION : 24
 -------------------------------------------
 DONE(6.056e+02  SEC) : INIT SCF
 ITER   ETOT(eV)       EDIFF(eV)      DRHO       TIME(s)    
 GE1    -1.239789e+03  0.000000e+00   1.015e-05  5.613e+00  
 GE2    -1.239789e+03  -5.200883e-06  3.374e-06  3.258e+00  
 GE3    -1.239789e+03  -1.770300e-09  1.919e-06  3.245e+00  
 GE4    -1.239789e+03  -7.803549e-10  2.614e-07  3.257e+00  
 GE5    -1.239789e+03  -2.861559e-11  1.930e-08  3.262e+00  
 GE6    -1.239789e+03  7.733944e-13   3.468e-09  3.249e+00  
 ><><><><><><><><><><><><><><><><><><><><><><
 TOTAL-STRESS (KBAR):
 ><><><><><><><><><><><><><><><><><><><><><><
 2.007e+01      -5.687e+01     -5.687e+01     
 -5.687e+01     2.007e+01      -5.687e+01     
 -5.687e+01     -5.687e+01     2.007e+01      
 TOTAL-PRESSURE: 2.007e+01 KBAR
 ETOT DIFF (eV)       : -6.121e-06
 LARGEST GRAD (eV/A)  : 4.664e-03
 -------------------------------------------
 STEP OF RELAXATION : 25
 -------------------------------------------
 DONE(6.315e+02  SEC) : INIT SCF
 ITER   ETOT(eV)       EDIFF(eV)      DRHO       TIME(s)    
 GE1    -1.239789e+03  0.000000e+00   2.717e-06  4.128e+00  
 GE2    -1.239789e+03  -1.243376e-07  9.140e-07  3.254e+00  
 GE3    -1.239789e+03  -1.732403e-10  5.139e-07  3.256e+00  
 GE4    -1.239789e+03  -6.786536e-11  7.337e-08  3.263e+00  
 GE5    -1.239789e+03  -7.733944e-12  5.160e-09  3.265e+00  
 ><><><><><><><><><><><><><><><><><><><><><><
 TOTAL-STRESS (KBAR):
 ><><><><><><><><><><><><><><><><><><><><><><
 2.007e+01      -5.687e+01     -5.687e+01     
 -5.687e+01     2.007e+01      -5.687e+01     
 -5.687e+01     -5.687e+01     2.007e+01      
 TOTAL-PRESSURE: 2.007e+01 KBAR
 ETOT DIFF (eV)       : -3.683e-07
 LARGEST GRAD (eV/A)  : 3.675e-03
 -------------------------------------------
 STEP OF RELAXATION : 26
 -------------------------------------------
 DONE(6.524e+02  SEC) : INIT SCF
 ITER   ETOT(eV)       EDIFF(eV)      DRHO       TIME(s)    
 GE1    -1.239789e+03  0.000000e+00   8.152e-06  3.672e+00  
 GE2    -1.239789e+03  -5.718486e-07  2.739e-06  3.260e+00  
 GE3    -1.239789e+03  -1.327725e-09  1.539e-06  3.251e+00  
 GE4    -1.239789e+03  -5.222346e-10  2.202e-07  3.255e+00  
 GE5    -1.239789e+03  -2.049495e-11  1.549e-08  3.257e+00  
 GE6    -1.239789e+03  3.480275e-12   3.452e-09  3.261e+00  
 ><><><><><><><><><><><><><><><><><><><><><><
 TOTAL-STRESS (KBAR):
 ><><><><><><><><><><><><><><><><><><><><><><
 2.007e+01      -5.687e+01     -5.687e+01     
 -5.687e+01     2.007e+01      -5.687e+01     
 -5.687e+01     -5.687e+01     2.007e+01      
 TOTAL-PRESSURE: 2.007e+01 KBAR
 ETOT DIFF (eV)       : -1.115e-06
 LARGEST GRAD (eV/A)  : 1.878e-03
 -------------------------------------------
 STEP OF RELAXATION : 27
 -------------------------------------------
 DONE(6.762e+02  SEC) : INIT SCF
 ITER   ETOT(eV)       EDIFF(eV)      DRHO       TIME(s)    
 GE1    -1.239789e+03  0.000000e+00   8.205e-07  3.555e+00  
 GE2    -1.239789e+03  2.642288e-07   2.622e-07  3.255e+00  
 GE3    -1.239789e+03  -1.546789e-12  1.503e-07  3.251e+00  
 GE4    -1.239789e+03  -1.740137e-12  2.187e-08  3.249e+00  
 GE5    -1.239789e+03  5.800458e-13   1.664e-09  3.251e+00  
 ><><><><><><><><><><><><><><><><><><><><><><
 TOTAL-STRESS (KBAR):
 ><><><><><><><><><><><><><><><><><><><><><><
 2.007e+01      -5.687e+01     -5.687e+01     
 -5.687e+01     2.007e+01      -5.687e+01     
 -5.687e+01     -5.687e+01     2.007e+01      
 TOTAL-PRESSURE: 2.007e+01 KBAR
 ETOT DIFF (eV)       : 2.655e-07
 LARGEST GRAD (eV/A)  : 1.652e-03
 -------------------------------------------
 STEP OF RELAXATION : 28
 -------------------------------------------
 DONE(6.965e+02  SEC) : INIT SCF
 ITER   ETOT(eV)       EDIFF(eV)      DRHO       TIME(s)    
 GE1    -1.239789e+03  0.000000e+00   2.462e-06  6.285e+00  
 GE2    -1.239789e+03  7.864541e-07   7.855e-07  3.261e+00  
 GE3    -1.239789e+03  -6.496513e-11  4.509e-07  3.252e+00  
 GE4    -1.239789e+03  -3.383600e-11  6.568e-08  3.262e+00  
 GE5    -1.239789e+03  4.447018e-12   4.994e-09  3.251e+00  
 ><><><><><><><><><><><><><><><><><><><><><><
 TOTAL-STRESS (KBAR):
 ><><><><><><><><><><><><><><><><><><><><><><
 2.007e+01      -5.687e+01     -5.687e+01     
 -5.687e+01     2.007e+01      -5.687e+01     
 -5.687e+01     -5.687e+01     2.007e+01      
 TOTAL-PRESSURE: 2.007e+01 KBAR
 ETOT DIFF (eV)       : 8.086e-07
 LARGEST GRAD (eV/A)  : 1.839e-03
 -------------------------------------------
 STEP OF RELAXATION : 29
 -------------------------------------------
 DONE(7.195e+02  SEC) : INIT SCF
 ITER   ETOT(eV)       EDIFF(eV)      DRHO       TIME(s)    
 GE1    -1.239789e+03  0.000000e+00   8.865e-07  4.498e+00  
 GE2    -1.239789e+03  -4.220313e-07  2.637e-07  3.379e+00  
 GE3    -1.239789e+03  -4.833715e-12  1.389e-07  3.382e+00  
 GE4    -1.239789e+03  -5.413761e-12  2.701e-08  3.382e+00  
 GE5    -1.239789e+03  3.093578e-12   2.046e-09  3.391e+00  
 ><><><><><><><><><><><><><><><><><><><><><><
 TOTAL-STRESS (KBAR):
 ><><><><><><><><><><><><><><><><><><><><><><
 2.007e+01      -5.687e+01     -5.687e+01     
 -5.687e+01     2.007e+01      -5.687e+01     
 -5.687e+01     -5.687e+01     2.007e+01      
 TOTAL-PRESSURE: 2.007e+01 KBAR
 ETOT DIFF (eV)       : -4.820e-07
 LARGEST GRAD (eV/A)  : 1.246e-03
 -------------------------------------------
 STEP OF RELAXATION : 30
 -------------------------------------------
 DONE(7.417e+02  SEC) : INIT SCF
 ITER   ETOT(eV)       EDIFF(eV)      DRHO       TIME(s)    
 GE1    -1.239789e+03  0.000000e+00   2.626e-06  3.657e+00  
 GE2    -1.239789e+03  -1.266516e-06  7.838e-07  3.263e+00  
 GE3    -1.239789e+03  -5.413761e-11  4.139e-07  3.266e+00  
 GE4    -1.239789e+03  -4.002316e-11  7.962e-08  3.258e+00  
 GE5    -1.239789e+03  -3.866972e-13  6.047e-09  3.282e+00  
 ><><><><><><><><><><><><><><><><><><><><><><
 TOTAL-STRESS (KBAR):
 ><><><><><><><><><><><><><><><><><><><><><><
 2.006e+01      -5.687e+01     -5.687e+01     
 -5.687e+01     2.006e+01      -5.687e+01     
 -5.687e+01     -5.687e+01     2.006e+01      
 TOTAL-PRESSURE: 2.006e+01 KBAR
 ETOT DIFF (eV)       : -1.417e-06
 LARGEST GRAD (eV/A)  : 1.920e-03
 -------------------------------------------
 STEP OF RELAXATION : 31
 -------------------------------------------
 DONE(7.623e+02  SEC) : INIT SCF
 ITER   ETOT(eV)       EDIFF(eV)      DRHO       TIME(s)    
 GE1    -1.239789e+03  0.000000e+00   6.436e-07  3.661e+00  
 GE2    -1.239789e+03  1.794990e-08   1.966e-07  3.262e+00  
 GE3    -1.239789e+03  -4.447018e-12  1.109e-07  3.272e+00  
 GE4    -1.239789e+03  -1.546789e-12  1.865e-08  3.260e+00  
 GE5    -1.239789e+03  -1.546789e-12  1.398e-09  3.258e+00  
 ><><><><><><><><><><><><><><><><><><><><><><
 TOTAL-STRESS (KBAR):
 ><><><><><><><><><><><><><><><><><><><><><><
 2.006e+01      -5.687e+01     -5.687e+01     
 -5.687e+01     2.006e+01      -5.687e+01     
 -5.687e+01     -5.687e+01     2.006e+01      
 TOTAL-PRESSURE: 2.006e+01 KBAR
 ETOT DIFF (eV)       : -1.488e-08
 LARGEST GRAD (eV/A)  : 1.734e-03
 -------------------------------------------
 STEP OF RELAXATION : 32
 -------------------------------------------
 DONE(7.828e+02  SEC) : INIT SCF
 ITER   ETOT(eV)       EDIFF(eV)      DRHO       TIME(s)    
 GE1    -1.239789e+03  0.000000e+00   1.931e-06  4.872e+00  
 GE2    -1.239789e+03  4.748816e-08   5.943e-07  3.266e+00  
 GE3    -1.239789e+03  -3.808967e-11  3.365e-07  3.264e+00  
 GE4    -1.239789e+03  -2.474862e-11  5.530e-08  3.253e+00  
 GE5    -1.239789e+03  1.933486e-13   4.174e-09  3.255e+00  
 ><><><><><><><><><><><><><><><><><><><><><><
 TOTAL-STRESS (KBAR):
 ><><><><><><><><><><><><><><><><><><><><><><
 2.006e+01      -5.687e+01     -5.687e+01     
 -5.687e+01     2.006e+01      -5.687e+01     
 -5.687e+01     -5.687e+01     2.006e+01      
 TOTAL-PRESSURE: 2.006e+01 KBAR
 ETOT DIFF (eV)       : -3.928e-08
 LARGEST GRAD (eV/A)  : 1.176e-03
 -------------------------------------------
 STEP OF RELAXATION : 33
 -------------------------------------------
 DONE(8.045e+02  SEC) : INIT SCF
 ITER   ETOT(eV)       EDIFF(eV)      DRHO       TIME(s)    
 GE1    -1.239789e+03  0.000000e+00   2.699e-07  3.743e+00  
 GE2    -1.239789e+03  1.400387e-07   8.205e-08  3.240e+00  
 GE3    -1.239789e+03  -5.220412e-12  4.859e-08  3.238e+00  
 GE4    -1.239789e+03  1.740137e-12   7.187e-09  3.243e+00  
 ><><><><><><><><><><><><><><><><><><><><><><
 TOTAL-STRESS (KBAR):
 ><><><><><><><><><><><><><><><><><><><><><><
 2.006e+01      -5.687e+01     -5.687e+01     
 -5.687e+01     2.006e+01      -5.687e+01     
 -5.687e+01     -5.687e+01     2.006e+01      
 TOTAL-PRESSURE: 2.006e+01 KBAR
 ETOT DIFF (eV)       : 1.375e-07
 LARGEST GRAD (eV/A)  : 8.985e-04

  |CLASS_NAME---------|NAME---------------|TIME(Sec)-----|CALLS----|AVG------|PER%-------
                       total               821.51         73        11        1e+02     %
   Driver              driver_line         821.49         1         8.2e+02   1e+02     %
   PW_Basis            setup_struc_factor  0.15574        33        0.0047    0.019     %
   ORB_control         read_orb_first      0.15377        1         0.15      0.019     %
   LCAO_Orbitals       Read_Orbitals       0.15375        1         0.15      0.019     %
   ORB_control         set_orb_tables      0.48116        1         0.48      0.059     %
   ORB_gen_tables      gen_tables          0.48115        1         0.48      0.059     %
   ORB_table_beta      init_Table_Beta     0.11501        1         0.12      0.014     %
   ORB_table_beta      VNL_PhiBeta_R       0.11416        26        0.0044    0.014     %
   Ions                opt_ions            820.46         1         8.2e+02   1e+02     %
   ESolver_KS_LCAO     Run                 706.55         33        21        86        %
   ESolver_KS_LCAO     beforescf           17.086         33        0.52      2.1       %
   ESolver_KS_LCAO     beforesolver        0.93437        33        0.028     0.11      %
   ESolver_KS_LCAO     set_matrix_grid     0.84649        33        0.026     0.1       %
   Grid_Technique      init                0.54422        33        0.016     0.066     %
   Grid_BigCell        grid_expansion_index0.19521        66        0.003     0.024     %
   Record_adj          for_2d              0.21119        33        0.0064    0.026     %
   Charge              atomic_rho          5.1923         66        0.079     0.63      %
   PW_Basis            recip2real          5.6018         1596      0.0035    0.68      %
   PW_Basis            gathers_scatterp    0.78546        1596      0.00049   0.096     %
   Potential           init_pot            6.2519         33        0.19      0.76      %
   Potential           update_from_charge  8.5121         233       0.037     1         %
   Potential           cal_fixed_v         0.19382        33        0.0059    0.024     %
   PotLocal            cal_fixed_v         0.1917         33        0.0058    0.023     %
   Potential           cal_v_eff           8.3177         233       0.036     1         %
   H_Hartree_pw        v_hartree           3.8236         233       0.016     0.47      %
   PW_Basis            real2recip          6.0989         2229      0.0027    0.74      %
   PW_Basis            gatherp_scatters    3.9216         2229      0.0018    0.48      %
   PotXC               cal_v_eff           4.4622         233       0.019     0.54      %
   XC_Functional       v_xc                4.45           233       0.019     0.54      %
   Symmetry            rhog_symmetry       15.168         233       0.065     1.8       %
   HSolverLCAO         solve               669.47         200       3.3       81        %
   HamiltLCAO          updateHk            138.72         23200     0.006     17        %
   OperatorLCAO        init                103.38         46400     0.0022    13        %
   Veff                contributeHk        103.19         23200     0.0044    13        %
   Gint_interface      cal_gint            159.35         433       0.37      19        %
   Gint_interface      cal_gint_vlocal     65.532         200       0.33      8         %
   Gint_Tools          cal_psir_ylm        10.371         51600     0.0002    1.3       %
   Gint_k              folding_vl_k        37.629         23200     0.0016    4.6       %
   Gint_k              Distri              31.114         23200     0.0013    3.8       %
   Overlap             contributeHR        0.62622        33        0.019     0.076     %
   LCAO_gen_fixedH     calculate_S_no      0.62617        33        0.019     0.076     %
   Ekin<LCAO>          contributeHR        0.64026        33        0.019     0.078     %
   Nonlocal<LCAO>      contributeHR        6.6491         33        0.2       0.81      %
   LCAO_gen_fixedH     b_NL_mu_new         22.349         66        0.34      2.7       %
   OperatorLCAO        folding_fixed       27.351         23200     0.0012    3.3       %
   LCAO_nnr            folding_fixedH      26.921         23200     0.0012    3.3       %
   HSolverLCAO         hamiltSolvePsiK     422.97         23200     0.018     51        %
   DiagoElpa           elpa_solve          412.6          23200     0.018     50        %
   ElecStateLCAO       psiToRho            107.74         200       0.54      13        %
   elecstate           cal_dm              20.62          233       0.088     2.5       %
   psiMulPsiMpi        pdgemm              19.172         27028     0.00071   2.3       %
    Local_Orbital_wfc  wfc_2d_to_grid      1.316          27028     4.9e-05   0.16      %
   LCAO_Charge         cal_dk_k            37.167         200       0.19      4.5       %
   Gint_interface      cal_gint_rho        54.758         200       0.27      6.7       %
   Charge              mix_rho             0.11398        167       0.00068   0.014     %
   Charge              Pulay_mixing        0.10926        167       0.00065   0.013     %
   Force_Stress_LCAO   getForceStress      113.84         33        3.4       14        %
   Forces              cal_force_loc       0.15283        33        0.0046    0.019     %
   Forces              cal_force_ew        0.12088        33        0.0037    0.015     %
   Stress_Func         stress_loc          0.17225        33        0.0052    0.021     %
   Stress_Func         stress_gga          0.16926        33        0.0051    0.021     %
   Force_LCAO_k        ftable_k            112.9          33        3.4       14        %
   Force_LCAO_k        allocate_k          26.193         33        0.79      3.2       %
   Force_LCAO_k        cal_foverlap_k      8.0395         33        0.24      0.98      %
   Force_LCAO_k        cal_edm_2d          7.9581         33        0.24      0.97      %
   Local_Orbital_Chargecal_dm_R            2.9187         66        0.044     0.36      %
   Force_LCAO_k        cal_fvl_dphi_k      39.056         33        1.2       4.8       %
   Gint_interface      cal_gint_force      39.056         33        1.2       4.8       %
   Gint_Tools          cal_dpsir_ylm       18.589         4257      0.0044    2.3       %
   Gint_Tools          cal_dpsirr_ylm      1.749          4257      0.00041   0.21      %
   Force_LCAO_k        cal_fvnl_dbeta_k_new35.118         33        1.1       4.3       %
   ORB_gen_tables      snap_psibeta_half   0.40196        60918     6.6e-06   0.049     %
 ----------------------------------------------------------------------------------------

 START  Time  : Sun Aug 27 15:35:25 2023
 FINISH Time  : Sun Aug 27 15:49:07 2023
 TOTAL  Time  : 822
 SEE INFORMATION IN : OUT.ABACUS/
