                                                                                     
                              ABACUS v3.3.0

               Atomic-orbital Based Ab-initio Computation at UStc                    

                     Website: http://abacus.ustc.edu.cn/                             
               Documentation: https://abacus.deepmodeling.com/                       
                  Repository: https://github.com/abacusmodeling/abacus-develop       
                              https://github.com/deepmodeling/abacus-develop         
                      Commit: unknown

 Sun Aug 27 15:50:49 2023
 MAKE THE DIR         : OUT.ABACUS/
 UNIFORM GRID DIM     : 30 * 30 * 150
 UNIFORM GRID DIM(BIG): 6 * 6 * 50
 DONE(0.0391716  SEC) : SETUP UNITCELL
 DONE(0.108035   SEC) : SYMMETRY
 DONE(0.310656   SEC) : INIT K-POINTS
 ---------------------------------------------------------
 Ion relaxation calculations
 ---------------------------------------------------------
 SPIN    KPOINTS         PROCESSORS  NBASE       
 1       73              2           26          
 ---------------------------------------------------------
 Use Systematically Improvable Atomic bases
 ---------------------------------------------------------
 ELEMENT ORBITALS        NBASE       NATOM       XC          
 C       2s2p1d-7au      13          2           
 ---------------------------------------------------------
 Initial plane wave basis and FFT box
 ---------------------------------------------------------
 -------------------------------------------
 STEP OF RELAXATION : 1
 -------------------------------------------
 START CHARGE      : atomic
 DONE(1.03908    SEC) : INIT SCF
 ITER   ETOT(eV)       EDIFF(eV)      DRHO       TIME(s)    
 GE1    -3.098494e+02  0.000000e+00   1.716e-01  3.825e-01  
 GE2    -3.101752e+02  -3.257814e-01  2.733e-02  3.377e-01  
 GE3    -3.101754e+02  -1.641342e-04  6.713e-03  3.372e-01  
 GE4    -3.101754e+02  -4.240400e-06  8.572e-05  3.431e-01  
 GE5    -3.101754e+02  -1.348527e-07  4.893e-06  3.350e-01  
 GE6    -3.101754e+02  1.664635e-08   3.813e-07  3.350e-01  
 GE7    -3.101754e+02  -1.784608e-10  4.926e-08  3.305e-01  
 GE8    -3.101754e+02  2.289247e-10   2.443e-09  3.405e-01  
 ><><><><><><><><><><><><><><><><><><><><><><
 TOTAL-STRESS (KBAR):
 ><><><><><><><><><><><><><><><><><><><><><><
 2.231e+01      5.218e-08      0.000e+00      
 5.218e-08      -4.216e+00     0.000e+00      
 0.000e+00      0.000e+00      -5.263e-01     
 TOTAL-PRESSURE: 5.856e+00 KBAR
 ETOT DIFF (eV)       : 0.000e+00
 LARGEST GRAD (eV/A)  : 1.216e-01
 -------------------------------------------
 STEP OF RELAXATION : 2
 -------------------------------------------
 DONE(4.484e+00  SEC) : INIT SCF
 ITER   ETOT(eV)       EDIFF(eV)      DRHO       TIME(s)    
 GE1    -3.101726e+02  0.000000e+00   2.569e-03  3.575e-01  
 GE2    -3.101727e+02  -1.313004e-04  4.183e-04  3.358e-01  
 GE3    -3.101727e+02  -5.274985e-07  1.008e-04  3.328e-01  
 GE4    -3.101727e+02  -7.927679e-09  1.638e-06  3.330e-01  
 GE5    -3.101727e+02  -1.291762e-09  4.316e-07  3.393e-01  
 GE6    -3.101727e+02  2.844158e-10   1.470e-08  3.327e-01  
 GE7    -3.101727e+02  9.474081e-12   2.004e-09  3.340e-01  
 ><><><><><><><><><><><><><><><><><><><><><><
 TOTAL-STRESS (KBAR):
 ><><><><><><><><><><><><><><><><><><><><><><
 1.863e+01      4.356e-08      0.000e+00      
 4.356e-08      -3.381e-01     3.534e-29      
 0.000e+00      3.534e-29      -2.250e-01     
 TOTAL-PRESSURE: 6.021e+00 KBAR
 ETOT DIFF (eV)       : 2.655e-03
 LARGEST GRAD (eV/A)  : 5.522e-01
 -------------------------------------------
 STEP OF RELAXATION : 3
 -------------------------------------------
 DONE(7.575e+00  SEC) : INIT SCF
 ITER   ETOT(eV)       EDIFF(eV)      DRHO       TIME(s)    
 GE1    -3.101754e+02  0.000000e+00   2.123e-03  3.572e-01  
 GE2    -3.101755e+02  -7.835391e-05  3.410e-04  3.341e-01  
 GE3    -3.101755e+02  -2.267399e-07  8.193e-05  3.305e-01  
 GE4    -3.101755e+02  -1.263340e-08  1.244e-06  3.350e-01  
 GE5    -3.101755e+02  3.737428e-10   2.973e-08  3.381e-01  
 GE6    -3.101755e+02  2.996903e-11   5.063e-09  3.408e-01  
 ><><><><><><><><><><><><><><><><><><><><><><
 TOTAL-STRESS (KBAR):
 ><><><><><><><><><><><><><><><><><><><><><><
 2.160e+01      5.050e-08      0.000e+00      
 5.050e-08      -3.613e+00     3.092e-29      
 0.000e+00      0.000e+00      -5.174e-01     
 TOTAL-PRESSURE: 5.822e+00 KBAR
 ETOT DIFF (eV)       : -2.764e-03
 LARGEST GRAD (eV/A)  : 2.765e-03
 -------------------------------------------
 STEP OF RELAXATION : 4
 -------------------------------------------
 DONE(1.033e+01  SEC) : INIT SCF
 ITER   ETOT(eV)       EDIFF(eV)      DRHO       TIME(s)    
 GE1    -3.101755e+02  0.000000e+00   1.032e-05  3.570e-01  
 GE2    -3.101755e+02  -1.943095e-08  1.705e-06  3.339e-01  
 GE3    -3.101755e+02  -7.745545e-10  4.096e-07  3.328e-01  
 GE4    -3.101755e+02  3.170917e-11   6.119e-09  3.338e-01  
 ><><><><><><><><><><><><><><><><><><><><><><
 TOTAL-STRESS (KBAR):
 ><><><><><><><><><><><><><><><><><><><><><><
 2.158e+01      5.047e-08      0.000e+00      
 5.047e-08      -3.598e+00     -1.767e-29     
 0.000e+00      -1.767e-29     -5.158e-01     
 TOTAL-PRESSURE: 5.822e+00 KBAR
 ETOT DIFF (eV)       : 4.570e-07
 LARGEST GRAD (eV/A)  : 4.356e-06

  |CLASS_NAME---------|NAME---------------|TIME(Sec)-----|CALLS----|AVG------|PER%-------
                       total               12.25          15        0.82      1e+02     %
   Driver              driver_line         12.234         1         12        1e+02     %
   ORB_control         set_orb_tables      0.47084        1         0.47      3.8       %
   ORB_gen_tables      gen_tables          0.47084        1         0.47      3.8       %
   ORB_table_beta      init_Table_Beta     0.1209         1         0.12      0.99      %
   ORB_table_beta      VNL_PhiBeta_R       0.12003        26        0.0046    0.98      %
   Ions                opt_ions            11.288         1         11        92        %
   ESolver_KS_LCAO     Run                 9.5061         4         2.4       78        %
   ESolver_KS_LCAO     beforescf           0.50702        4         0.13      4.1       %
   PW_Basis            recip2real          0.16357        169       0.00097   1.3       %
   Potential           init_pot            0.10771        4         0.027     0.88      %
   Potential           update_from_charge  0.55043        29        0.019     4.5       %
   Potential           cal_v_eff           0.54283        29        0.019     4.4       %
   PW_Basis            real2recip          0.21436        248       0.00086   1.7       %
   PotXC               cal_v_eff           0.44227        29        0.015     3.6       %
   XC_Functional       v_xc                0.44052        29        0.015     3.6       %
   Symmetry            rho_symmetry        0.21218        29        0.0073    1.7       %
   HSolverLCAO         solve               7.7236         25        0.31      63        %
   HamiltLCAO          updateHk            1.7891         1825      0.00098   15        %
   OperatorLCAO        init                1.4101         3650      0.00039   12        %
   Veff                contributeHk        1.3982         1825      0.00077   11        %
   Gint_interface      cal_gint            2.3458         54        0.043     19        %
   Gint_interface      cal_gint_vlocal     0.88245        25        0.035     7.2       %
   Gint_Tools          cal_psir_ylm        0.26424        1900      0.00014   2.2       %
   Gint_k              folding_vl_k        0.51293        1825      0.00028   4.2       %
   Gint_k              Distri              0.42155        1825      0.00023   3.4       %
   LCAO_gen_fixedH     b_NL_mu_new         0.20238        8         0.025     1.7       %
   OperatorLCAO        folding_fixed       0.28685        1825      0.00016   2.3       %
   LCAO_nnr            folding_fixedH      0.26927        1825      0.00015   2.2       %
   HSolverLCAO         hamiltSolvePsiK     4.5696         1825      0.0025    37        %
   DiagoElpa           elpa_solve          3.7703         1825      0.0021    31        %
   ElecStateLCAO       psiToRho            1.3612         25        0.054     11        %
   elecstate           cal_dm              0.29534        29        0.01      2.4       %
   psiMulPsiMpi        pdgemm              0.28152        2117      0.00013   2.3       %
   LCAO_Charge         cal_dk_k            0.31789        25        0.013     2.6       %
   Gint_interface      cal_gint_rho        0.67224        25        0.027     5.5       %
   Force_Stress_LCAO   getForceStress      1.7773         4         0.44      15        %
   Force_LCAO_k        ftable_k            1.6208         4         0.41      13        %
   Force_LCAO_k        allocate_k          0.30408        4         0.076     2.5       %
   Force_LCAO_k        cal_fvl_dphi_k      0.79115        4         0.2       6.5       %
   Gint_interface      cal_gint_force      0.79113        4         0.2       6.5       %
   Gint_Tools          cal_dpsir_ylm       0.55901        152       0.0037    4.6       %
   Force_LCAO_k        cal_fvnl_dbeta_k_new0.34054        4         0.085     2.8       %
 ----------------------------------------------------------------------------------------

 START  Time  : Sun Aug 27 15:50:49 2023
 FINISH Time  : Sun Aug 27 15:51:01 2023
 TOTAL  Time  : 12
 SEE INFORMATION IN : OUT.ABACUS/
