                                                                                     
                              ABACUS v3.3.0

               Atomic-orbital Based Ab-initio Computation at UStc                    

                     Website: http://abacus.ustc.edu.cn/                             
               Documentation: https://abacus.deepmodeling.com/                       
                  Repository: https://github.com/abacusmodeling/abacus-develop       
                              https://github.com/deepmodeling/abacus-develop         
                      Commit: unknown

    Start Time is Sun Aug 27 15:52:17 2023
                                                                                     
 ------------------------------------------------------------------------------------

 READING GENERAL INFORMATION
                           global_out_dir = OUT.ABACUS/
                           global_in_card = INPUT
                               pseudo_dir = 
                              orbital_dir = 
                                    DRANK = 1
                                    DSIZE = 2
                                   DCOLOR = 1
                                    GRANK = 1
                                    GSIZE = 1
 The esolver type has been set to : ksdft_lcao




 >>>>>>>>>>>>>>>>>>>>>>>>>>>>>>>>>>>>>>>>>>>>>>>>>>>>>>>>>>>>>>>>>>>>>>
 |                                                                    |
 | Reading atom information in unitcell:                              |
 | From the input file and the structure file we know the number of   |
 | different elments in this unitcell, then we list the detail        |
 | information for each element, especially the zeta and polar atomic |
 | orbital number for each element. The total atom number is counted. |
 | We calculate the nearest atom distance for each atom and show the  |
 | Cartesian and Direct coordinates for each atom. We list the file   |
 | address for atomic orbitals. The volume and the lattice vectors    |
 | in real and reciprocal space is also shown.                        |
 |                                                                    |
 <<<<<<<<<<<<<<<<<<<<<<<<<<<<<<<<<<<<<<<<<<<<<<<<<<<<<<<<<<<<<<<<<<<<<<




 READING UNITCELL INFORMATION
                                    ntype = 1
                  lattice constant (Bohr) = 1.88973
              lattice constant (Angstrom) = 1

 READING ATOM TYPE 1
                               atom label = C
                      L=0, number of zeta = 2
                      L=1, number of zeta = 2
                      L=2, number of zeta = 1
             number of atom for this type = 2

                        TOTAL ATOM NUMBER = 2

 DIRECT COORDINATES
         atom                   x                   y                   z                 mag                  vx                  vy                  vz
      taud_C1            0.666667            0.333333                 0.5                   0                   0                   0                   0
      taud_C2            0.333333            0.666667                 0.5                   0                   0                   0                   0


                          Volume (Bohr^3) = 423.187
                             Volume (A^3) = 62.7097

 Lattice vectors: (Cartesian coordinate: in unit of a_0)
             +2.45647                  +0                  +0
             -1.22824            +2.12737                  +0
                   +0                  +0                 +12
 Reciprocal vectors: (Cartesian coordinate: in unit of 2 pi/a_0)
            +0.407088           +0.235032                  -0
                   +0           +0.470065                  +0
                   +0                  -0          +0.0833333




 >>>>>>>>>>>>>>>>>>>>>>>>>>>>>>>>>>>>>>>>>>>>>>>>>>>>>>>>>>>>>>>>>>>>>>
 |                                                                    |
 | Reading pseudopotentials files:                                    |
 | The pseudopotential file is in UPF format. The 'NC' indicates that |
 | the type of pseudopotential is 'norm conserving'. Functional of    |
 | exchange and correlation is decided by 4 given parameters in UPF   |
 | file.  We also read in the 'core correction' if there exists.      |
 | Also we can read the valence electrons number and the maximal      |
 | angular momentum used in this pseudopotential. We also read in the |
 | trail wave function, trail atomic density and local-pseudopotential|
 | on logrithmic grid. The non-local pseudopotential projector is also|
 | read in if there is any.                                           |
 |                                                                    |
 <<<<<<<<<<<<<<<<<<<<<<<<<<<<<<<<<<<<<<<<<<<<<<<<<<<<<<<<<<<<<<<<<<<<<<




                PAO radial cut off (Bohr) = 15

 Read in pseudopotential file is ../../C_ONCV_PBE-1.0.upf
                     pseudopotential type = NC
          exchange-correlation functional = PBE
                 nonlocal core correction = 0
                        valence electrons = 4
                                     lmax = 1
                           number of zeta = 0
                     number of projectors = 4
                           L of projector = 0
                           L of projector = 0
                           L of projector = 1
                           L of projector = 1
     initial pseudo atomic orbital number = 0
                                   NLOCAL = 26




 >>>>>>>>>>>>>>>>>>>>>>>>>>>>>>>>>>>>>>>>>>>>>>>>>>>>>>>>>>>>>>>>>>>>>>
 |                                                                    |
 | Setup plane waves of charge/potential:                             |
 | Use the energy cutoff and the lattice vectors to generate the      |
 | dimensions of FFT grid. The number of FFT grid on each processor   |
 | is 'nrxx'. The number of plane wave basis in reciprocal space is   |
 | different for charege/potential and wave functions. We also set    |
 | the 'sticks' for the parallel of FFT. The number of plane waves    |
 | is 'npw' in each processor.                                        |
 <<<<<<<<<<<<<<<<<<<<<<<<<<<<<<<<<<<<<<<<<<<<<<<<<<<<<<<<<<<<<<<<<<<<<<





 SETUP THE PLANE WAVE BASIS
 energy cutoff for charge/potential (unit:Ry) = 400
            fft grid for charge/potential = [ 30, 30, 150 ]
                        fft grid division = [ 5, 5, 3 ]
        big fft grid for charge/potential = [ 6, 6, 50 ]
                                     nbxx = 900
                                     nrxx = 67500

 SETUP PLANE WAVES FOR CHARGE/POTENTIAL
                    number of plane waves = 57223
                         number of sticks = 595

 PARALLEL PW FOR CHARGE/POTENTIAL
     PROC   COLUMNS(POT)             PW
        1            297          28615
        2            298          28608
 --------------- sum -------------------
        2            595          57223
                            number of |g| = 7604
                                  max |g| = 36.18
                                  min |g| = 0

 SETUP THE ELECTRONS NUMBER
             electron number of element C = 4
       total electron number of element C = 8
            AUTOSET number of electrons:  = 8
 DONE : SETUP UNITCELL Time : 0.0385084 (SEC)





 >>>>>>>>>>>>>>>>>>>>>>>>>>>>>>>>>>>>>>>>>>>>>>>>>>>>>>>>>>>>>>>>>>>>>>
 |                                                                    |
 | Doing symmetry analysis:                                           |
 | We calculate the norm of 3 vectors and the angles between them,    |
 | the type of Bravais lattice is given. We can judge if the unticell |
 | is a primitive cell. Finally we give the point group operation for |
 | this unitcell. We use the point group operations to do symmetry |
 | analysis on given k-point mesh and the charge density.             |
 |                                                                    |
 <<<<<<<<<<<<<<<<<<<<<<<<<<<<<<<<<<<<<<<<<<<<<<<<<<<<<<<<<<<<<<<<<<<<<<




 LATTICE VECTORS: (CARTESIAN COORDINATE: IN UNIT OF A0)
             +2.45647                  +0                  +0
             -1.22824            +2.12737                  +0
                   +0                  +0                 +12
                       right hand lattice = 1
                                   NORM_A = 2.45647
                                   NORM_B = 2.45647
                                   NORM_C = 12
                           ALPHA (DEGREE) = 90
                           BETA  (DEGREE) = 90
                           GAMMA (DEGREE) = 120

 The lattice vectors have been changed (STRU_SIMPLE.cif)

(for optimal symmetric configuration:)
                             BRAVAIS TYPE = 4
                     BRAVAIS LATTICE NAME = 04. Hexagonal cell
                                    ibrav = 4
                                    IBRAV = 4
                                  BRAVAIS = HEXAGONAL CELL
                       LATTICE CONSTANT A = 2.45647
                                C/A RATIO = 4.88505
Original cell was already a primitive cell.
                        ROTATION MATRICES = 24
              PURE POINT GROUP OPERATIONS = 24
                   SPACE GROUP OPERATIONS = 24
                                       C2 = 7
                                       C3 = 2
                                       C4 = 0
                                       C6 = 2
                                       S1 = 7
                                       S3 = 2
                                       S4 = 0
                                       S6 = 2
                              POINT GROUP = D_6h
                                       C2 = 7
                                       C3 = 2
                                       C4 = 0
                                       C6 = 2
                                       S1 = 7
                                       S3 = 2
                                       S4 = 0
                                       S6 = 2
               POINT GROUP IN SPACE GROUP = D_6h
 DONE : SYMMETRY Time : 0.106934 (SEC)





 >>>>>>>>>>>>>>>>>>>>>>>>>>>>>>>>>>>>>>>>>>>>>>>>>>>>>>>>>>>>>>>>>>>>>>
 |                                                                    |
 | Setup K-points                                                     |
 | We setup the k-points according to input parameters.               |
 | The reduced k-points are set according to symmetry operations.     |
 | We treat the spin as another set of k-points.                      |
 |                                                                    |
 <<<<<<<<<<<<<<<<<<<<<<<<<<<<<<<<<<<<<<<<<<<<<<<<<<<<<<<<<<<<<<<<<<<<<<





 SETUP K-POINTS
                                    nspin = 1
                   Input type of k points = Monkhorst-Pack(Gamma)
                                   nkstot = 256
                       right hand lattice = 1
(for reciprocal lattice: )
                             BRAVAIS TYPE = 4
                     BRAVAIS LATTICE NAME = 04. Hexagonal cell
                                    ibrav = 4
                       right hand lattice = 1
(for k-lattice: )
                             BRAVAIS TYPE = 4
                     BRAVAIS LATTICE NAME = 04. Hexagonal cell
                                    ibrav = 4
                       right hand lattice = 1
                        ROTATION MATRICES = 24
                               nkstot_ibz = 30
      IBZ             DirectX             DirectY             DirectZ              Weight    ibz2bz
        1                   0                   0                   0          0.00390625         0
        2             -0.0625              0.0625                   0           0.0234375         1
        3              -0.125               0.125                   0           0.0234375         2
        4             -0.1875              0.1875                   0           0.0234375         3
        5               -0.25                0.25                   0           0.0234375         4
        6             -0.3125              0.3125                   0           0.0234375         5
        7              -0.375               0.375                   0           0.0234375         6
        8             -0.4375              0.4375                   0           0.0234375         7
        9                 0.5                 0.5                   0           0.0117188         8
       10              -0.125              0.0625                   0           0.0234375        17
       11             -0.1875               0.125                   0            0.046875        18
       12               -0.25              0.1875                   0            0.046875        19
       13             -0.3125                0.25                   0            0.046875        20
       14              -0.375              0.3125                   0            0.046875        21
       15             -0.4375               0.375                   0            0.046875        22
       16             -0.4375                 0.5                   0            0.046875        23
       17               -0.25               0.125                   0           0.0234375        34
       18             -0.3125              0.1875                   0            0.046875        35
       19              -0.375                0.25                   0            0.046875        36
       20             -0.4375              0.3125                   0            0.046875        37
       21              -0.375                 0.5                   0            0.046875        38
       22             -0.4375             -0.4375                   0           0.0234375        39
       23              -0.375              0.1875                   0           0.0234375        51
       24             -0.4375                0.25                   0            0.046875        52
       25             -0.3125                 0.5                   0            0.046875        53
       26              -0.375             -0.4375                   0            0.046875        54
       27               -0.25                 0.5                   0           0.0234375        68
       28             -0.3125             -0.4375                   0            0.046875        69
       29              -0.375              -0.375                   0           0.0234375        70
       30             -0.3125              -0.375                   0           0.0234375        85
                               nkstot now = 30

  KPOINTS            DIRECT_X            DIRECT_Y            DIRECT_Z              WEIGHT
        1                   0                   0                   0          0.00390625
        2             -0.0625              0.0625                   0           0.0234375
        3              -0.125               0.125                   0           0.0234375
        4             -0.1875              0.1875                   0           0.0234375
        5               -0.25                0.25                   0           0.0234375
        6             -0.3125              0.3125                   0           0.0234375
        7              -0.375               0.375                   0           0.0234375
        8             -0.4375              0.4375                   0           0.0234375
        9                 0.5                 0.5                   0           0.0117188
       10              -0.125              0.0625                   0           0.0234375
       11             -0.1875               0.125                   0            0.046875
       12               -0.25              0.1875                   0            0.046875
       13             -0.3125                0.25                   0            0.046875
       14              -0.375              0.3125                   0            0.046875
       15             -0.4375               0.375                   0            0.046875
       16             -0.4375                 0.5                   0            0.046875
       17               -0.25               0.125                   0           0.0234375
       18             -0.3125              0.1875                   0            0.046875
       19              -0.375                0.25                   0            0.046875
       20             -0.4375              0.3125                   0            0.046875
       21              -0.375                 0.5                   0            0.046875
       22             -0.4375             -0.4375                   0           0.0234375
       23              -0.375              0.1875                   0           0.0234375
       24             -0.4375                0.25                   0            0.046875
       25             -0.3125                 0.5                   0            0.046875
       26              -0.375             -0.4375                   0            0.046875
       27               -0.25                 0.5                   0           0.0234375
       28             -0.3125             -0.4375                   0            0.046875
       29              -0.375              -0.375                   0           0.0234375
       30             -0.3125              -0.375                   0           0.0234375

           k-point number in this process = 30
       minimum distributed K point number = 30

  KPOINTS         CARTESIAN_X         CARTESIAN_Y         CARTESIAN_Z              WEIGHT
        1                   0                   0                   0           0.0078125
        2           -0.025443           0.0146895                   0            0.046875
        3           -0.050886            0.029379                   0            0.046875
        4           -0.076329           0.0440686                   0            0.046875
        5           -0.101772           0.0587581                   0            0.046875
        6           -0.127215           0.0734476                   0            0.046875
        7           -0.152658           0.0881371                   0            0.046875
        8           -0.178101            0.102827                   0            0.046875
        9            0.203544            0.352548                   0           0.0234375
       10           -0.050886          -1.196e-10                   0            0.046875
       11           -0.076329           0.0146895                   0             0.09375
       12           -0.101772            0.029379                   0             0.09375
       13           -0.127215           0.0440686                   0             0.09375
       14           -0.152658           0.0587581                   0             0.09375
       15           -0.178101           0.0734476                   0             0.09375
       16           -0.178101            0.132206                   0             0.09375
       17           -0.101772        -2.39198e-10                   0            0.046875
       18           -0.127215           0.0146895                   0             0.09375
       19           -0.152658            0.029379                   0             0.09375
       20           -0.178101           0.0440686                   0             0.09375
       21           -0.152658            0.146895                   0             0.09375
       22           -0.178101            -0.30848                   0            0.046875
       23           -0.152658        -3.58797e-10                   0            0.046875
       24           -0.178101           0.0146895                   0             0.09375
       25           -0.127215            0.161585                   0             0.09375
       26           -0.152658            -0.29379                   0             0.09375
       27           -0.101772            0.176274                   0            0.046875
       28           -0.127215           -0.279101                   0             0.09375
       29           -0.152658           -0.264411                   0            0.046875
       30           -0.127215           -0.249722                   0            0.046875

  KPOINTS            DIRECT_X            DIRECT_Y            DIRECT_Z              WEIGHT
        1                   0                   0                   0           0.0078125
        2             -0.0625              0.0625                   0            0.046875
        3              -0.125               0.125                   0            0.046875
        4             -0.1875              0.1875                   0            0.046875
        5               -0.25                0.25                   0            0.046875
        6             -0.3125              0.3125                   0            0.046875
        7              -0.375               0.375                   0            0.046875
        8             -0.4375              0.4375                   0            0.046875
        9                 0.5                 0.5                   0           0.0234375
       10              -0.125              0.0625                   0            0.046875
       11             -0.1875               0.125                   0             0.09375
       12               -0.25              0.1875                   0             0.09375
       13             -0.3125                0.25                   0             0.09375
       14              -0.375              0.3125                   0             0.09375
       15             -0.4375               0.375                   0             0.09375
       16             -0.4375                 0.5                   0             0.09375
       17               -0.25               0.125                   0            0.046875
       18             -0.3125              0.1875                   0             0.09375
       19              -0.375                0.25                   0             0.09375
       20             -0.4375              0.3125                   0             0.09375
       21              -0.375                 0.5                   0             0.09375
       22             -0.4375             -0.4375                   0            0.046875
       23              -0.375              0.1875                   0            0.046875
       24             -0.4375                0.25                   0             0.09375
       25             -0.3125                 0.5                   0             0.09375
       26              -0.375             -0.4375                   0             0.09375
       27               -0.25                 0.5                   0            0.046875
       28             -0.3125             -0.4375                   0             0.09375
       29              -0.375              -0.375                   0            0.046875
       30             -0.3125              -0.375                   0            0.046875
 DONE : INIT K-POINTS Time : 0.309743 (SEC)

                           occupied bands = 4
                                   NLOCAL = 26
                                   NBANDS = 14
                                   NBANDS = 14

 READING ORBITAL FILE NAMES FOR LCAO
 orbital file: ../../C_gga_7au_100Ry_2s2p1d.orb




 >>>>>>>>>>>>>>>>>>>>>>>>>>>>>>>>>>>>>>>>>>>>>>>>>>>>>>>>>>>>>>>>>>>>>>
 |                                                                    |
 | Setup numerical orbitals:                                          |
 | This part setup: numerical atomic orbitals, non-local projectors   |
 | and neutral potential (1D). The atomic orbitals information        |
 | including the radius, angular momentum and zeta number.            |
 | The neutral potential is the sum of local part of pseudopotential  |
 | and potential given by atomic charge, they will cancel out beyond  |
 | a certain radius cutoff, because the Z/r character.                |
 |                                                                    |
 <<<<<<<<<<<<<<<<<<<<<<<<<<<<<<<<<<<<<<<<<<<<<<<<<<<<<<<<<<<<<<<<<<<<<<





 SETUP ONE DIMENSIONAL ORBITALS/POTENTIAL
                        delta k  (1/Bohr) = 0.01
                        delta r    (Bohr) = 0.01
                        dr_uniform (Bohr) = 0.001
                        rmax       (Bohr) = 30
                                    kmesh = 1005
      ORBITAL  L  N      nr      dr    RCUT  CHECK_UNIT    NEW_UNIT
            1  0  0     701    0.01       7           1           1
            2  0  1     701    0.01       7           1           1
            3  1  0     701    0.01       7           1           1
            4  1  1     701    0.01       7           1           1
            5  2  0     701    0.01       7           1           1
 SET NONLOCAL PSEUDOPOTENTIAL PROJECTORS
 max number of nonlocal projetors among all species is 4

 SETUP THE TWO-CENTER INTEGRATION TABLES

 Warning_Memory_Consuming allocated:  ORB::Jl(x) 138 MB

 Warning_Memory_Consuming allocated:  ORB::Table_SR&TR 5.36 MB

 SETUP THE DIVISION OF H/S MATRIX
 divide the H&S matrix using 2D block algorithms.
                                     nb2d = 1
                  trace_loc_row dimension = 26
                  trace_loc_col dimension = 26
                                     nloc = 338

 -------------------------------------------
 STEP OF RELAXATION : 1
 -------------------------------------------




 >>>>>>>>>>>>>>>>>>>>>>>>>>>>>>>>>>>>>>>>>>>>>>>>>>>>>>>>>>>>>>>>>>>>>>
 |                                                                    |
 | Search adjacent atoms:                                             |
 | Set the adjacent atoms for each atom and set the periodic boundary |
 | condition for the atoms on real space FFT grid. For k-dependent    |
 | algorithm, we also need to set the sparse H and S matrix element   |
 | for each atom.                                                     |
 |                                                                    |
 <<<<<<<<<<<<<<<<<<<<<<<<<<<<<<<<<<<<<<<<<<<<<<<<<<<<<<<<<<<<<<<<<<<<<<





 SETUP SEARCHING RADIUS FOR PROGRAM TO SEARCH ADJACENT ATOMS
                  longest orb rcut (Bohr) = 7
   longest nonlocal projector rcut (Bohr) = 1.44
              searching radius is (Bohr)) = 16.9
         searching radius unit is (Bohr)) = 1.89

 SETUP EXTENDED REAL SPACE GRID FOR GRID INTEGRATION
                          real space grid = [ 30, 30, 150 ]
                 big cell numbers in grid = [ 6, 6, 50 ]
             meshcell numbers in big cell = [ 5, 5, 3 ]
                        extended fft grid = [ 11, 11, 16 ]
                dimension of extened grid = [ 29, 29, 83 ]
                            UnitCellTotal = 75
              Atom number in sub-FFT-grid = 2
    Local orbitals number in sub-FFT-grid = 26
                                ParaV.nnr = 14365
                                     nnrg = 22646
                                nnrg_last = 0
                                 nnrg_now = 22646
                                 init_chg = atomic
 DONE : INIT SCF Time : 0.979507 (SEC)


 LCAO ALGORITHM --------------- ION=   1  ELEC=   1--------------------------------
--------------AUTO-SET---------------
      Autoset mixing_beta to 0.7
      Autoset mixing_gg0 to 0
-------------------------------------

 Density error is 0.171527426048

       Energy                       Rydberg                            eV
       E_KohnSham                -22.7737137743                -309.852271951
         E_Harris                -22.8772048033                -311.260339637
          E_Fermi               -0.343367889044                -4.67175980123

 LCAO ALGORITHM --------------- ION=   1  ELEC=   2--------------------------------

 Density error is 0.0273461666858

       Energy                       Rydberg                            eV
       E_KohnSham                -22.7976365349                -310.177757808
         E_Harris                -21.9538746045                -298.697787798
          E_Fermi              -0.0419109063988               -0.570227135368

 LCAO ALGORITHM --------------- ION=   1  ELEC=   3--------------------------------

 Density error is 0.00671503715438

       Energy                       Rydberg                            eV
       E_KohnSham                -22.7976482169                 -310.17791675
         E_Harris                -22.8196593581                -310.477393689
          E_Fermi              -0.0496168168048               -0.675071425167

 LCAO ALGORITHM --------------- ION=   1  ELEC=   4--------------------------------

 Density error is 8.54483552223e-05

       Energy                       Rydberg                            eV
       E_KohnSham                -22.7976486561                -310.177922726
         E_Harris                 -22.797199688                  -310.1718142
          E_Fermi              -0.0511620779975               -0.696095782286

 LCAO ALGORITHM --------------- ION=   1  ELEC=   5--------------------------------

 Density error is 5.50128075089e-06

       Energy                       Rydberg                            eV
       E_KohnSham                -22.7976486573                -310.177922741
         E_Harris                -22.7976331967                -310.177712389
          E_Fermi              -0.0511794445352               -0.696332066153

 LCAO ALGORITHM --------------- ION=   1  ELEC=   6--------------------------------

 Density error is 4.0824854114e-07

       Energy                       Rydberg                            eV
       E_KohnSham                -22.7976486571                -310.177922739
         E_Harris                -22.7976337945                -310.177720522
          E_Fermi              -0.0511746960645               -0.696267459895

 LCAO ALGORITHM --------------- ION=   1  ELEC=   7--------------------------------

 Density error is 1.76744207988e-08

       Energy                       Rydberg                            eV
       E_KohnSham                -22.7976486571                -310.177922739
         E_Harris                -22.7976491993                -310.177930115
          E_Fermi              -0.0511750549283               -0.696272342488

 LCAO ALGORITHM --------------- ION=   1  ELEC=   8--------------------------------

 Density error is 3.87918334551e-09

           Energy                       Rydberg                            eV
       E_KohnSham                -22.7976486571                -310.177922739
   E_KS(sigma->0)                -22.7976531892                -310.177984401
         E_Harris                -22.7976486674                -310.177922879
           E_band                -6.15902821738                -83.7978778992
       E_one_elec                -118.062619195                -1606.32434185
        E_Hartree                +60.5199332477                +823.415934749
             E_xc                -7.01829246968                -95.4887678181
          E_Ewald                +41.7633161634                +568.219067198
   E_entropy(-TS)            +1.35963050412e-05            +0.000184987220307
          E_descf                            +0                            +0
            E_exx                            +0                            +0
          E_Fermi              -0.0511750599523               -0.696272410843

 charge density convergence is achieved
 final etot is -310.17792274 eV
 EFERMI = -0.69627241084 eV

 STATE ENERGY(eV) AND OCCUPATIONS    NSPIN == 1
 1/30 kpoint (Cartesian) = 0.0000 0.0000 0.0000 (0 pws)
       1       -20.8900     0.00781250
       2       -8.86827     0.00781250
       3       -4.39659     0.00781250
       4       -4.39659     0.00781250
       5        7.11501   -1.75102e-88
       6        7.11501   -1.75102e-88
       7        10.3218   -2.46986e-88
       8        11.5531   -2.74587e-88
       9        11.7888   -2.79871e-88
      10        12.1486   -2.87936e-88
      11        35.3364   -8.07727e-88
      12        35.3364   -8.07727e-88
      13        35.4446   -8.10152e-88
      14        47.3119   -1.07618e-87

 2/30 kpoint (Cartesian) = -0.025443 0.014690 0.0000 (0 pws)
       1       -20.7978      0.0468750
       2       -8.75857      0.0468750
       3       -4.76945      0.0468750
       4       -4.59415      0.0468750
       5        7.19353   -1.06117e-87
       6        7.52046   -1.10514e-87
       7        10.0132   -1.44041e-87
       8        11.7228   -1.67036e-87
       9        11.9032   -1.69461e-87
      10        12.2679   -1.74367e-87
      11        34.8184   -4.77669e-87
      12        35.0229   -4.80420e-87
      13        35.2656   -4.83684e-87
      14        47.1107   -6.42999e-87

 3/30 kpoint (Cartesian) = -0.050886 0.029379 0.0000 (0 pws)
       1       -20.5218      0.0468750
       2       -8.43073      0.0468750
       3       -5.77390      0.0468750
       4       -5.10396      0.0468750
       5        7.29748   -1.07515e-87
       6        8.64740   -1.25672e-87
       7        9.14000   -1.32297e-87
       8        12.2333   -1.73902e-87
       9        12.2837   -1.74580e-87
      10        12.6374   -1.79337e-87
      11        33.5400   -4.60474e-87
      12        34.1672   -4.68911e-87
      13        34.8401   -4.77961e-87
      14        46.4522   -6.34143e-87

 4/30 kpoint (Cartesian) = -0.076329 0.044069 0.0000 (0 pws)
       1       -20.0629      0.0468750
       2       -7.88930      0.0468750
       3       -7.17787      0.0468750
       4       -5.75943      0.0468750
       5        7.25156   -1.06898e-87
       6        7.83027   -1.14681e-87
       7        10.3075   -1.47999e-87
       8        12.7516   -1.80872e-87
       9        13.2648   -1.87775e-87
      10        13.2943   -1.88171e-87
      11        31.9896   -4.39621e-87
      12        32.9700   -4.52809e-87
      13        34.3789   -4.71758e-87
      14        45.2368   -6.17795e-87

 5/30 kpoint (Cartesian) = -0.10177 0.058758 0.0000 (0 pws)
       1       -19.4239      0.0468750
       2       -8.77773      0.0468750
       3       -7.14428      0.0468750
       4       -6.41906      0.0468750
       5        6.23498   -9.32247e-88
       6        7.05886   -1.04306e-87
       7        12.3141   -1.74988e-87
       8        13.4367   -1.90087e-87
       9        14.3029   -2.01737e-87
      10        14.5568   -2.05152e-87
      11        30.5083   -4.19698e-87
      12        31.6517   -4.35077e-87
      13        33.7853   -4.63773e-87
      14        43.4563   -5.93848e-87

 6/30 kpoint (Cartesian) = -0.12721 0.073448 0.0000 (0 pws)
       1       -18.6097      0.0468750
       2       -10.4352      0.0468750
       3       -6.99296      0.0468750
       4       -6.21693      0.0468750
       5        4.49964   -6.98845e-88
       6        6.81369   -1.01008e-87
       7        14.2907   -2.01573e-87
       8        14.4880   -2.04226e-87
       9        15.7602   -2.21338e-87
      10        15.9636   -2.24074e-87
      11        29.2710   -4.03057e-87
      12        30.3406   -4.17443e-87
      13        32.2507   -4.43133e-87
      14        41.2822   -5.64606e-87

 7/30 kpoint (Cartesian) = -0.15266 0.088137 0.0000 (0 pws)
       1       -17.6300      0.0468750
       2       -12.0604      0.0468750
       3       -7.42953      0.0468750
       4       -5.15821      0.0468750
       5        2.77686   -4.67132e-88
       6        6.59567   -9.80759e-88
       7        15.3235   -2.15465e-87
       8        16.5964   -2.32584e-87
       9        17.2101   -2.40839e-87
      10        17.7956   -2.48714e-87
      11        28.3575   -3.90770e-87
      12        28.9104   -3.98207e-87
      13        29.2023   -4.02133e-87
      14        39.0591   -5.34706e-87

 8/30 kpoint (Cartesian) = -0.17810 0.10283 0.0000 (0 pws)
       1       -16.5132      0.0468750
       2       -13.5795      0.0468750
       3       -7.70061      0.0468750
       4       -4.12125      0.0468750
       5        1.30207   -2.68776e-88
       6        6.45070   -9.61260e-88
       7        16.4952   -2.31223e-87
       8        17.8886   -2.49965e-87
       9        18.2547   -2.54888e-87
      10        20.5199   -2.85355e-87
      11        26.1347   -3.60874e-87
      12        26.8486   -3.70476e-87
      13        27.8012   -3.83289e-87
      14        37.2908   -5.10922e-87

 9/30 kpoint (Cartesian) = 0.20354 0.35255 0.0000 (0 pws)
       1       -15.6117      0.0234375
       2       -14.6174      0.0234375
       3       -7.79235      0.0234375
       4       -3.59730      0.0234375
       5       0.624915   -7.17633e-43
       6        6.40033   -4.77243e-88
       7        17.4476   -1.22017e-87
       8        17.6829   -1.23599e-87
       9        18.9134   -1.31874e-87
      10        23.7189   -1.64191e-87
      11        23.8766   -1.65251e-87
      12        24.8995   -1.72131e-87
      13        27.6148   -1.90390e-87
      14        36.5904   -2.50751e-87

 10/30 kpoint (Cartesian) = -0.050886 -1.1960e-10 0.0000 (0 pws)
       1       -20.6137      0.0468750
       2       -8.53977      0.0468750
       3       -5.41723      0.0468750
       4       -4.98901      0.0468750
       5        7.39565   -1.08836e-87
       6        8.15763   -1.19084e-87
       7        9.42435   -1.36121e-87
       8        12.1069   -1.72202e-87
       9        12.1253   -1.72449e-87
      10        12.5114   -1.77642e-87
      11        33.7411   -4.63180e-87
      12        34.6247   -4.75063e-87
      13        34.9648   -4.79638e-87
      14        46.6936   -6.37389e-87

 11/30 kpoint (Cartesian) = -0.076329 0.014690 0.0000 (0 pws)
       1       -20.2463      0.0937500
       2       -8.10494      0.0937500
       3       -6.54701      0.0937500
       4       -5.64718      0.0937500
       5        7.59887   -2.23138e-87
       6        8.34369   -2.43173e-87
       7        9.27789   -2.68303e-87
       8        12.5483   -3.56277e-87
       9        12.9813   -3.67924e-87
      10        13.0203   -3.68972e-87
      11        31.9685   -8.78677e-87
      12        33.9933   -9.33144e-87
      13        34.5434   -9.47939e-87
      14        45.7687   -1.24990e-86

 12/30 kpoint (Cartesian) = -0.10177 0.029379 0.0000 (0 pws)
       1       -19.6974      0.0937500
       2       -7.99627      0.0937500
       3       -7.46091      0.0937500
       4       -6.35852      0.0937500
       5        6.91214   -2.04665e-87
       6        7.55363   -2.21921e-87
       7        10.8634   -3.10953e-87
       8        13.1488   -3.72429e-87
       9        13.8432   -3.91110e-87
      10        14.3034   -4.03488e-87
      11        30.0733   -8.27695e-87
      12        33.1843   -9.11380e-87
      13        34.1057   -9.36166e-87
      14        44.2248   -1.20837e-86

 13/30 kpoint (Cartesian) = -0.12721 0.044069 0.0000 (0 pws)
       1       -18.9707      0.0937500
       2       -9.59548      0.0937500
       3       -7.00518      0.0937500
       4       -6.62209      0.0937500
       5        5.27142   -1.60530e-87
       6        7.35280   -2.16519e-87
       7        12.7358   -3.61320e-87
       8        13.9226   -3.93245e-87
       9        15.0585   -4.23801e-87
      10        15.8802   -4.45903e-87
      11        28.4027   -7.82758e-87
      12        32.2669   -8.86702e-87
      13        33.2195   -9.12327e-87
      14        42.0813   -1.15071e-86

 14/30 kpoint (Cartesian) = -0.15266 0.058758 0.0000 (0 pws)
       1       -18.0732      0.0937500
       2       -11.2217      0.0937500
       3       -7.52567      0.0937500
       4       -5.62022      0.0937500
       5        3.55860   -1.14455e-87
       6        7.12340   -2.10348e-87
       7        14.6491   -4.12788e-87
       8        14.8998   -4.19530e-87
       9        16.7758   -4.69995e-87
      10        17.4773   -4.88865e-87
      11        27.0951   -7.47582e-87
      12        30.9469   -8.51197e-87
      13        31.2224   -8.58605e-87
      14        39.6119   -1.08428e-86

 15/30 kpoint (Cartesian) = -0.17810 0.073448 0.0000 (0 pws)
       1       -17.0204      0.0937500
       2       -12.7904      0.0937500
       3       -7.88677      0.0937500
       4       -4.53956      0.0937500
       5        1.94462   -7.10396e-88
       6        6.94087   -2.05438e-87
       7        15.9569   -4.47968e-87
       8        16.4004   -4.59896e-87
       9        18.7762   -5.23805e-87
      10        19.1069   -5.32702e-87
      11        26.0810   -7.20305e-87
      12        27.6279   -7.61914e-87
      13        29.8503   -8.21698e-87
      14        37.3931   -1.02460e-86

 16/30 kpoint (Cartesian) = -0.17810 0.13221 0.0000 (0 pws)
       1       -15.8879      0.0937500
       2       -14.1889      0.0937500
       3       -8.07105      0.0937500
       4       -3.66057      0.0937500
       5       0.778707   -2.61187e-52
       6        6.84229   -2.02786e-87
       7        16.9362   -4.74310e-87
       8        17.5017   -4.89522e-87
       9        19.3309   -5.38727e-87
      10        21.9555   -6.09329e-87
      11        24.8024   -6.85909e-87
      12        25.2801   -6.98761e-87
      13        28.2982   -7.79947e-87
      14        36.0293   -9.87911e-87

 17/30 kpoint (Cartesian) = -0.10177 -2.3920e-10 0.0000 (0 pws)
       1       -19.7888      0.0468750
       2       -7.57268      0.0468750
       3       -7.56696      0.0468750
       4       -6.51201      0.0468750
       5        7.16080   -1.05677e-87
       6        8.24997   -1.20326e-87
       7        9.77144   -1.40790e-87
       8        13.0499   -1.84885e-87
       9        13.6866   -1.93448e-87
      10        14.3128   -2.01870e-87
      11        29.7538   -4.09550e-87
      12        33.9075   -4.65418e-87
      13        34.2083   -4.69463e-87
      14        44.5190   -6.08141e-87

 18/30 kpoint (Cartesian) = -0.12721 0.014690 0.0000 (0 pws)
       1       -19.1521      0.0937500
       2       -8.87096      0.0937500
       3       -7.36210      0.0937500
       4       -6.82667      0.0937500
       5        5.72211   -1.72653e-87
       6        8.51498   -2.47781e-87
       7        10.8488   -3.10561e-87
       8        13.7285   -3.88025e-87
       9        14.6928   -4.13964e-87
      10        16.0178   -4.49604e-87
      11        27.6420   -7.62293e-87
      12        33.6408   -9.23661e-87
      13        33.6976   -9.25189e-87
      14        42.5331   -1.16286e-86

 19/30 kpoint (Cartesian) = -0.15266 0.029379 0.0000 (0 pws)
       1       -18.3418      0.0937500
       2       -10.3620      0.0937500
       3       -8.03302      0.0937500
       4       -5.90450      0.0937500
       5        4.14403   -1.30203e-87
       6        8.38941   -2.44403e-87
       7        12.5212   -3.55547e-87
       8        14.5825   -4.10995e-87
       9        16.1215   -4.52395e-87
      10        17.8015   -4.97588e-87
      11        25.9655   -7.17196e-87
      12        32.3159   -8.88021e-87
      13        33.0897   -9.08837e-87
      14        39.8546   -1.09081e-86

 20/30 kpoint (Cartesian) = -0.17810 0.044069 0.0000 (0 pws)
       1       -17.3684      0.0937500
       2       -11.9000      0.0937500
       3       -8.51208      0.0937500
       4       -4.84804      0.0937500
       5        2.54998   -8.73236e-88
       6        8.20148   -2.39348e-87
       7        14.3630   -4.05091e-87
       8        15.5840   -4.37937e-87
       9        18.0475   -5.04203e-87
      10        19.3796   -5.40037e-87
      11        24.8504   -6.87201e-87
      12        29.5009   -8.12299e-87
      13        32.0593   -8.81118e-87
      14        37.0579   -1.01558e-86

 21/30 kpoint (Cartesian) = -0.15266 0.14690 0.0000 (0 pws)
       1       -16.2622      0.0937500
       2       -13.3711      0.0937500
       3       -8.80056      0.0937500
       4       -3.80065      0.0937500
       5        1.14728   -6.58022e-81
       6        8.06422   -2.35656e-87
       7        15.9153   -4.46847e-87
       8        16.7358   -4.68920e-87
       9        20.3017   -5.64840e-87
      10        20.3025   -5.64864e-87
      11        24.3773   -6.74474e-87
      12        26.4080   -7.29099e-87
      13        30.2609   -8.32741e-87
      14        34.9793   -9.59666e-87

 22/30 kpoint (Cartesian) = -0.17810 -0.30848 0.0000 (0 pws)
       1       -15.3750      0.0468750
       2       -14.3837      0.0468750
       3       -8.89700      0.0468750
       4       -3.25751      0.0468750
       5       0.479447   -4.24327e-34
       6        8.01531   -1.17170e-87
       7        16.4430   -2.30522e-87
       8        17.6503   -2.46759e-87
       9        20.2883   -2.82240e-87
      10        21.5456   -2.99151e-87
      11        24.5452   -3.39496e-87
      12        25.1287   -3.47343e-87
      13        28.7816   -3.96475e-87
      14        34.1916   -4.69238e-87

 23/30 kpoint (Cartesian) = -0.15266 -3.5880e-10 0.0000 (0 pws)
       1       -18.4317      0.0468750
       2       -9.85295      0.0468750
       3       -8.44517      0.0468750
       4       -6.00034      0.0468750
       5        4.36590   -6.80857e-88
       6        9.71362   -1.40012e-87
       7        10.9106   -1.56111e-87
       8        14.4854   -2.04192e-87
       9        15.8919   -2.23110e-87
      10        17.9200   -2.50388e-87
      11        25.5487   -3.52992e-87
      12        32.8056   -4.50597e-87
      13        33.7806   -4.63711e-87
      14        40.0435   -5.47946e-87

 24/30 kpoint (Cartesian) = -0.17810 0.014690 0.0000 (0 pws)
       1       -17.5446      0.0937500
       2       -11.0770      0.0937500
       3       -9.25483      0.0937500
       4       -5.01004      0.0937500
       5        2.92791   -9.74898e-88
       6        9.96985   -2.86917e-87
       7        12.2196   -3.47435e-87
       8        15.3969   -4.32904e-87
       9        17.4654   -4.88545e-87
      10        19.7126   -5.48996e-87
      11        24.1381   -6.68040e-87
      12        30.8802   -8.49401e-87
      13        33.3690   -9.16350e-87
      14        36.9998   -1.01402e-86

 25/30 kpoint (Cartesian) = -0.12721 0.16158 0.0000 (0 pws)
       1       -16.5089      0.0937500
       2       -12.4547      0.0937500
       3       -9.73299      0.0937500
       4       -3.92637      0.0937500
       5        1.51723   -5.95429e-88
       6        9.83950   -2.83410e-87
       7        14.0653   -3.97083e-87
       8        16.3850   -4.59482e-87
       9        19.1695   -5.34385e-87
      10        21.0949   -5.86180e-87
      11        23.7886   -6.58638e-87
      12        27.9896   -7.71644e-87
      13        32.1099   -8.82480e-87
      14        34.1880   -9.38379e-87

 26/30 kpoint (Cartesian) = -0.15266 -0.29379 0.0000 (0 pws)
       1       -15.4033      0.0937500
       2       -13.7619      0.0937500
       3       -9.95621      0.0937500
       4       -3.00099      0.0937500
       5       0.417717   -1.66471e-30
       6        9.74927   -2.80983e-87
       7        15.4877   -4.35345e-87
       8        17.3092   -4.84345e-87
       9        20.1183   -5.59908e-87
      10        21.5466   -5.98328e-87
      11        24.9555   -6.90027e-87
      12        25.6926   -7.09856e-87
      13        30.0644   -8.27457e-87
      14        32.5030   -8.93053e-87

 27/30 kpoint (Cartesian) = -0.10177 0.17627 0.0000 (0 pws)
       1       -16.5933      0.0468750
       2       -11.8697      0.0468750
       3       -10.3366      0.0468750
       4       -3.97501      0.0468750
       5        1.67220   -3.18557e-88
       6        11.8093   -1.68198e-87
       7        12.0471   -1.71397e-87
       8        16.2824   -2.28361e-87
       9        18.7641   -2.61740e-87
      10        21.3780   -2.96897e-87
      11        23.5617   -3.26268e-87
      12        28.8430   -3.97300e-87
      13        32.8491   -4.51182e-87
      14        33.9233   -4.65630e-87

 28/30 kpoint (Cartesian) = -0.12721 -0.27910 0.0000 (0 pws)
       1       -15.5225      0.0937500
       2       -12.9228      0.0937500
       3       -10.9462      0.0937500
       4       -2.89587      0.0937500
       5       0.466483   -4.31643e-33
       6        11.7901   -3.35882e-87
       7        13.8671   -3.91752e-87
       8        16.9849   -4.75621e-87
       9        19.2939   -5.37732e-87
      10        22.5174   -6.24443e-87
      11        24.9315   -6.89382e-87
      12        26.6892   -7.36664e-87
      13        31.2807   -8.60175e-87
      14        31.3704   -8.62587e-87

 29/30 kpoint (Cartesian) = -0.15266 -0.26441 0.0000 (0 pws)
       1       -14.6655      0.0468750
       2       -13.8096      0.0468750
       3       -11.1194      0.0468750
       4       -2.24464      0.0468750
       5      -0.225851   -2.70313e-07
       6        11.7372   -1.67229e-87
       7        14.9209   -2.10049e-87
       8        17.1876   -2.40536e-87
       9        19.3352   -2.69421e-87
      10        22.7828   -3.15791e-87
      11        25.7886   -3.56219e-87
      12        26.6091   -3.67254e-87
      13        29.8663   -4.11063e-87
      14        30.1636   -4.15062e-87

 30/30 kpoint (Cartesian) = -0.12721 -0.24972 0.0000 (0 pws)
       1       -14.4888      0.0468750
       2       -13.4904      0.0468750
       3       -11.7823      0.0468750
       4       -1.83538      0.0468750
       5      -0.581732    2.70243e-07
       6        13.3943   -1.89516e-87
       7        13.9480   -1.96964e-87
       8        16.8941   -2.36589e-87
       9        19.0196   -2.65176e-87
      10        23.4495   -3.24758e-87
      11        26.4754   -3.65457e-87
      12        27.3237   -3.76866e-87
      13        28.6123   -3.94197e-87
      14        29.8893   -4.11373e-87

 correction force for each atom along direction 1 is 1.29063e-15
 correction force for each atom along direction 2 is -6.93196e-15
 correction force for each atom along direction 3 is -6.21355e-15

 ><><><><><><><><><><><><><><><><><><><><><><><><><><><><><><><><><><><

    TOTAL-FORCE (eV/Angstrom)

 ><><><><><><><><><><><><><><><><><><><><><><><><><><><><><><><><><><><

     atom              x              y              z
       C1                   0                   0                   0
       C2                   0                   0                   0


 ><><><><><><><><><><><><><><><><><><><><><><><><><><><><><><><><><><><

 TOTAL-STRESS (KBAR)

 ><><><><><><><><><><><><><><><><><><><><><><><><><><><><><><><><><><><

               +9.257080              +0.000000              +0.000000
               +0.000000              +9.257080              +0.000000
               +0.000000              +0.000000              -0.020061
 TOTAL-PRESSURE: +6.164699 KBAR

 Relaxation is converged!


 --------------------------------------------
 !FINAL_ETOT_IS -310.1779227388819322 eV
 --------------------------------------------






  |CLASS_NAME---------|NAME---------------|TIME(Sec)-----|CALLS----|AVG------|PER%-------
                                      total       +3.14324         9     +0.35   +100.00%
                 Driver         driver_line       +3.12691         1     +3.13    +99.48%
            ORB_control      set_orb_tables       +0.46969         1     +0.47    +14.94%
         ORB_gen_tables          gen_tables       +0.46969         1     +0.47    +14.94%
         ORB_table_beta     init_Table_Beta       +0.12120         1     +0.12     +3.86%
         ORB_table_beta       VNL_PhiBeta_R       +0.12029        26     +0.00     +3.83%
                   Ions            opt_ions       +2.24134         1     +2.24    +71.31%
        ESolver_KS_LCAO                 Run       +1.82326         1     +1.82    +58.01%
              Potential  update_from_charge       +0.20036         9     +0.02     +6.37%
              Potential           cal_v_eff       +0.19675         9     +0.02     +6.26%
                  PotXC           cal_v_eff       +0.16194         9     +0.02     +5.15%
          XC_Functional                v_xc       +0.16117         9     +0.02     +5.13%
            HSolverLCAO               solve       +1.35234         8     +0.17    +43.02%
             HamiltLCAO            updateHk       +0.41659       240     +0.00    +13.25%
           OperatorLCAO                init       +0.35752       480     +0.00    +11.37%
                   Veff        contributeHk       +0.35570       240     +0.00    +11.32%
         Gint_interface            cal_gint       +0.69034        17     +0.04    +21.96%
         Gint_interface     cal_gint_vlocal       +0.28012         8     +0.04     +8.91%
            HSolverLCAO     hamiltSolvePsiK       +0.62095       240     +0.00    +19.76%
              DiagoElpa          elpa_solve       +0.50466       240     +0.00    +16.06%
          ElecStateLCAO            psiToRho       +0.31431         8     +0.04    +10.00%
         Gint_interface        cal_gint_rho       +0.21476         8     +0.03     +6.83%
      Force_Stress_LCAO      getForceStress       +0.41711         1     +0.42    +13.27%
           Force_LCAO_k            ftable_k       +0.38338         1     +0.38    +12.20%
           Force_LCAO_k      cal_fvl_dphi_k       +0.19546         1     +0.20     +6.22%
         Gint_interface      cal_gint_force       +0.19545         1     +0.20     +6.22%
             Gint_Tools       cal_dpsir_ylm       +0.13560        38     +0.00     +4.31%
 ----------------------------------------------------------------------------------------

 NAME---------------|MEMORY(MB)--------
               total      +331.3193
          ORB::Jl(x)      +276.4915
    ORB::Table_SR&TR       +10.7193
        ChgMix::Rrho        +8.2397
       ChgMix::dRrho        +7.2098
        ChgMix::drho        +7.2098
           FFT::grid        +4.1199
       ORB::Table_NR        +2.5879
         Stress::dSR        +1.3152
            Chg::rho        +1.0300
       Chg::rho_save        +1.0300
       Chg::rho_core        +1.0300
       Pot::veff_fix        +1.0300
           Pot::veff        +1.0300
   ChgMix::rho_save2        +1.0300
 -------------   < 1.0 MB has been ignored ----------------
 ----------------------------------------------------------

 Start  Time  : Sun Aug 27 15:52:17 2023
 Finish Time  : Sun Aug 27 15:52:20 2023
 Total  Time  : 0 h 0 mins 3 secs 
