                                                                                     
                              ABACUS v3.3.0

               Atomic-orbital Based Ab-initio Computation at UStc                    

                     Website: http://abacus.ustc.edu.cn/                             
               Documentation: https://abacus.deepmodeling.com/                       
                  Repository: https://github.com/abacusmodeling/abacus-develop       
                              https://github.com/deepmodeling/abacus-develop         
                      Commit: unknown

 Sun Aug 27 15:02:58 2023
 MAKE THE DIR         : OUT.ABACUS/
 UNIFORM GRID DIM     : 45 * 45 * 45
 UNIFORM GRID DIM(BIG): 15 * 15 * 15
 DONE(0.0351773  SEC) : SETUP UNITCELL
 DONE(0.168544   SEC) : SYMMETRY
 DONE(0.375886   SEC) : INIT K-POINTS
 ---------------------------------------------------------
 Ion relaxation calculations
 ---------------------------------------------------------
 SPIN    KPOINTS         PROCESSORS  NBASE       
 1       116             2           104         
 ---------------------------------------------------------
 Use Systematically Improvable Atomic bases
 ---------------------------------------------------------
 ELEMENT ORBITALS        NBASE       NATOM       XC          
 C       2s2p1d-7au      13          8           
 ---------------------------------------------------------
 Initial plane wave basis and FFT box
 ---------------------------------------------------------
 -------------------------------------------
 STEP OF RELAXATION : 1
 -------------------------------------------
 START CHARGE      : atomic
 DONE(1.20351    SEC) : INIT SCF
 ITER   ETOT(eV)       EDIFF(eV)      DRHO       TIME(s)    
 GE1    -1.239475e+03  0.000000e+00   1.505e-01  3.768e+00  
 GE2    -1.239800e+03  -3.253963e-01  2.771e-02  3.305e+00  
 GE3    -1.239807e+03  -6.539387e-03  4.229e-03  3.348e+00  
 GE4    -1.239807e+03  -1.364757e-05  7.894e-05  3.305e+00  
 GE5    -1.239807e+03  -1.940953e-07  1.732e-05  3.300e+00  
 GE6    -1.239807e+03  -2.626447e-09  5.686e-06  3.297e+00  
 GE7    -1.239807e+03  6.298137e-09   1.341e-06  3.301e+00  
 GE8    -1.239807e+03  -1.684260e-09  1.829e-08  3.306e+00  
 GE9    -1.239807e+03  -3.731628e-11  3.587e-08  3.293e+00  
 GE10   -1.239807e+03  3.905642e-11   1.353e-09  3.300e+00  
 ><><><><><><><><><><><><><><><><><><><><><><
 TOTAL-STRESS (KBAR):
 ><><><><><><><><><><><><><><><><><><><><><><
 1.902e+01      2.901e+01      2.901e+01      
 2.901e+01      1.902e+01      2.901e+01      
 2.901e+01      2.901e+01      1.902e+01      
 TOTAL-PRESSURE: 1.902e+01 KBAR
 ETOT DIFF (eV)       : 0.000e+00
 LARGEST GRAD (eV/A)  : 1.712e-02
 -------------------------------------------
 STEP OF RELAXATION : 2
 -------------------------------------------
 DONE(3.895e+01  SEC) : INIT SCF
 ITER   ETOT(eV)       EDIFF(eV)      DRHO       TIME(s)    
 GE1    -1.239807e+03  0.000000e+00   4.115e-04  3.767e+00  
 GE2    -1.239807e+03  -6.675238e-06  9.877e-05  3.297e+00  
 GE3    -1.239807e+03  -5.805717e-08  2.196e-05  3.283e+00  
 GE4    -1.239807e+03  -3.078129e-08  1.151e-05  3.325e+00  
 GE5    -1.239807e+03  -2.801331e-08  1.660e-07  3.302e+00  
 GE6    -1.239807e+03  -1.295436e-11  3.376e-08  3.300e+00  
 GE7    -1.239807e+03  -5.800458e-13  1.095e-08  3.300e+00  
 GE8    -1.239807e+03  4.060321e-12   8.397e-10  3.298e+00  
 ><><><><><><><><><><><><><><><><><><><><><><
 TOTAL-STRESS (KBAR):
 ><><><><><><><><><><><><><><><><><><><><><><
 1.887e+01      2.819e+01      2.819e+01      
 2.819e+01      1.887e+01      2.819e+01      
 2.819e+01      2.819e+01      1.887e+01      
 TOTAL-PRESSURE: 1.887e+01 KBAR
 ETOT DIFF (eV)       : 2.987e-04
 LARGEST GRAD (eV/A)  : 1.142e-01
 -------------------------------------------
 STEP OF RELAXATION : 3
 -------------------------------------------
 DONE(6.967e+01  SEC) : INIT SCF
 ITER   ETOT(eV)       EDIFF(eV)      DRHO       TIME(s)    
 GE1    -1.239807e+03  0.000000e+00   3.046e-04  3.817e+00  
 GE2    -1.239807e+03  -3.653613e-06  7.310e-05  3.339e+00  
 GE3    -1.239807e+03  -3.309973e-08  1.625e-05  3.294e+00  
 GE4    -1.239807e+03  -1.724611e-08  8.507e-06  3.328e+00  
 GE5    -1.239807e+03  -1.533950e-08  1.211e-07  3.335e+00  
 GE6    -1.239807e+03  6.573852e-12   1.727e-08  3.292e+00  
 GE7    -1.239807e+03  -1.933486e-12  4.490e-09  3.292e+00  
 ><><><><><><><><><><><><><><><><><><><><><><
 TOTAL-STRESS (KBAR):
 ><><><><><><><><><><><><><><><><><><><><><><
 1.898e+01      2.879e+01      2.879e+01      
 2.879e+01      1.898e+01      2.879e+01      
 2.879e+01      2.879e+01      1.898e+01      
 TOTAL-PRESSURE: 1.898e+01 KBAR
 ETOT DIFF (eV)       : -3.406e-04
 LARGEST GRAD (eV/A)  : 6.677e-02
 -------------------------------------------
 STEP OF RELAXATION : 4
 -------------------------------------------
 DONE(9.726e+01  SEC) : INIT SCF
 ITER   ETOT(eV)       EDIFF(eV)      DRHO       TIME(s)    
 GE1    -1.239807e+03  0.000000e+00   4.918e-05  3.669e+00  
 GE2    -1.239807e+03  9.423246e-06   1.249e-05  3.310e+00  
 GE3    -1.239807e+03  -2.921884e-09  5.066e-06  3.296e+00  
 GE4    -1.239807e+03  -6.305484e-09  1.668e-06  3.328e+00  
 GE5    -1.239807e+03  -4.039052e-10  6.116e-08  3.295e+00  
 GE6    -1.239807e+03  -4.447018e-12  9.001e-09  3.315e+00  
 ><><><><><><><><><><><><><><><><><><><><><><
 TOTAL-STRESS (KBAR):
 ><><><><><><><><><><><><><><><><><><><><><><
 1.896e+01      2.870e+01      2.870e+01      
 2.870e+01      1.896e+01      2.870e+01      
 2.870e+01      2.870e+01      1.896e+01      
 TOTAL-PRESSURE: 1.896e+01 KBAR
 ETOT DIFF (eV)       : 1.426e-06
 LARGEST GRAD (eV/A)  : 2.516e-01
 -------------------------------------------
 STEP OF RELAXATION : 5
 -------------------------------------------
 DONE(1.211e+02  SEC) : INIT SCF
 ITER   ETOT(eV)       EDIFF(eV)      DRHO       TIME(s)    
 GE1    -1.239807e+03  0.000000e+00   1.474e-04  5.134e+00  
 GE2    -1.239807e+03  1.140776e-05   3.747e-05  3.285e+00  
 GE3    -1.239807e+03  -2.695821e-08  1.523e-05  3.322e+00  
 GE4    -1.239807e+03  -5.715849e-08  4.998e-06  3.311e+00  
 GE5    -1.239807e+03  -3.719447e-09  1.832e-07  3.324e+00  
 GE6    -1.239807e+03  -4.253669e-12  2.537e-08  3.293e+00  
 GE7    -1.239807e+03  5.800458e-13   1.134e-08  3.291e+00  
 GE8    -1.239807e+03  -1.546789e-12  7.051e-10  3.333e+00  
 ><><><><><><><><><><><><><><><><><><><><><><
 TOTAL-STRESS (KBAR):
 ><><><><><><><><><><><><><><><><><><><><><><
 1.891e+01      2.841e+01      2.841e+01      
 2.841e+01      1.891e+01      2.841e+01      
 2.841e+01      2.841e+01      1.891e+01      
 TOTAL-PRESSURE: 1.891e+01 KBAR
 ETOT DIFF (eV)       : 1.035e-04
 LARGEST GRAD (eV/A)  : 2.133e-01
 -------------------------------------------
 STEP OF RELAXATION : 6
 -------------------------------------------
 DONE(1.532e+02  SEC) : INIT SCF
 ITER   ETOT(eV)       EDIFF(eV)      DRHO       TIME(s)    
 GE1    -1.239807e+03  0.000000e+00   3.247e-05  3.688e+00  
 GE2    -1.239807e+03  -1.943721e-05  1.025e-05  3.275e+00  
 GE3    -1.239807e+03  -1.464828e-08  5.735e-06  3.270e+00  
 GE4    -1.239807e+03  -7.900997e-09  8.957e-07  3.322e+00  
 GE5    -1.239807e+03  -4.988394e-11  7.412e-08  3.284e+00  
 GE6    -1.239807e+03  2.513532e-12   9.325e-09  3.287e+00  
 ><><><><><><><><><><><><><><><><><><><><><><
 TOTAL-STRESS (KBAR):
 ><><><><><><><><><><><><><><><><><><><><><><
 1.891e+01      2.845e+01      2.845e+01      
 2.845e+01      1.891e+01      2.845e+01      
 2.845e+01      2.845e+01      1.891e+01      
 TOTAL-PRESSURE: 1.891e+01 KBAR
 ETOT DIFF (eV)       : -6.714e-05
 LARGEST GRAD (eV/A)  : 1.175e-01
 -------------------------------------------
 STEP OF RELAXATION : 7
 -------------------------------------------
 DONE(1.798e+02  SEC) : INIT SCF
 ITER   ETOT(eV)       EDIFF(eV)      DRHO       TIME(s)    
 GE1    -1.239807e+03  0.000000e+00   3.280e-05  3.717e+00  
 GE2    -1.239807e+03  -5.971210e-05  1.036e-05  3.291e+00  
 GE3    -1.239807e+03  -1.482481e-08  5.796e-06  3.324e+00  
 GE4    -1.239807e+03  -7.998638e-09  9.043e-07  3.310e+00  
 GE5    -1.239807e+03  -2.436192e-11  7.485e-08  3.324e+00  
 GE6    -1.239807e+03  4.060321e-12   9.126e-09  3.278e+00  
 ><><><><><><><><><><><><><><><><><><><><><><
 TOTAL-STRESS (KBAR):
 ><><><><><><><><><><><><><><><><><><><><><><
 1.890e+01      2.848e+01      2.848e+01      
 2.848e+01      1.890e+01      2.848e+01      
 2.848e+01      2.848e+01      1.890e+01      
 TOTAL-PRESSURE: 1.890e+01 KBAR
 ETOT DIFF (eV)       : -7.560e-05
 LARGEST GRAD (eV/A)  : 3.573e-02
 -------------------------------------------
 STEP OF RELAXATION : 8
 -------------------------------------------
 DONE(2.039e+02  SEC) : INIT SCF
 ITER   ETOT(eV)       EDIFF(eV)      DRHO       TIME(s)    
 GE1    -1.239807e+03  0.000000e+00   1.885e-05  3.834e+00  
 GE2    -1.239807e+03  4.925828e-07   4.693e-06  3.299e+00  
 GE3    -1.239807e+03  -2.817089e-10  1.683e-06  3.286e+00  
 GE4    -1.239807e+03  -6.626056e-10  6.614e-07  3.314e+00  
 GE5    -1.239807e+03  -8.313990e-11  1.693e-08  3.291e+00  
 GE6    -1.239807e+03  3.866972e-13   3.131e-09  3.280e+00  
 ><><><><><><><><><><><><><><><><><><><><><><
 TOTAL-STRESS (KBAR):
 ><><><><><><><><><><><><><><><><><><><><><><
 1.890e+01      2.852e+01      2.852e+01      
 2.852e+01      1.890e+01      2.852e+01      
 2.852e+01      2.852e+01      1.890e+01      
 TOTAL-PRESSURE: 1.890e+01 KBAR
 ETOT DIFF (eV)       : -2.002e-05
 LARGEST GRAD (eV/A)  : 3.174e-02
 -------------------------------------------
 STEP OF RELAXATION : 9
 -------------------------------------------
 DONE(2.283e+02  SEC) : INIT SCF
 ITER   ETOT(eV)       EDIFF(eV)      DRHO       TIME(s)    
 GE1    -1.239807e+03  0.000000e+00   5.655e-05  3.720e+00  
 GE2    -1.239807e+03  1.251303e-06   1.408e-05  3.320e+00  
 GE3    -1.239807e+03  -2.386115e-09  5.052e-06  3.284e+00  
 GE4    -1.239807e+03  -6.069986e-09  1.983e-06  3.318e+00  
 GE5    -1.239807e+03  -6.877410e-10  5.082e-08  3.315e+00  
 GE6    -1.239807e+03  -3.286926e-12  9.567e-09  3.291e+00  
 ><><><><><><><><><><><><><><><><><><><><><><
 TOTAL-STRESS (KBAR):
 ><><><><><><><><><><><><><><><><><><><><><><
 1.892e+01      2.863e+01      2.863e+01      
 2.863e+01      1.892e+01      2.863e+01      
 2.863e+01      2.863e+01      1.892e+01      
 TOTAL-PRESSURE: 1.892e+01 KBAR
 ETOT DIFF (eV)       : -4.497e-05
 LARGEST GRAD (eV/A)  : 1.976e-02
 -------------------------------------------
 STEP OF RELAXATION : 10
 -------------------------------------------
 DONE(2.524e+02  SEC) : INIT SCF
 ITER   ETOT(eV)       EDIFF(eV)      DRHO       TIME(s)    
 GE1    -1.239807e+03  0.000000e+00   8.273e-06  3.728e+00  
 GE2    -1.239807e+03  2.662730e-06   2.260e-06  3.290e+00  
 GE3    -1.239807e+03  -3.207653e-10  1.187e-06  3.290e+00  
 GE4    -1.239807e+03  -3.246323e-10  2.510e-07  3.297e+00  
 GE5    -1.239807e+03  -1.933486e-11  1.519e-08  3.295e+00  
 GE6    -1.239807e+03  2.706880e-12   1.897e-09  3.298e+00  
 ><><><><><><><><><><><><><><><><><><><><><><
 TOTAL-STRESS (KBAR):
 ><><><><><><><><><><><><><><><><><><><><><><
 1.893e+01      2.864e+01      2.864e+01      
 2.864e+01      1.893e+01      2.864e+01      
 2.864e+01      2.864e+01      1.893e+01      
 TOTAL-PRESSURE: 1.893e+01 KBAR
 ETOT DIFF (eV)       : -2.180e-06
 LARGEST GRAD (eV/A)  : 1.594e-02
 -------------------------------------------
 STEP OF RELAXATION : 11
 -------------------------------------------
 DONE(2.765e+02  SEC) : INIT SCF
 ITER   ETOT(eV)       EDIFF(eV)      DRHO       TIME(s)    
 GE1    -1.239807e+03  0.000000e+00   2.482e-05  3.611e+00  
 GE2    -1.239807e+03  7.184365e-06   6.782e-06  3.277e+00  
 GE3    -1.239807e+03  -2.578690e-09  3.563e-06  3.306e+00  
 GE4    -1.239807e+03  -2.899649e-09  7.532e-07  3.278e+00  
 GE5    -1.239807e+03  -8.739357e-11  4.560e-08  3.312e+00  
 GE6    -1.239807e+03  -9.667430e-13  5.764e-09  3.289e+00  
 ><><><><><><><><><><><><><><><><><><><><><><
 TOTAL-STRESS (KBAR):
 ><><><><><><><><><><><><><><><><><><><><><><
 1.894e+01      2.869e+01      2.869e+01      
 2.869e+01      1.894e+01      2.869e+01      
 2.869e+01      2.869e+01      1.894e+01      
 TOTAL-PRESSURE: 1.894e+01 KBAR
 ETOT DIFF (eV)       : -4.023e-06
 LARGEST GRAD (eV/A)  : 2.425e-02
 -------------------------------------------
 STEP OF RELAXATION : 12
 -------------------------------------------
 DONE(3.005e+02  SEC) : INIT SCF
 ITER   ETOT(eV)       EDIFF(eV)      DRHO       TIME(s)    
 GE1    -1.239807e+03  0.000000e+00   6.544e-06  3.574e+00  
 GE2    -1.239807e+03  -3.763968e-06  1.647e-06  3.283e+00  
 GE3    -1.239807e+03  -7.540595e-11  6.190e-07  3.284e+00  
 GE4    -1.239807e+03  -1.007346e-10  2.198e-07  3.282e+00  
 GE5    -1.239807e+03  -1.237431e-11  5.011e-09  3.318e+00  
 ><><><><><><><><><><><><><><><><><><><><><><
 TOTAL-STRESS (KBAR):
 ><><><><><><><><><><><><><><><><><><><><><><
 1.894e+01      2.870e+01      2.870e+01      
 2.870e+01      1.894e+01      2.870e+01      
 2.870e+01      2.870e+01      1.894e+01      
 TOTAL-PRESSURE: 1.894e+01 KBAR
 ETOT DIFF (eV)       : -6.163e-06
 LARGEST GRAD (eV/A)  : 1.716e-02
 -------------------------------------------
 STEP OF RELAXATION : 13
 -------------------------------------------
 DONE(3.211e+02  SEC) : INIT SCF
 ITER   ETOT(eV)       EDIFF(eV)      DRHO       TIME(s)    
 GE1    -1.239807e+03  0.000000e+00   1.777e-05  5.057e+00  
 GE2    -1.239807e+03  -1.136878e-05  4.470e-06  3.287e+00  
 GE3    -1.239807e+03  -3.907575e-10  1.677e-06  3.286e+00  
 GE4    -1.239807e+03  -7.246705e-10  5.968e-07  3.309e+00  
 GE5    -1.239807e+03  -6.767201e-11  1.361e-08  3.287e+00  
 GE6    -1.239807e+03  3.286926e-12   2.889e-09  3.325e+00  
 ><><><><><><><><><><><><><><><><><><><><><><
 TOTAL-STRESS (KBAR):
 ><><><><><><><><><><><><><><><><><><><><><><
 1.894e+01      2.873e+01      2.873e+01      
 2.873e+01      1.894e+01      2.873e+01      
 2.873e+01      2.873e+01      1.894e+01      
 TOTAL-PRESSURE: 1.894e+01 KBAR
 ETOT DIFF (eV)       : -1.550e-05
 LARGEST GRAD (eV/A)  : 1.169e-02
 -------------------------------------------
 STEP OF RELAXATION : 14
 -------------------------------------------
 DONE(3.467e+02  SEC) : INIT SCF
 ITER   ETOT(eV)       EDIFF(eV)      DRHO       TIME(s)    
 GE1    -1.239807e+03  0.000000e+00   1.029e-05  4.589e+00  
 GE2    -1.239807e+03  1.040641e-06   2.666e-06  3.275e+00  
 GE3    -1.239807e+03  -2.819023e-10  1.200e-06  3.289e+00  
 GE4    -1.239807e+03  -3.424204e-10  3.439e-07  3.294e+00  
 GE5    -1.239807e+03  -3.190252e-11  1.648e-08  3.286e+00  
 GE6    -1.239807e+03  1.160092e-12   2.103e-09  3.286e+00  
 ><><><><><><><><><><><><><><><><><><><><><><
 TOTAL-STRESS (KBAR):
 ><><><><><><><><><><><><><><><><><><><><><><
 1.895e+01      2.875e+01      2.875e+01      
 2.875e+01      1.895e+01      2.875e+01      
 2.875e+01      2.875e+01      1.895e+01      
 TOTAL-PRESSURE: 1.895e+01 KBAR
 ETOT DIFF (eV)       : -1.122e-06
 LARGEST GRAD (eV/A)  : 9.100e-03
 -------------------------------------------
 STEP OF RELAXATION : 15
 -------------------------------------------
 DONE(3.717e+02  SEC) : INIT SCF
 ITER   ETOT(eV)       EDIFF(eV)      DRHO       TIME(s)    
 GE1    -1.239807e+03  0.000000e+00   2.574e-05  3.568e+00  
 GE2    -1.239807e+03  2.387967e-06   6.673e-06  3.280e+00  
 GE3    -1.239807e+03  -1.426913e-09  3.003e-06  3.287e+00  
 GE4    -1.239807e+03  -2.111367e-09  8.607e-07  3.319e+00  
 GE5    -1.239807e+03  -1.343773e-10  4.126e-08  3.323e+00  
 GE6    -1.239807e+03  -1.353440e-12  5.328e-09  3.296e+00  
 ><><><><><><><><><><><><><><><><><><><><><><
 TOTAL-STRESS (KBAR):
 ><><><><><><><><><><><><><><><><><><><><><><
 1.896e+01      2.880e+01      2.880e+01      
 2.880e+01      1.896e+01      2.880e+01      
 2.880e+01      2.880e+01      1.896e+01      
 TOTAL-PRESSURE: 1.896e+01 KBAR
 ETOT DIFF (eV)       : 2.714e-07
 LARGEST GRAD (eV/A)  : 6.431e-03
 -------------------------------------------
 STEP OF RELAXATION : 16
 -------------------------------------------
 DONE(3.958e+02  SEC) : INIT SCF
 ITER   ETOT(eV)       EDIFF(eV)      DRHO       TIME(s)    
 GE1    -1.239807e+03  0.000000e+00   3.232e-06  3.751e+00  
 GE2    -1.239807e+03  8.923140e-07   1.106e-06  3.296e+00  
 GE3    -1.239807e+03  -2.426525e-10  6.591e-07  3.289e+00  
 GE4    -1.239807e+03  -9.106719e-11  7.160e-08  3.287e+00  
 GE5    -1.239807e+03  1.353440e-12   6.578e-09  3.305e+00  
 ><><><><><><><><><><><><><><><><><><><><><><
 TOTAL-STRESS (KBAR):
 ><><><><><><><><><><><><><><><><><><><><><><
 1.896e+01      2.880e+01      2.880e+01      
 2.880e+01      1.896e+01      2.880e+01      
 2.880e+01      2.880e+01      1.896e+01      
 TOTAL-PRESSURE: 1.896e+01 KBAR
 ETOT DIFF (eV)       : 4.755e-07
 LARGEST GRAD (eV/A)  : 3.875e-03
 -------------------------------------------
 STEP OF RELAXATION : 17
 -------------------------------------------
 DONE(4.165e+02  SEC) : INIT SCF
 ITER   ETOT(eV)       EDIFF(eV)      DRHO       TIME(s)    
 GE1    -1.239807e+03  0.000000e+00   6.381e-06  6.009e+00  
 GE2    -1.239807e+03  1.654949e-06   2.182e-06  3.322e+00  
 GE3    -1.239807e+03  -9.108652e-10  1.301e-06  3.328e+00  
 GE4    -1.239807e+03  -3.385534e-10  1.414e-07  3.324e+00  
 GE5    -1.239807e+03  -2.126835e-12  1.299e-08  3.292e+00  
 GE6    -1.239807e+03  1.933486e-13   2.493e-09  3.332e+00  
 ><><><><><><><><><><><><><><><><><><><><><><
 TOTAL-STRESS (KBAR):
 ><><><><><><><><><><><><><><><><><><><><><><
 1.896e+01      2.879e+01      2.879e+01      
 2.879e+01      1.896e+01      2.879e+01      
 2.879e+01      2.879e+01      1.896e+01      
 TOTAL-PRESSURE: 1.896e+01 KBAR
 ETOT DIFF (eV)       : 1.023e-06
 LARGEST GRAD (eV/A)  : 6.579e-03
 -------------------------------------------
 STEP OF RELAXATION : 18
 -------------------------------------------
 DONE(4.427e+02  SEC) : INIT SCF
 ITER   ETOT(eV)       EDIFF(eV)      DRHO       TIME(s)    
 GE1    -1.239807e+03  0.000000e+00   1.989e-06  4.758e+00  
 GE2    -1.239807e+03  -7.068504e-07  6.940e-07  3.324e+00  
 GE3    -1.239807e+03  -9.145389e-11  4.151e-07  3.285e+00  
 GE4    -1.239807e+03  -3.576949e-11  3.885e-08  3.334e+00  
 GE5    -1.239807e+03  -2.513532e-12  3.552e-09  3.285e+00  
 ><><><><><><><><><><><><><><><><><><><><><><
 TOTAL-STRESS (KBAR):
 ><><><><><><><><><><><><><><><><><><><><><><
 1.896e+01      2.879e+01      2.879e+01      
 2.879e+01      1.896e+01      2.879e+01      
 2.879e+01      2.879e+01      1.896e+01      
 TOTAL-PRESSURE: 1.896e+01 KBAR
 ETOT DIFF (eV)       : -9.459e-07
 LARGEST GRAD (eV/A)  : 5.986e-03
 -------------------------------------------
 STEP OF RELAXATION : 19
 -------------------------------------------
 DONE(4.640e+02  SEC) : INIT SCF
 ITER   ETOT(eV)       EDIFF(eV)      DRHO       TIME(s)    
 GE1    -1.239807e+03  0.000000e+00   5.967e-06  3.726e+00  
 GE2    -1.239807e+03  -2.225223e-06  2.082e-06  3.302e+00  
 GE3    -1.239807e+03  -7.776481e-10  1.245e-06  3.281e+00  
 GE4    -1.239807e+03  -2.952433e-10  1.166e-07  3.275e+00  
 GE5    -1.239807e+03  -2.706880e-12  1.066e-08  3.294e+00  
 GE6    -1.239807e+03  1.933486e-13   2.301e-09  3.287e+00  
 ><><><><><><><><><><><><><><><><><><><><><><
 TOTAL-STRESS (KBAR):
 ><><><><><><><><><><><><><><><><><><><><><><
 1.895e+01      2.878e+01      2.878e+01      
 2.878e+01      1.895e+01      2.878e+01      
 2.878e+01      2.878e+01      1.895e+01      
 TOTAL-PRESSURE: 1.895e+01 KBAR
 ETOT DIFF (eV)       : -2.819e-06
 LARGEST GRAD (eV/A)  : 4.776e-03
 -------------------------------------------
 STEP OF RELAXATION : 20
 -------------------------------------------
 DONE(4.880e+02  SEC) : INIT SCF
 ITER   ETOT(eV)       EDIFF(eV)      DRHO       TIME(s)    
 GE1    -1.239807e+03  0.000000e+00   7.767e-07  3.730e+00  
 GE2    -1.239807e+03  -7.204012e-07  2.035e-07  3.277e+00  
 GE3    -1.239807e+03  -1.140757e-11  9.820e-08  3.284e+00  
 GE4    -1.239807e+03  -3.093578e-12  2.458e-08  3.283e+00  
 GE5    -1.239807e+03  9.667430e-13   1.385e-09  3.312e+00  
 ><><><><><><><><><><><><><><><><><><><><><><
 TOTAL-STRESS (KBAR):
 ><><><><><><><><><><><><><><><><><><><><><><
 1.895e+01      2.879e+01      2.879e+01      
 2.879e+01      1.895e+01      2.879e+01      
 2.879e+01      2.879e+01      1.895e+01      
 TOTAL-PRESSURE: 1.895e+01 KBAR
 ETOT DIFF (eV)       : -7.634e-07
 LARGEST GRAD (eV/A)  : 3.592e-03
 -------------------------------------------
 STEP OF RELAXATION : 21
 -------------------------------------------
 DONE(5.086e+02  SEC) : INIT SCF
 ITER   ETOT(eV)       EDIFF(eV)      DRHO       TIME(s)    
 GE1    -1.239807e+03  0.000000e+00   1.329e-06  3.604e+00  
 GE2    -1.239807e+03  -1.246039e-06  3.485e-07  3.290e+00  
 GE3    -1.239807e+03  -1.508119e-11  1.687e-07  3.286e+00  
 GE4    -1.239807e+03  -6.767201e-12  4.200e-08  3.319e+00  
 GE5    -1.239807e+03  -2.126835e-12  2.369e-09  3.287e+00  
 ><><><><><><><><><><><><><><><><><><><><><><
 TOTAL-STRESS (KBAR):
 ><><><><><><><><><><><><><><><><><><><><><><
 1.895e+01      2.879e+01      2.879e+01      
 2.879e+01      1.895e+01      2.879e+01      
 2.879e+01      2.879e+01      1.895e+01      
 TOTAL-PRESSURE: 1.895e+01 KBAR
 ETOT DIFF (eV)       : -1.300e-06
 LARGEST GRAD (eV/A)  : 2.862e-03
 -------------------------------------------
 STEP OF RELAXATION : 22
 -------------------------------------------
 DONE(5.291e+02  SEC) : INIT SCF
 ITER   ETOT(eV)       EDIFF(eV)      DRHO       TIME(s)    
 GE1    -1.239807e+03  0.000000e+00   1.141e-06  5.235e+00  
 GE2    -1.239807e+03  -4.407381e-08  3.685e-07  3.267e+00  
 GE3    -1.239807e+03  -3.557614e-11  2.137e-07  3.271e+00  
 GE4    -1.239807e+03  -1.585459e-11  2.967e-08  3.278e+00  
 GE5    -1.239807e+03  -1.353440e-12  2.391e-09  3.279e+00  
 ><><><><><><><><><><><><><><><><><><><><><><
 TOTAL-STRESS (KBAR):
 ><><><><><><><><><><><><><><><><><><><><><><
 1.895e+01      2.879e+01      2.879e+01      
 2.879e+01      1.895e+01      2.879e+01      
 2.879e+01      2.879e+01      1.895e+01      
 TOTAL-PRESSURE: 1.895e+01 KBAR
 ETOT DIFF (eV)       : -1.704e-07
 LARGEST GRAD (eV/A)  : 2.511e-03
 -------------------------------------------
 STEP OF RELAXATION : 23
 -------------------------------------------
 DONE(5.516e+02  SEC) : INIT SCF
 ITER   ETOT(eV)       EDIFF(eV)      DRHO       TIME(s)    
 GE1    -1.239807e+03  0.000000e+00   3.422e-06  3.667e+00  
 GE2    -1.239807e+03  -1.676334e-07  1.104e-06  3.317e+00  
 GE3    -1.239807e+03  -2.327917e-10  6.399e-07  3.282e+00  
 GE4    -1.239807e+03  -9.590090e-11  8.915e-08  3.312e+00  
 GE5    -1.239807e+03  -1.005413e-11  7.177e-09  3.316e+00  
 ><><><><><><><><><><><><><><><><><><><><><><
 TOTAL-STRESS (KBAR):
 ><><><><><><><><><><><><><><><><><><><><><><
 1.895e+01      2.879e+01      2.879e+01      
 2.879e+01      1.895e+01      2.879e+01      
 2.879e+01      2.879e+01      1.895e+01      
 TOTAL-PRESSURE: 1.895e+01 KBAR
 ETOT DIFF (eV)       : -5.085e-07
 LARGEST GRAD (eV/A)  : 2.140e-03
 -------------------------------------------
 STEP OF RELAXATION : 24
 -------------------------------------------
 DONE(5.722e+02  SEC) : INIT SCF
 ITER   ETOT(eV)       EDIFF(eV)      DRHO       TIME(s)    
 GE1    -1.239807e+03  0.000000e+00   1.110e-06  3.659e+00  
 GE2    -1.239807e+03  -7.151410e-07  3.900e-07  3.273e+00  
 GE3    -1.239807e+03  -3.557614e-11  2.258e-07  3.270e+00  
 GE4    -1.239807e+03  -1.682133e-11  2.467e-08  3.273e+00  
 GE5    -1.239807e+03  -1.933486e-13  2.214e-09  3.282e+00  
 ><><><><><><><><><><><><><><><><><><><><><><
 TOTAL-STRESS (KBAR):
 ><><><><><><><><><><><><><><><><><><><><><><
 1.895e+01      2.879e+01      2.879e+01      
 2.879e+01      1.895e+01      2.879e+01      
 2.879e+01      2.879e+01      1.895e+01      
 TOTAL-PRESSURE: 1.895e+01 KBAR
 ETOT DIFF (eV)       : -8.690e-07
 LARGEST GRAD (eV/A)  : 1.891e-03
 -------------------------------------------
 STEP OF RELAXATION : 25
 -------------------------------------------
 DONE(5.928e+02  SEC) : INIT SCF
 ITER   ETOT(eV)       EDIFF(eV)      DRHO       TIME(s)    
 GE1    -1.239807e+03  0.000000e+00   3.332e-06  5.710e+00  
 GE2    -1.239807e+03  -2.220823e-06  1.177e-06  3.265e+00  
 GE3    -1.239807e+03  -2.585071e-10  6.806e-07  3.264e+00  
 GE4    -1.239807e+03  -1.018947e-10  7.355e-08  3.261e+00  
 GE5    -1.239807e+03  -6.187155e-12  6.629e-09  3.266e+00  
 ><><><><><><><><><><><><><><><><><><><><><><
 TOTAL-STRESS (KBAR):
 ><><><><><><><><><><><><><><><><><><><><><><
 1.895e+01      2.879e+01      2.879e+01      
 2.879e+01      1.895e+01      2.879e+01      
 2.879e+01      2.879e+01      1.895e+01      
 TOTAL-PRESSURE: 1.895e+01 KBAR
 ETOT DIFF (eV)       : -2.641e-06
 LARGEST GRAD (eV/A)  : 3.178e-03
 -------------------------------------------
 STEP OF RELAXATION : 26
 -------------------------------------------
 DONE(6.156e+02  SEC) : INIT SCF
 ITER   ETOT(eV)       EDIFF(eV)      DRHO       TIME(s)    
 GE1    -1.239807e+03  0.000000e+00   1.267e-06  3.709e+00  
 GE2    -1.239807e+03  1.213960e-06   4.516e-07  3.289e+00  
 GE3    -1.239807e+03  -5.181742e-11  2.510e-07  3.257e+00  
 GE4    -1.239807e+03  -1.856147e-11  3.463e-08  3.273e+00  
 GE5    -1.239807e+03  -2.900229e-12  2.412e-09  3.297e+00  
 ><><><><><><><><><><><><><><><><><><><><><><
 TOTAL-STRESS (KBAR):
 ><><><><><><><><><><><><><><><><><><><><><><
 1.895e+01      2.879e+01      2.879e+01      
 2.879e+01      1.895e+01      2.879e+01      
 2.879e+01      2.879e+01      1.895e+01      
 TOTAL-PRESSURE: 1.895e+01 KBAR
 ETOT DIFF (eV)       : 1.146e-06
 LARGEST GRAD (eV/A)  : 1.741e-03
 -------------------------------------------
 STEP OF RELAXATION : 27
 -------------------------------------------
 DONE(6.365e+02  SEC) : INIT SCF
 ITER   ETOT(eV)       EDIFF(eV)      DRHO       TIME(s)    
 GE1    -1.239807e+03  0.000000e+00   1.118e-07  6.000e+00  
 GE2    -1.239807e+03  1.070596e-07   3.911e-08  3.263e+00  
 GE3    -1.239807e+03  -4.447018e-12  2.187e-08  3.276e+00  
 GE4    -1.239807e+03  3.866972e-13   3.105e-09  3.275e+00  
 ><><><><><><><><><><><><><><><><><><><><><><
 TOTAL-STRESS (KBAR):
 ><><><><><><><><><><><><><><><><><><><><><><
 1.895e+01      2.879e+01      2.879e+01      
 2.879e+01      1.895e+01      2.879e+01      
 2.879e+01      2.879e+01      1.895e+01      
 TOTAL-PRESSURE: 1.895e+01 KBAR
 ETOT DIFF (eV)       : 1.013e-07
 LARGEST GRAD (eV/A)  : 1.927e-03
 -------------------------------------------
 STEP OF RELAXATION : 28
 -------------------------------------------
 DONE(6.564e+02  SEC) : INIT SCF
 ITER   ETOT(eV)       EDIFF(eV)      DRHO       TIME(s)    
 GE1    -1.239807e+03  0.000000e+00   9.907e-07  3.529e+00  
 GE2    -1.239807e+03  -3.637759e-07  3.474e-07  3.264e+00  
 GE3    -1.239807e+03  -3.383600e-11  1.996e-07  3.264e+00  
 GE4    -1.239807e+03  -1.218096e-11  2.490e-08  3.263e+00  
 GE5    -1.239807e+03  -3.866972e-13  1.972e-09  3.263e+00  
 ><><><><><><><><><><><><><><><><><><><><><><
 TOTAL-STRESS (KBAR):
 ><><><><><><><><><><><><><><><><><><><><><><
 1.895e+01      2.879e+01      2.879e+01      
 2.879e+01      1.895e+01      2.879e+01      
 2.879e+01      2.879e+01      1.895e+01      
 TOTAL-PRESSURE: 1.895e+01 KBAR
 ETOT DIFF (eV)       : -4.820e-07
 LARGEST GRAD (eV/A)  : 1.788e-03
 -------------------------------------------
 STEP OF RELAXATION : 29
 -------------------------------------------
 DONE(6.769e+02  SEC) : INIT SCF
 ITER   ETOT(eV)       EDIFF(eV)      DRHO       TIME(s)    
 GE1    -1.239807e+03  0.000000e+00   2.971e-06  5.670e+00  
 GE2    -1.239807e+03  -1.136107e-06  1.037e-06  3.269e+00  
 GE3    -1.239807e+03  -1.995358e-10  5.964e-07  3.310e+00  
 GE4    -1.239807e+03  -8.159311e-11  7.506e-08  3.274e+00  
 GE5    -1.239807e+03  -7.153898e-12  5.923e-09  3.273e+00  
 ><><><><><><><><><><><><><><><><><><><><><><
 TOTAL-STRESS (KBAR):
 ><><><><><><><><><><><><><><><><><><><><><><
 1.895e+01      2.879e+01      2.879e+01      
 2.879e+01      1.895e+01      2.879e+01      
 2.879e+01      2.879e+01      1.895e+01      
 TOTAL-PRESSURE: 1.895e+01 KBAR
 ETOT DIFF (eV)       : -1.465e-06
 LARGEST GRAD (eV/A)  : 1.369e-03
 -------------------------------------------
 STEP OF RELAXATION : 30
 -------------------------------------------
 DONE(7.001e+02  SEC) : INIT SCF
 ITER   ETOT(eV)       EDIFF(eV)      DRHO       TIME(s)    
 GE1    -1.239807e+03  0.000000e+00   4.101e-07  3.573e+00  
 GE2    -1.239807e+03  -7.572830e-07  1.213e-07  3.264e+00  
 GE3    -1.239807e+03  -7.733944e-12  5.863e-08  3.281e+00  
 GE4    -1.239807e+03  7.733944e-13   1.127e-08  3.304e+00  
 GE5    -1.239807e+03  -1.546789e-12  8.018e-10  3.277e+00  
 ><><><><><><><><><><><><><><><><><><><><><><
 TOTAL-STRESS (KBAR):
 ><><><><><><><><><><><><><><><><><><><><><><
 1.895e+01      2.879e+01      2.879e+01      
 2.879e+01      1.895e+01      2.879e+01      
 2.879e+01      2.879e+01      1.895e+01      
 TOTAL-PRESSURE: 1.895e+01 KBAR
 ETOT DIFF (eV)       : -8.217e-07
 LARGEST GRAD (eV/A)  : 1.215e-03
 -------------------------------------------
 STEP OF RELAXATION : 31
 -------------------------------------------
 DONE(7.206e+02  SEC) : INIT SCF
 ITER   ETOT(eV)       EDIFF(eV)      DRHO       TIME(s)    
 GE1    -1.239807e+03  0.000000e+00   1.119e-07  5.338e+00  
 GE2    -1.239807e+03  -2.070684e-07  3.312e-08  3.305e+00  
 GE3    -1.239807e+03  -3.093578e-12  1.615e-08  3.264e+00  
 GE4    -1.239807e+03  1.353440e-12   3.098e-09  3.281e+00  
 ><><><><><><><><><><><><><><><><><><><><><><
 TOTAL-STRESS (KBAR):
 ><><><><><><><><><><><><><><><><><><><><><><
 1.895e+01      2.879e+01      2.879e+01      
 2.879e+01      1.895e+01      2.879e+01      
 2.879e+01      2.879e+01      1.895e+01      
 TOTAL-PRESSURE: 1.895e+01 KBAR
 ETOT DIFF (eV)       : -2.246e-07
 LARGEST GRAD (eV/A)  : 1.452e-03
 -------------------------------------------
 STEP OF RELAXATION : 32
 -------------------------------------------
 DONE(7.393e+02  SEC) : INIT SCF
 ITER   ETOT(eV)       EDIFF(eV)      DRHO       TIME(s)    
 GE1    -1.239807e+03  0.000000e+00   4.088e-07  3.641e+00  
 GE2    -1.239807e+03  -3.795008e-08  1.418e-07  3.250e+00  
 GE3    -1.239807e+03  -1.082752e-11  8.186e-08  3.252e+00  
 GE4    -1.239807e+03  -3.093578e-12  1.068e-08  3.293e+00  
 GE5    -1.239807e+03  -2.513532e-12  8.043e-10  3.258e+00  
 ><><><><><><><><><><><><><><><><><><><><><><
 TOTAL-STRESS (KBAR):
 ><><><><><><><><><><><><><><><><><><><><><><
 1.895e+01      2.879e+01      2.879e+01      
 2.879e+01      1.895e+01      2.879e+01      
 2.879e+01      2.879e+01      1.895e+01      
 TOTAL-PRESSURE: 1.895e+01 KBAR
 ETOT DIFF (eV)       : -7.869e-08
 LARGEST GRAD (eV/A)  : 1.264e-03
 -------------------------------------------
 STEP OF RELAXATION : 33
 -------------------------------------------
 DONE(7.600e+02  SEC) : INIT SCF
 ITER   ETOT(eV)       EDIFF(eV)      DRHO       TIME(s)    
 GE1    -1.239807e+03  0.000000e+00   1.225e-06  3.554e+00  
 GE2    -1.239807e+03  -1.208367e-07  4.192e-07  3.303e+00  
 GE3    -1.239807e+03  -4.389013e-11  2.409e-07  3.256e+00  
 GE4    -1.239807e+03  -1.720803e-11  3.240e-08  3.298e+00  
 GE5    -1.239807e+03  -1.160092e-12  2.419e-09  3.271e+00  
 ><><><><><><><><><><><><><><><><><><><><><><
 TOTAL-STRESS (KBAR):
 ><><><><><><><><><><><><><><><><><><><><><><
 1.895e+01      2.879e+01      2.879e+01      
 2.879e+01      1.895e+01      2.879e+01      
 2.879e+01      2.879e+01      1.895e+01      
 TOTAL-PRESSURE: 1.895e+01 KBAR
 ETOT DIFF (eV)       : -2.384e-07
 LARGEST GRAD (eV/A)  : 7.022e-04

  |CLASS_NAME---------|NAME---------------|TIME(Sec)-----|CALLS----|AVG------|PER%-------
                       total               780.26         73        11        1e+02     %
   Driver              driver_line         780.25         1         7.8e+02   1e+02     %
   PW_Basis            setup_struc_factor  0.14748        33        0.0045    0.019     %
   ORB_control         set_orb_tables      0.47064        1         0.47      0.06      %
   ORB_gen_tables      gen_tables          0.47063        1         0.47      0.06      %
   ORB_table_beta      init_Table_Beta     0.12058        1         0.12      0.015     %
   ORB_table_beta      VNL_PhiBeta_R       0.11971        26        0.0046    0.015     %
   Ions                opt_ions            779.28         1         7.8e+02   1e+02     %
   ESolver_KS_LCAO     Run                 664.1          33        20        85        %
   ESolver_KS_LCAO     beforescf           12.478         33        0.38      1.6       %
   ESolver_KS_LCAO     beforesolver        0.89096        33        0.027     0.11      %
   ESolver_KS_LCAO     set_matrix_grid     0.80373        33        0.024     0.1       %
   Grid_Technique      init                0.50458        33        0.015     0.065     %
   Grid_BigCell        grid_expansion_index0.17392        66        0.0026    0.022     %
   Record_adj          for_2d              0.21323        33        0.0065    0.027     %
   Charge              atomic_rho          4.237          66        0.064     0.54      %
   PW_Basis            recip2real          5.9431         1524      0.0039    0.76      %
   PW_Basis            gathers_scatterp    0.68888        1524      0.00045   0.088     %
   Potential           init_pot            2.9798         33        0.09      0.38      %
   Potential           update_from_charge  5.1371         221       0.023     0.66      %
   Potential           cal_fixed_v         0.41127        33        0.012     0.053     %
   PotLocal            cal_fixed_v         0.40918        33        0.012     0.052     %
   Potential           cal_v_eff           4.7254         221       0.021     0.61      %
   H_Hartree_pw        v_hartree           0.74819        221       0.0034    0.096     %
   PW_Basis            real2recip          2.9001         2121      0.0014    0.37      %
   PW_Basis            gatherp_scatters    0.93047        2121      0.00044   0.12      %
   PotXC               cal_v_eff           3.9475         221       0.018     0.51      %
   XC_Functional       v_xc                3.9356         221       0.018     0.5       %
   Symmetry            rhog_symmetry       14.399         221       0.065     1.8       %
   HSolverLCAO         solve               632.54         188       3.4       81        %
   HamiltLCAO          updateHk            131.01         21808     0.006     17        %
   OperatorLCAO        init                96.347         43616     0.0022    12        %
   Veff                contributeHk        96.178         21808     0.0044    12        %
   Gint_interface      cal_gint            151.76         409       0.37      19        %
   Gint_interface      cal_gint_vlocal     60.971         188       0.32      7.8       %
   Gint_Tools          cal_psir_ylm        9.8621         48504     0.0002    1.3       %
   Gint_k              folding_vl_k        35.173         21808     0.0016    4.5       %
   Gint_k              Distri              29.052         21808     0.0013    3.7       %
   Overlap             contributeHR        0.61069        33        0.019     0.078     %
   LCAO_gen_fixedH     calculate_S_no      0.61062        33        0.019     0.078     %
   Ekin<LCAO>          contributeHR        0.61692        33        0.019     0.079     %
   Nonlocal<LCAO>      contributeHR        7.3021         33        0.22      0.94      %
   LCAO_gen_fixedH     b_NL_mu_new         24.246         66        0.37      3.1       %
   ORB_gen_tables      snap_psibeta_half   0.36176        56303     6.4e-06   0.046     %
   OperatorLCAO        folding_fixed       26.065         21808     0.0012    3.3       %
   LCAO_nnr            folding_fixedH      25.678         21808     0.0012    3.3       %
   HSolverLCAO         hamiltSolvePsiK     396.46         21808     0.018     51        %
   DiagoElpa           elpa_solve          386.97         21808     0.018     50        %
   ElecStateLCAO       psiToRho            105.02         188       0.56      13        %
   elecstate           cal_dm              19.29          221       0.087     2.5       %
   psiMulPsiMpi        pdgemm              17.933         25636     0.0007    2.3       %
    Local_Orbital_wfc  wfc_2d_to_grid      1.2514         25636     4.9e-05   0.16      %
   LCAO_Charge         cal_dk_k            34.339         188       0.18      4.4       %
   Gint_interface      cal_gint_rho        51.471         188       0.27      6.6       %
   Charge              mix_rho             0.10568        155       0.00068   0.014     %
   Charge              Pulay_mixing        0.10079        155       0.00065   0.013     %
   Force_Stress_LCAO   getForceStress      115.12         33        3.5       15        %
   Forces              cal_force_loc       0.15368        33        0.0047    0.02      %
   Forces              cal_force_ew        0.12216        33        0.0037    0.016     %
   Stress_Func         stress_loc          0.17261        33        0.0052    0.022     %
   Stress_Func         stress_gga          0.16863        33        0.0051    0.022     %
   Force_LCAO_k        ftable_k            114.18         33        3.5       15        %
   Force_LCAO_k        allocate_k          26.777         33        0.81      3.4       %
   Force_LCAO_k        cal_foverlap_k      7.7012         33        0.23      0.99      %
   Force_LCAO_k        cal_edm_2d          7.6222         33        0.23      0.98      %
   Local_Orbital_Chargecal_dm_R            3.0952         66        0.047     0.4       %
   Force_LCAO_k        cal_fvl_dphi_k      39.322         33        1.2       5         %
   Gint_interface      cal_gint_force      39.321         33        1.2       5         %
   Gint_Tools          cal_dpsir_ylm       18.698         4257      0.0044    2.4       %
   Gint_Tools          cal_dpsirr_ylm      1.7099         4257      0.0004    0.22      %
   Force_LCAO_k        cal_fvnl_dbeta_k_new36.065         33        1.1       4.6       %
 ----------------------------------------------------------------------------------------

 START  Time  : Sun Aug 27 15:02:58 2023
 FINISH Time  : Sun Aug 27 15:15:58 2023
 TOTAL  Time  : 780
 SEE INFORMATION IN : OUT.ABACUS/
