                                                                                     
                              ABACUS v3.3.0

               Atomic-orbital Based Ab-initio Computation at UStc                    

                     Website: http://abacus.ustc.edu.cn/                             
               Documentation: https://abacus.deepmodeling.com/                       
                  Repository: https://github.com/abacusmodeling/abacus-develop       
                              https://github.com/deepmodeling/abacus-develop         
                      Commit: unknown

    Start Time is Sun Aug 27 15:51:55 2023
                                                                                     
 ------------------------------------------------------------------------------------

 READING GENERAL INFORMATION
                           global_out_dir = OUT.ABACUS/
                           global_in_card = INPUT
                               pseudo_dir = 
                              orbital_dir = 
                                    DRANK = 1
                                    DSIZE = 2
                                   DCOLOR = 1
                                    GRANK = 1
                                    GSIZE = 1
 The esolver type has been set to : ksdft_lcao




 >>>>>>>>>>>>>>>>>>>>>>>>>>>>>>>>>>>>>>>>>>>>>>>>>>>>>>>>>>>>>>>>>>>>>>
 |                                                                    |
 | Reading atom information in unitcell:                              |
 | From the input file and the structure file we know the number of   |
 | different elments in this unitcell, then we list the detail        |
 | information for each element, especially the zeta and polar atomic |
 | orbital number for each element. The total atom number is counted. |
 | We calculate the nearest atom distance for each atom and show the  |
 | Cartesian and Direct coordinates for each atom. We list the file   |
 | address for atomic orbitals. The volume and the lattice vectors    |
 | in real and reciprocal space is also shown.                        |
 |                                                                    |
 <<<<<<<<<<<<<<<<<<<<<<<<<<<<<<<<<<<<<<<<<<<<<<<<<<<<<<<<<<<<<<<<<<<<<<




 READING UNITCELL INFORMATION
                                    ntype = 1
                  lattice constant (Bohr) = 1.88973
              lattice constant (Angstrom) = 1

 READING ATOM TYPE 1
                               atom label = C
                      L=0, number of zeta = 2
                      L=1, number of zeta = 2
                      L=2, number of zeta = 1
             number of atom for this type = 2

                        TOTAL ATOM NUMBER = 2

 DIRECT COORDINATES
         atom                   x                   y                   z                 mag                  vx                  vy                  vz
      taud_C1            0.666667            0.333333                 0.5                   0                   0                   0                   0
      taud_C2            0.333333            0.666667                 0.5                   0                   0                   0                   0


                          Volume (Bohr^3) = 427.451
                             Volume (A^3) = 63.3416

 Lattice vectors: (Cartesian coordinate: in unit of a_0)
             +2.46882                  +0                  +0
             -1.23441            +2.13806                  +0
                   +0                  +0                 +12
 Reciprocal vectors: (Cartesian coordinate: in unit of 2 pi/a_0)
            +0.405052           +0.233857                  -0
                   +0           +0.467714                  +0
                   +0                  -0          +0.0833333




 >>>>>>>>>>>>>>>>>>>>>>>>>>>>>>>>>>>>>>>>>>>>>>>>>>>>>>>>>>>>>>>>>>>>>>
 |                                                                    |
 | Reading pseudopotentials files:                                    |
 | The pseudopotential file is in UPF format. The 'NC' indicates that |
 | the type of pseudopotential is 'norm conserving'. Functional of    |
 | exchange and correlation is decided by 4 given parameters in UPF   |
 | file.  We also read in the 'core correction' if there exists.      |
 | Also we can read the valence electrons number and the maximal      |
 | angular momentum used in this pseudopotential. We also read in the |
 | trail wave function, trail atomic density and local-pseudopotential|
 | on logrithmic grid. The non-local pseudopotential projector is also|
 | read in if there is any.                                           |
 |                                                                    |
 <<<<<<<<<<<<<<<<<<<<<<<<<<<<<<<<<<<<<<<<<<<<<<<<<<<<<<<<<<<<<<<<<<<<<<




                PAO radial cut off (Bohr) = 15

 Read in pseudopotential file is ../../C_ONCV_PBE-1.0.upf
                     pseudopotential type = NC
          exchange-correlation functional = PBE
                 nonlocal core correction = 0
                        valence electrons = 4
                                     lmax = 1
                           number of zeta = 0
                     number of projectors = 4
                           L of projector = 0
                           L of projector = 0
                           L of projector = 1
                           L of projector = 1
     initial pseudo atomic orbital number = 0
                                   NLOCAL = 26




 >>>>>>>>>>>>>>>>>>>>>>>>>>>>>>>>>>>>>>>>>>>>>>>>>>>>>>>>>>>>>>>>>>>>>>
 |                                                                    |
 | Setup plane waves of charge/potential:                             |
 | Use the energy cutoff and the lattice vectors to generate the      |
 | dimensions of FFT grid. The number of FFT grid on each processor   |
 | is 'nrxx'. The number of plane wave basis in reciprocal space is   |
 | different for charege/potential and wave functions. We also set    |
 | the 'sticks' for the parallel of FFT. The number of plane waves    |
 | is 'npw' in each processor.                                        |
 <<<<<<<<<<<<<<<<<<<<<<<<<<<<<<<<<<<<<<<<<<<<<<<<<<<<<<<<<<<<<<<<<<<<<<





 SETUP THE PLANE WAVE BASIS
 energy cutoff for charge/potential (unit:Ry) = 400
            fft grid for charge/potential = [ 30, 30, 150 ]
                        fft grid division = [ 5, 5, 3 ]
        big fft grid for charge/potential = [ 6, 6, 50 ]
                                     nbxx = 900
                                     nrxx = 67500

 SETUP PLANE WAVES FOR CHARGE/POTENTIAL
                    number of plane waves = 57763
                         number of sticks = 595

 PARALLEL PW FOR CHARGE/POTENTIAL
     PROC   COLUMNS(POT)             PW
        1            297          28879
        2            298          28884
 --------------- sum -------------------
        2            595          57763
                            number of |g| = 8245
                                  max |g| = 36.1744
                                  min |g| = 0

 SETUP THE ELECTRONS NUMBER
             electron number of element C = 4
       total electron number of element C = 8
            AUTOSET number of electrons:  = 8
 DONE : SETUP UNITCELL Time : 0.0365943 (SEC)





 >>>>>>>>>>>>>>>>>>>>>>>>>>>>>>>>>>>>>>>>>>>>>>>>>>>>>>>>>>>>>>>>>>>>>>
 |                                                                    |
 | Doing symmetry analysis:                                           |
 | We calculate the norm of 3 vectors and the angles between them,    |
 | the type of Bravais lattice is given. We can judge if the unticell |
 | is a primitive cell. Finally we give the point group operation for |
 | this unitcell. We use the point group operations to do symmetry |
 | analysis on given k-point mesh and the charge density.             |
 |                                                                    |
 <<<<<<<<<<<<<<<<<<<<<<<<<<<<<<<<<<<<<<<<<<<<<<<<<<<<<<<<<<<<<<<<<<<<<<




 LATTICE VECTORS: (CARTESIAN COORDINATE: IN UNIT OF A0)
             +2.46882                  +0                  +0
             -1.23441            +2.13806                  +0
                   +0                  +0                 +12
                       right hand lattice = 1
                                   NORM_A = 2.46882
                                   NORM_B = 2.46882
                                   NORM_C = 12
                           ALPHA (DEGREE) = 90
                           BETA  (DEGREE) = 90
                           GAMMA (DEGREE) = 120

 The lattice vectors have been changed (STRU_SIMPLE.cif)

(for optimal symmetric configuration:)
                             BRAVAIS TYPE = 4
                     BRAVAIS LATTICE NAME = 04. Hexagonal cell
                                    ibrav = 4
                                    IBRAV = 4
                                  BRAVAIS = HEXAGONAL CELL
                       LATTICE CONSTANT A = 2.46882
                                C/A RATIO = 4.86063
Original cell was already a primitive cell.
                        ROTATION MATRICES = 24
              PURE POINT GROUP OPERATIONS = 24
                   SPACE GROUP OPERATIONS = 24
                                       C2 = 7
                                       C3 = 2
                                       C4 = 0
                                       C6 = 2
                                       S1 = 7
                                       S3 = 2
                                       S4 = 0
                                       S6 = 2
                              POINT GROUP = D_6h
                                       C2 = 7
                                       C3 = 2
                                       C4 = 0
                                       C6 = 2
                                       S1 = 7
                                       S3 = 2
                                       S4 = 0
                                       S6 = 2
               POINT GROUP IN SPACE GROUP = D_6h
 DONE : SYMMETRY Time : 0.103985 (SEC)





 >>>>>>>>>>>>>>>>>>>>>>>>>>>>>>>>>>>>>>>>>>>>>>>>>>>>>>>>>>>>>>>>>>>>>>
 |                                                                    |
 | Setup K-points                                                     |
 | We setup the k-points according to input parameters.               |
 | The reduced k-points are set according to symmetry operations.     |
 | We treat the spin as another set of k-points.                      |
 |                                                                    |
 <<<<<<<<<<<<<<<<<<<<<<<<<<<<<<<<<<<<<<<<<<<<<<<<<<<<<<<<<<<<<<<<<<<<<<





 SETUP K-POINTS
                                    nspin = 1
                   Input type of k points = Monkhorst-Pack(Gamma)
                                   nkstot = 256
                       right hand lattice = 1
(for reciprocal lattice: )
                             BRAVAIS TYPE = 4
                     BRAVAIS LATTICE NAME = 04. Hexagonal cell
                                    ibrav = 4
                       right hand lattice = 1
(for k-lattice: )
                             BRAVAIS TYPE = 4
                     BRAVAIS LATTICE NAME = 04. Hexagonal cell
                                    ibrav = 4
                       right hand lattice = 1
                        ROTATION MATRICES = 24
                               nkstot_ibz = 30
      IBZ             DirectX             DirectY             DirectZ              Weight    ibz2bz
        1                   0                   0                   0          0.00390625         0
        2             -0.0625              0.0625                   0           0.0234375         1
        3              -0.125               0.125                   0           0.0234375         2
        4             -0.1875              0.1875                   0           0.0234375         3
        5               -0.25                0.25                   0           0.0234375         4
        6             -0.3125              0.3125                   0           0.0234375         5
        7              -0.375               0.375                   0           0.0234375         6
        8             -0.4375              0.4375                   0           0.0234375         7
        9                 0.5                 0.5                   0           0.0117188         8
       10              -0.125              0.0625                   0           0.0234375        17
       11             -0.1875               0.125                   0            0.046875        18
       12               -0.25              0.1875                   0            0.046875        19
       13             -0.3125                0.25                   0            0.046875        20
       14              -0.375              0.3125                   0            0.046875        21
       15             -0.4375               0.375                   0            0.046875        22
       16             -0.4375                 0.5                   0            0.046875        23
       17               -0.25               0.125                   0           0.0234375        34
       18             -0.3125              0.1875                   0            0.046875        35
       19              -0.375                0.25                   0            0.046875        36
       20             -0.4375              0.3125                   0            0.046875        37
       21              -0.375                 0.5                   0            0.046875        38
       22             -0.4375             -0.4375                   0           0.0234375        39
       23              -0.375              0.1875                   0           0.0234375        51
       24             -0.4375                0.25                   0            0.046875        52
       25             -0.3125                 0.5                   0            0.046875        53
       26              -0.375             -0.4375                   0            0.046875        54
       27               -0.25                 0.5                   0           0.0234375        68
       28             -0.3125             -0.4375                   0            0.046875        69
       29              -0.375              -0.375                   0           0.0234375        70
       30             -0.3125              -0.375                   0           0.0234375        85
                               nkstot now = 30

  KPOINTS            DIRECT_X            DIRECT_Y            DIRECT_Z              WEIGHT
        1                   0                   0                   0          0.00390625
        2             -0.0625              0.0625                   0           0.0234375
        3              -0.125               0.125                   0           0.0234375
        4             -0.1875              0.1875                   0           0.0234375
        5               -0.25                0.25                   0           0.0234375
        6             -0.3125              0.3125                   0           0.0234375
        7              -0.375               0.375                   0           0.0234375
        8             -0.4375              0.4375                   0           0.0234375
        9                 0.5                 0.5                   0           0.0117188
       10              -0.125              0.0625                   0           0.0234375
       11             -0.1875               0.125                   0            0.046875
       12               -0.25              0.1875                   0            0.046875
       13             -0.3125                0.25                   0            0.046875
       14              -0.375              0.3125                   0            0.046875
       15             -0.4375               0.375                   0            0.046875
       16             -0.4375                 0.5                   0            0.046875
       17               -0.25               0.125                   0           0.0234375
       18             -0.3125              0.1875                   0            0.046875
       19              -0.375                0.25                   0            0.046875
       20             -0.4375              0.3125                   0            0.046875
       21              -0.375                 0.5                   0            0.046875
       22             -0.4375             -0.4375                   0           0.0234375
       23              -0.375              0.1875                   0           0.0234375
       24             -0.4375                0.25                   0            0.046875
       25             -0.3125                 0.5                   0            0.046875
       26              -0.375             -0.4375                   0            0.046875
       27               -0.25                 0.5                   0           0.0234375
       28             -0.3125             -0.4375                   0            0.046875
       29              -0.375              -0.375                   0           0.0234375
       30             -0.3125              -0.375                   0           0.0234375

           k-point number in this process = 30
       minimum distributed K point number = 30

  KPOINTS         CARTESIAN_X         CARTESIAN_Y         CARTESIAN_Z              WEIGHT
        1                   0                   0                   0           0.0078125
        2          -0.0253158           0.0146161                   0            0.046875
        3          -0.0506316           0.0292321                   0            0.046875
        4          -0.0759473           0.0438482                   0            0.046875
        5           -0.101263           0.0584643                   0            0.046875
        6           -0.126579           0.0730804                   0            0.046875
        7           -0.151895           0.0876964                   0            0.046875
        8            -0.17721            0.102312                   0            0.046875
        9            0.202526            0.350786                   0           0.0234375
       10          -0.0506316        -1.18407e-10                   0            0.046875
       11          -0.0759473           0.0146161                   0             0.09375
       12           -0.101263           0.0292321                   0             0.09375
       13           -0.126579           0.0438482                   0             0.09375
       14           -0.151895           0.0584643                   0             0.09375
       15            -0.17721           0.0730804                   0             0.09375
       16            -0.17721            0.131545                   0             0.09375
       17           -0.101263        -2.36812e-10                   0            0.046875
       18           -0.126579           0.0146161                   0             0.09375
       19           -0.151895           0.0292321                   0             0.09375
       20            -0.17721           0.0438482                   0             0.09375
       21           -0.151895            0.146161                   0             0.09375
       22            -0.17721           -0.306937                   0            0.046875
       23           -0.151895        -3.55218e-10                   0            0.046875
       24            -0.17721           0.0146161                   0             0.09375
       25           -0.126579            0.160777                   0             0.09375
       26           -0.151895           -0.292321                   0             0.09375
       27           -0.101263            0.175393                   0            0.046875
       28           -0.126579           -0.277705                   0             0.09375
       29           -0.151895           -0.263089                   0            0.046875
       30           -0.126579           -0.248473                   0            0.046875

  KPOINTS            DIRECT_X            DIRECT_Y            DIRECT_Z              WEIGHT
        1                   0                   0                   0           0.0078125
        2             -0.0625              0.0625                   0            0.046875
        3              -0.125               0.125                   0            0.046875
        4             -0.1875              0.1875                   0            0.046875
        5               -0.25                0.25                   0            0.046875
        6             -0.3125              0.3125                   0            0.046875
        7              -0.375               0.375                   0            0.046875
        8             -0.4375              0.4375                   0            0.046875
        9                 0.5                 0.5                   0           0.0234375
       10              -0.125              0.0625                   0            0.046875
       11             -0.1875               0.125                   0             0.09375
       12               -0.25              0.1875                   0             0.09375
       13             -0.3125                0.25                   0             0.09375
       14              -0.375              0.3125                   0             0.09375
       15             -0.4375               0.375                   0             0.09375
       16             -0.4375                 0.5                   0             0.09375
       17               -0.25               0.125                   0            0.046875
       18             -0.3125              0.1875                   0             0.09375
       19              -0.375                0.25                   0             0.09375
       20             -0.4375              0.3125                   0             0.09375
       21              -0.375                 0.5                   0             0.09375
       22             -0.4375             -0.4375                   0            0.046875
       23              -0.375              0.1875                   0            0.046875
       24             -0.4375                0.25                   0             0.09375
       25             -0.3125                 0.5                   0             0.09375
       26              -0.375             -0.4375                   0             0.09375
       27               -0.25                 0.5                   0            0.046875
       28             -0.3125             -0.4375                   0             0.09375
       29              -0.375              -0.375                   0            0.046875
       30             -0.3125              -0.375                   0            0.046875
 DONE : INIT K-POINTS Time : 0.304344 (SEC)

                           occupied bands = 4
                                   NLOCAL = 26
                                   NBANDS = 14
                                   NBANDS = 14

 READING ORBITAL FILE NAMES FOR LCAO
 orbital file: ../../C_gga_7au_100Ry_2s2p1d.orb




 >>>>>>>>>>>>>>>>>>>>>>>>>>>>>>>>>>>>>>>>>>>>>>>>>>>>>>>>>>>>>>>>>>>>>>
 |                                                                    |
 | Setup numerical orbitals:                                          |
 | This part setup: numerical atomic orbitals, non-local projectors   |
 | and neutral potential (1D). The atomic orbitals information        |
 | including the radius, angular momentum and zeta number.            |
 | The neutral potential is the sum of local part of pseudopotential  |
 | and potential given by atomic charge, they will cancel out beyond  |
 | a certain radius cutoff, because the Z/r character.                |
 |                                                                    |
 <<<<<<<<<<<<<<<<<<<<<<<<<<<<<<<<<<<<<<<<<<<<<<<<<<<<<<<<<<<<<<<<<<<<<<





 SETUP ONE DIMENSIONAL ORBITALS/POTENTIAL
                        delta k  (1/Bohr) = 0.01
                        delta r    (Bohr) = 0.01
                        dr_uniform (Bohr) = 0.001
                        rmax       (Bohr) = 30
                                    kmesh = 1005
      ORBITAL  L  N      nr      dr    RCUT  CHECK_UNIT    NEW_UNIT
            1  0  0     701    0.01       7           1           1
            2  0  1     701    0.01       7           1           1
            3  1  0     701    0.01       7           1           1
            4  1  1     701    0.01       7           1           1
            5  2  0     701    0.01       7           1           1
 SET NONLOCAL PSEUDOPOTENTIAL PROJECTORS
 max number of nonlocal projetors among all species is 4

 SETUP THE TWO-CENTER INTEGRATION TABLES

 Warning_Memory_Consuming allocated:  ORB::Jl(x) 138 MB

 Warning_Memory_Consuming allocated:  ORB::Table_SR&TR 5.36 MB

 SETUP THE DIVISION OF H/S MATRIX
 divide the H&S matrix using 2D block algorithms.
                                     nb2d = 1
                  trace_loc_row dimension = 26
                  trace_loc_col dimension = 26
                                     nloc = 338

 -------------------------------------------
 STEP OF RELAXATION : 1
 -------------------------------------------




 >>>>>>>>>>>>>>>>>>>>>>>>>>>>>>>>>>>>>>>>>>>>>>>>>>>>>>>>>>>>>>>>>>>>>>
 |                                                                    |
 | Search adjacent atoms:                                             |
 | Set the adjacent atoms for each atom and set the periodic boundary |
 | condition for the atoms on real space FFT grid. For k-dependent    |
 | algorithm, we also need to set the sparse H and S matrix element   |
 | for each atom.                                                     |
 |                                                                    |
 <<<<<<<<<<<<<<<<<<<<<<<<<<<<<<<<<<<<<<<<<<<<<<<<<<<<<<<<<<<<<<<<<<<<<<





 SETUP SEARCHING RADIUS FOR PROGRAM TO SEARCH ADJACENT ATOMS
                  longest orb rcut (Bohr) = 7
   longest nonlocal projector rcut (Bohr) = 1.44
              searching radius is (Bohr)) = 16.9
         searching radius unit is (Bohr)) = 1.89

 SETUP EXTENDED REAL SPACE GRID FOR GRID INTEGRATION
                          real space grid = [ 30, 30, 150 ]
                 big cell numbers in grid = [ 6, 6, 50 ]
             meshcell numbers in big cell = [ 5, 5, 3 ]
                        extended fft grid = [ 11, 11, 16 ]
                dimension of extened grid = [ 29, 29, 83 ]
                            UnitCellTotal = 75
              Atom number in sub-FFT-grid = 2
    Local orbitals number in sub-FFT-grid = 26
                                ParaV.nnr = 14365
                                     nnrg = 22646
                                nnrg_last = 0
                                 nnrg_now = 22646
                                 init_chg = atomic
 DONE : INIT SCF Time : 0.937518 (SEC)


 LCAO ALGORITHM --------------- ION=   1  ELEC=   1--------------------------------
--------------AUTO-SET---------------
      Autoset mixing_beta to 0.7
      Autoset mixing_gg0 to 0
-------------------------------------

 Density error is 0.168531782761

       Energy                       Rydberg                            eV
       E_KohnSham                -22.7749069323                -309.868505699
         E_Harris                -22.8733092596                -311.207338047
          E_Fermi               -0.341002245626                 -4.6395735713

 LCAO ALGORITHM --------------- ION=   1  ELEC=   2--------------------------------

 Density error is 0.0272892686151

       Energy                       Rydberg                            eV
       E_KohnSham                -22.7976507819                -310.177951648
         E_Harris                 -21.980067629                 -299.05416218
          E_Fermi              -0.0474988284982                 -0.6462547159

 LCAO ALGORITHM --------------- ION=   1  ELEC=   3--------------------------------

 Density error is 0.0066600655351

       Energy                       Rydberg                            eV
       E_KohnSham                -22.7976617908                -310.178101432
         E_Harris                 -22.818992831                -310.468325123
          E_Fermi              -0.0550656420471               -0.749206495869

 LCAO ALGORITHM --------------- ION=   1  ELEC=   4--------------------------------

 Density error is 8.43051726077e-05

       Energy                       Rydberg                            eV
       E_KohnSham                -22.7976622197                -310.178107268
         E_Harris                -22.7972154899                -310.172029196
          E_Fermi              -0.0565728944744               -0.769713717205

 LCAO ALGORITHM --------------- ION=   1  ELEC=   5--------------------------------

 Density error is 5.37275740661e-06

       Energy                       Rydberg                            eV
       E_KohnSham                -22.7976622208                -310.178107282
         E_Harris                -22.7976470384                -310.177900715
          E_Fermi              -0.0565886127048               -0.769927574701

 LCAO ALGORITHM --------------- ION=   1  ELEC=   6--------------------------------

 Density error is 4.41619210733e-07

       Energy                       Rydberg                            eV
       E_KohnSham                -22.7976622207                 -310.17810728
         E_Harris                -22.7976491735                -310.177929765
          E_Fermi              -0.0565843971287               -0.769870218846

 LCAO ALGORITHM --------------- ION=   1  ELEC=   7--------------------------------

 Density error is 1.76663289777e-08

       Energy                       Rydberg                            eV
       E_KohnSham                -22.7976622207                -310.178107281
         E_Harris                -22.7976627519                -310.178114508
          E_Fermi              -0.0565847401205               -0.769874885489

 LCAO ALGORITHM --------------- ION=   1  ELEC=   8--------------------------------

 Density error is 4.40324285519e-09

           Energy                       Rydberg                            eV
       E_KohnSham                -22.7976622207                -310.178107281
   E_KS(sigma->0)                -22.7976667531                -310.178168947
         E_Harris                -22.7976622293                -310.178107397
           E_band                -6.16413554877                -83.8673667076
       E_one_elec                -116.844424275                -1589.74994967
        E_Hartree                +59.8939081846                  +814.8984268
             E_xc                -6.99649627903                -95.1922154306
          E_Ewald                +41.1493365516                +559.865446022
   E_entropy(-TS)            +1.35972261155e-05            +0.000184999752166
          E_descf                            +0                            +0
            E_exx                            +0                            +0
          E_Fermi              -0.0565847479513               -0.769874992031

 charge density convergence is achieved
 final etot is -310.17810728 eV
 EFERMI = -0.76987499203 eV

 STATE ENERGY(eV) AND OCCUPATIONS    NSPIN == 1
 1/30 kpoint (Cartesian) = 0.0000 0.0000 0.0000 (0 pws)
       1       -20.8363     0.00781250
       2       -8.83267     0.00781250
       3       -4.46781     0.00781250
       4       -4.46781     0.00781250
       5        6.95219   -1.73102e-88
       6        6.95219   -1.73102e-88
       7        10.0733   -2.43067e-88
       8        11.1409   -2.66997e-88
       9        11.8123   -2.82048e-88
      10        12.1453   -2.89513e-88
      11        35.0919   -8.03896e-88
      12        35.0919   -8.03896e-88
      13        35.2723   -8.07940e-88
      14        46.8247   -1.06690e-87

 2/30 kpoint (Cartesian) = -0.025316 0.014616 0.0000 (0 pws)
       1       -20.7450      0.0468750
       2       -8.72430      0.0468750
       3       -4.83862      0.0468750
       4       -4.66222      0.0468750
       5        7.02833   -1.04885e-87
       6        7.35146   -1.09231e-87
       7        9.77148   -1.41780e-87
       8        11.3138   -1.62524e-87
       9        11.9240   -1.70731e-87
      10        12.2636   -1.75298e-87
      11        34.5792   -4.75442e-87
      12        34.7799   -4.78140e-87
      13        35.0713   -4.82060e-87
      14        46.6230   -6.37429e-87

 3/30 kpoint (Cartesian) = -0.050632 0.029232 0.0000 (0 pws)
       1       -20.4713      0.0468750
       2       -8.40047      0.0468750
       3       -5.83685      0.0468750
       4       -5.16424      0.0468750
       5        7.12230   -1.06149e-87
       6        8.46165   -1.24163e-87
       7        8.91654   -1.30281e-87
       8        11.8858   -1.70218e-87
       9        12.2485   -1.75096e-87
      10        12.6295   -1.80220e-87
      11        33.3130   -4.58411e-87
      12        33.9320   -4.66737e-87
      13        34.6069   -4.75814e-87
      14        45.9657   -6.28589e-87

 4/30 kpoint (Cartesian) = -0.075947 0.043848 0.0000 (0 pws)
       1       -20.0164      0.0468750
       2       -7.86573      0.0468750
       3       -7.23092      0.0468750
       4       -5.81022      0.0468750
       5        7.06102   -1.05325e-87
       6        7.63239   -1.13010e-87
       7        10.0975   -1.46165e-87
       8        12.7519   -1.81867e-87
       9        12.8923   -1.83754e-87
      10        13.2790   -1.88956e-87
      11        31.7762   -4.37742e-87
      12        32.7520   -4.50866e-87
      13        34.1116   -4.69153e-87
      14        44.7586   -6.12354e-87

 5/30 kpoint (Cartesian) = -0.10126 0.058464 0.0000 (0 pws)
       1       -19.3830      0.0468750
       2       -8.81833      0.0468750
       3       -7.13006      0.0468750
       4       -6.46074      0.0468750
       5        6.06599   -9.19417e-88
       6        6.85561   -1.02562e-87
       7        12.0743   -1.72753e-87
       8        13.4339   -1.91039e-87
       9        14.1950   -2.01276e-87
      10        14.2752   -2.02355e-87
      11        30.3072   -4.17983e-87
      12        31.4547   -4.33418e-87
      13        33.4827   -4.60693e-87
      14        42.9999   -5.88700e-87

 6/30 kpoint (Cartesian) = -0.12658 0.073080 0.0000 (0 pws)
       1       -18.5761      0.0468750
       2       -10.4619      0.0468750
       3       -7.02696      0.0468750
       4       -6.21466      0.0468750
       5        4.36013   -6.89980e-88
       6        6.60284   -9.91623e-88
       7        14.2140   -2.01531e-87
       8        14.2775   -2.02386e-87
       9        15.6135   -2.20355e-87
      10        15.7129   -2.21692e-87
      11        29.0797   -4.01474e-87
      12        30.1571   -4.15965e-87
      13        31.9304   -4.39815e-87
      14        40.8669   -5.60010e-87

 7/30 kpoint (Cartesian) = -0.15189 0.087696 0.0000 (0 pws)
       1       -17.6060      0.0468750
       2       -12.0724      0.0468750
       3       -7.45780      0.0468750
       4       -5.17024      0.0468750
       5        2.66552   -4.62058e-88
       6        6.38084   -9.61764e-88
       7        15.2900   -2.16004e-87
       8        16.2852   -2.29389e-87
       9        16.8833   -2.37433e-87
      10        17.7181   -2.48661e-87
      11        28.1732   -3.89282e-87
      12        28.7237   -3.96686e-87
      13        28.9098   -3.99189e-87
      14        38.7035   -5.30913e-87

 8/30 kpoint (Cartesian) = -0.17721 0.10231 0.0000 (0 pws)
       1       -16.5027      0.0468750
       2       -13.5747      0.0468750
       3       -7.72537      0.0468750
       4       -4.14858      0.0468750
       5        1.21504   -2.66969e-88
       6        6.23395   -9.42007e-88
       7        16.4178   -2.31173e-87
       8        17.6286   -2.47457e-87
       9        17.9098   -2.51239e-87
      10        20.3980   -2.84706e-87
      11        25.8643   -3.58227e-87
      12        26.6516   -3.68817e-87
      13        27.6212   -3.81857e-87
      14        36.9967   -5.07957e-87

 9/30 kpoint (Cartesian) = 0.20253 0.35079 0.0000 (0 pws)
       1       -15.6259      0.0234375
       2       -14.5869      0.0234375
       3       -7.81593      0.0234375
       4       -3.63335      0.0234375
       5       0.549761   -8.94286e-43
       6        6.18299   -4.67577e-88
       7        17.2590   -1.21243e-87
       8        17.5619   -1.23280e-87
       9        18.5535   -1.29948e-87
      10        23.5426   -1.63500e-87
      11        23.7062   -1.64601e-87
      12        24.6187   -1.70737e-87
      13        27.4361   -1.89684e-87
      14        36.3245   -2.49458e-87

 10/30 kpoint (Cartesian) = -0.050632 -1.1841e-10 0.0000 (0 pws)
       1       -20.5625      0.0468750
       2       -8.50818      0.0468750
       3       -5.48296      0.0468750
       4       -5.05093      0.0468750
       5        7.22745   -1.07563e-87
       6        7.97230   -1.17581e-87
       7        9.19500   -1.34027e-87
       8        11.7070   -1.67813e-87
       9        12.1417   -1.73660e-87
      10        12.5048   -1.78543e-87
      11        33.5167   -4.61151e-87
      12        34.3804   -4.72768e-87
      13        34.7417   -4.77628e-87
      14        46.2050   -6.31808e-87

 11/30 kpoint (Cartesian) = -0.075947 0.014616 0.0000 (0 pws)
       1       -20.1981      0.0937500
       2       -8.07869      0.0937500
       3       -6.60571      0.0937500
       4       -5.69956      0.0937500
       5        7.41881   -2.20274e-87
       6        8.13573   -2.39559e-87
       7        9.06498   -2.64556e-87
       8        12.5560   -3.58465e-87
       9        12.6046   -3.59771e-87
      10        13.0083   -3.70629e-87
      11        31.7696   -8.75306e-87
      12        33.7496   -9.28568e-87
      13        34.2886   -9.43065e-87
      14        45.2820   -1.23879e-86

 12/30 kpoint (Cartesian) = -0.10126 0.029232 0.0000 (0 pws)
       1       -19.6540      0.0937500
       2       -8.04413      0.0937500
       3       -7.44268      0.0937500
       4       -6.40149      0.0937500
       5        6.73056   -2.01760e-87
       6        7.35595   -2.18583e-87
       7        10.6231   -3.06468e-87
       8        13.1518   -3.74492e-87
       9        13.8214   -3.92502e-87
      10        13.9448   -3.95821e-87
      11        29.9016   -8.25057e-87
      12        32.9460   -9.06951e-87
      13        33.8178   -9.30401e-87
      14        43.7494   -1.19756e-86

 13/30 kpoint (Cartesian) = -0.12658 0.043848 0.0000 (0 pws)
       1       -18.9338      0.0937500
       2       -9.63018      0.0937500
       3       -7.04003      0.0937500
       4       -6.61454      0.0937500
       5        5.11816   -1.58387e-87
       6        7.14310   -2.12858e-87
       7        12.4683   -3.56105e-87
       8        13.9156   -3.95037e-87
       9        15.0208   -4.24766e-87
      10        15.5324   -4.38529e-87
      11        28.2538   -7.80730e-87
      12        32.0351   -8.82448e-87
      13        32.9011   -9.05744e-87
      14        41.6341   -1.14066e-86

 14/30 kpoint (Cartesian) = -0.15189 0.058464 0.0000 (0 pws)
       1       -18.0447      0.0937500
       2       -11.2421      0.0937500
       3       -7.55413      0.0937500
       4       -5.62584      0.0937500
       5        3.43355   -1.13071e-87
       6        6.90741   -2.06517e-87
       7        14.3804   -4.07541e-87
       8        14.8512   -4.20204e-87
       9        16.7137   -4.70304e-87
      10        17.1360   -4.81665e-87
      11        26.9598   -7.45924e-87
      12        30.6354   -8.44796e-87
      13        30.9917   -8.54380e-87
      14        39.2187   -1.07568e-86

 15/30 kpoint (Cartesian) = -0.17721 0.073080 0.0000 (0 pws)
       1       -17.0030      0.0937500
       2       -12.7954      0.0937500
       3       -7.91084      0.0937500
       4       -4.56031      0.0937500
       5        1.84576   -7.03602e-88
       6        6.72190   -2.01527e-87
       7        15.8980   -4.48362e-87
       8        16.1020   -4.53850e-87
       9        18.4463   -5.16912e-87
      10        19.0087   -5.32040e-87
      11        25.9457   -7.18645e-87
      12        27.3550   -7.56554e-87
      13        29.6177   -8.17421e-87
      14        37.0691   -1.01786e-86

 16/30 kpoint (Cartesian) = -0.17721 0.13154 0.0000 (0 pws)
       1       -15.8891      0.0937500
       2       -14.1731      0.0937500
       3       -8.09289      0.0937500
       4       -3.69508      0.0937500
       5       0.699545   -6.30040e-52
       6        6.62209   -1.98843e-87
       7        16.7415   -4.71052e-87
       8        17.3323   -4.86945e-87
       9        19.0145   -5.32196e-87
      10        21.8149   -6.07527e-87
      11        24.6417   -6.83568e-87
      12        25.0102   -6.93478e-87
      13        28.0955   -7.76472e-87
      14        35.7559   -9.82536e-87

 17/30 kpoint (Cartesian) = -0.10126 -2.3681e-10 0.0000 (0 pws)
       1       -19.7446      0.0468750
       2       -7.62661      0.0468750
       3       -7.54739      0.0468750
       4       -6.55194      0.0468750
       5        6.97416   -1.04157e-87
       6        8.06822   -1.18871e-87
       7        9.51547   -1.38337e-87
       8        13.0548   -1.85941e-87
       9        13.6668   -1.94172e-87
      10        13.9565   -1.98069e-87
      11        29.5946   -4.08399e-87
      12        33.6530   -4.62984e-87
      13        33.9265   -4.66663e-87
      14        44.0320   -6.02580e-87

 18/30 kpoint (Cartesian) = -0.12658 0.014616 0.0000 (0 pws)
       1       -19.1135      0.0937500
       2       -8.91558      0.0937500
       3       -7.39172      0.0937500
       4       -6.81646      0.0937500
       5        5.55977   -1.70266e-87
       6        8.31192   -2.44299e-87
       7        10.5791   -3.05286e-87
       8        13.7256   -3.89924e-87
       9        14.6601   -4.15062e-87
      10        15.6692   -4.42208e-87
      11        27.5187   -7.60958e-87
      12        33.3808   -9.18648e-87
      13        33.3849   -9.18756e-87
      14        42.0558   -1.15200e-86

 19/30 kpoint (Cartesian) = -0.15189 0.029232 0.0000 (0 pws)
       1       -18.3106      0.0937500
       2       -10.3930      0.0937500
       3       -8.05616      0.0937500
       4       -5.90622      0.0937500
       5        4.00721   -1.28503e-87
       6        8.16966   -2.40472e-87
       7        12.2428   -3.50038e-87
       8        14.5645   -4.12491e-87
       9        16.0690   -4.52961e-87
      10        17.4497   -4.90104e-87
      11        25.8677   -7.16546e-87
      12        31.9933   -8.81322e-87
      13        32.8270   -9.03749e-87
      14        39.4148   -1.08096e-86

 20/30 kpoint (Cartesian) = -0.17721 0.043848 0.0000 (0 pws)
       1       -17.3469      0.0937500
       2       -11.9160      0.0937500
       3       -8.53083      0.0937500
       4       -4.86401      0.0937500
       5        2.43845   -8.63034e-88
       6        7.97500   -2.35235e-87
       7        14.0726   -3.99261e-87
       8        15.5415   -4.38772e-87
       9        17.9675   -5.04032e-87
      10        19.0246   -5.32467e-87
      11        24.7619   -6.86800e-87
      12        29.2132   -8.06538e-87
      13        31.7942   -8.75967e-87
      14        36.6922   -1.00772e-86

 21/30 kpoint (Cartesian) = -0.15189 0.14616 0.0000 (0 pws)
       1       -16.2539      0.0937500
       2       -13.3703      0.0937500
       3       -8.81663      0.0937500
       4       -3.83192      0.0937500
       5        1.05840   -1.35120e-79
       6        7.83522   -2.31475e-87
       7        15.6237   -4.40984e-87
       8        16.6532   -4.68678e-87
       9        19.9668   -5.57812e-87
      10        20.1978   -5.64026e-87
      11        24.2636   -6.73396e-87
      12        26.1588   -7.24376e-87
      13        30.0108   -8.27994e-87
      14        34.6856   -9.53745e-87

 22/30 kpoint (Cartesian) = -0.17721 -0.30694 0.0000 (0 pws)
       1       -15.3902      0.0468750
       2       -14.3582      0.0468750
       3       -8.91217      0.0468750
       4       -3.29768      0.0468750
       5       0.402078   -6.81928e-34
       6        7.78566   -1.15071e-87
       7        16.1738   -2.27891e-87
       8        17.5189   -2.45982e-87
       9        19.9952   -2.79288e-87
      10        21.4544   -2.98915e-87
      11        24.3635   -3.38041e-87
      12        24.8701   -3.44855e-87
      13        28.5727   -3.94655e-87
      14        33.9276   -4.66677e-87

 23/30 kpoint (Cartesian) = -0.15189 -3.5522e-10 0.0000 (0 pws)
       1       -18.3997      0.0468750
       2       -9.89468      0.0468750
       3       -8.45939      0.0468750
       4       -6.00075      0.0468750
       5        4.22421   -6.71699e-88
       6        9.51371   -1.38313e-87
       7        10.6153   -1.53130e-87
       8        14.4701   -2.04976e-87
       9        15.8428   -2.23439e-87
      10        17.5646   -2.46596e-87
      11        25.4644   -3.52848e-87
      12        32.4815   -4.47228e-87
      13        33.5069   -4.61019e-87
      14        39.5768   -5.42659e-87

 24/30 kpoint (Cartesian) = -0.17721 0.014616 0.0000 (0 pws)
       1       -17.5211      0.0937500
       2       -11.1079      0.0937500
       3       -9.26127      0.0937500
       4       -5.02355      0.0937500
       5        2.80765   -9.62347e-88
       6        9.73728   -2.82640e-87
       7        11.9392   -3.41873e-87
       8        15.3600   -4.33890e-87
       9        17.3964   -4.88670e-87
      10        19.3437   -5.41051e-87
      11        24.0744   -6.68306e-87
      12        30.5815   -8.43345e-87
      13        33.0873   -9.10750e-87
      14        36.5829   -1.00478e-86

 25/30 kpoint (Cartesian) = -0.12658 0.16078 0.0000 (0 pws)
       1       -16.4963      0.0937500
       2       -12.4694      0.0937500
       3       -9.73741      0.0937500
       4       -3.95490      0.0937500
       5        1.41825   -5.88603e-88
       6        9.59615   -2.78844e-87
       7        13.7786   -3.91351e-87
       8        16.3147   -4.59572e-87
       9        19.0947   -5.34355e-87
      10        20.7191   -5.78050e-87
      11        23.7028   -6.58311e-87
      12        27.7453   -7.67053e-87
      13        31.8296   -8.76920e-87
      14        33.8575   -9.31470e-87

 26/30 kpoint (Cartesian) = -0.15189 -0.29232 0.0000 (0 pws)
       1       -15.4082      0.0937500
       2       -13.7561      0.0937500
       3       -9.95988      0.0937500
       4       -3.04355      0.0937500
       5       0.336225   -4.25753e-30
       6        9.50337   -2.76348e-87
       7        15.1957   -4.29471e-87
       8        17.1852   -4.82988e-87
       9        20.0719   -5.60640e-87
      10        21.2158   -5.91410e-87
      11        24.7840   -6.87394e-87
      12        25.4721   -7.05903e-87
      13        29.8167   -8.22774e-87
      14        32.2376   -8.87894e-87

 27/30 kpoint (Cartesian) = -0.10126 0.17539 0.0000 (0 pws)
       1       -16.5794      0.0468750
       2       -11.9013      0.0468750
       3       -10.3253      0.0468750
       4       -4.00252      0.0468750
       5        1.56884   -3.14555e-88
       6        11.5852   -1.66175e-87
       7        11.7415   -1.68277e-87
       8        16.2137   -2.28427e-87
       9        18.7008   -2.61879e-87
      10        20.9871   -2.92630e-87
      11        23.4846   -3.26221e-87
      12        28.5973   -3.94986e-87
      13        32.5584   -4.48263e-87
      14        33.5620   -4.61760e-87

 28/30 kpoint (Cartesian) = -0.12658 -0.27771 0.0000 (0 pws)
       1       -15.5215      0.0937500
       2       -12.9416      0.0937500
       3       -10.9298      0.0937500
       4       -2.93860      0.0937500
       5       0.379926   -2.15339e-32
       6        11.5194   -3.30579e-87
       7        13.5846   -3.86133e-87
       8        16.8686   -4.74472e-87
       9        19.2727   -5.39142e-87
      10        22.1152   -6.15603e-87
      11        24.7747   -6.87144e-87
      12        26.5079   -7.33767e-87
      13        31.0049   -8.54736e-87
      14        31.0882   -8.56975e-87

 29/30 kpoint (Cartesian) = -0.15189 -0.26309 0.0000 (0 pws)
       1       -14.6839      0.0468750
       2       -13.8069      0.0468750
       3       -11.1035      0.0468750
       4       -2.29725      0.0468750
       5      -0.302005   -3.05670e-07
       6        11.4657   -1.64567e-87
       7        14.6198   -2.06990e-87
       8        17.0384   -2.39519e-87
       9        19.3315   -2.70361e-87
      10        22.4102   -3.11770e-87
      11        25.6180   -3.54915e-87
      12        26.3913   -3.65315e-87
      13        29.6116   -4.08628e-87
      14        29.9357   -4.12988e-87

 30/30 kpoint (Cartesian) = -0.12658 -0.24847 0.0000 (0 pws)
       1       -14.5026      0.0468750
       2       -13.5141      0.0468750
       3       -11.7435      0.0468750
       4       -1.89268      0.0468750
       5      -0.655335    3.05646e-07
       6        13.0860   -1.86360e-87
       7        13.6610   -1.94094e-87
       8        16.7485   -2.35620e-87
       9        19.0298   -2.66304e-87
      10        23.0135   -3.19885e-87
      11        26.3440   -3.64679e-87
      12        27.0984   -3.74825e-87
      13        28.4181   -3.92576e-87
      14        29.6198   -4.08738e-87

 correction force for each atom along direction 1 is -7.86871e-15
 correction force for each atom along direction 2 is 1.77636e-15
 correction force for each atom along direction 3 is 5.64522e-14

 ><><><><><><><><><><><><><><><><><><><><><><><><><><><><><><><><><><><

    TOTAL-FORCE (eV/Angstrom)

 ><><><><><><><><><><><><><><><><><><><><><><><><><><><><><><><><><><><

     atom              x              y              z
       C1                   0                   0                   0
       C2                   0                   0                   0


 ><><><><><><><><><><><><><><><><><><><><><><><><><><><><><><><><><><><

 TOTAL-STRESS (KBAR)

 ><><><><><><><><><><><><><><><><><><><><><><><><><><><><><><><><><><><

               -8.217534              -0.000000              -0.000000
               -0.000000              -8.217534              -0.000000
               -0.000000              -0.000000              -0.019716
 TOTAL-PRESSURE: -5.484928 KBAR

 Relaxation is converged!


 --------------------------------------------
 !FINAL_ETOT_IS -310.1781072805676445 eV
 --------------------------------------------






  |CLASS_NAME---------|NAME---------------|TIME(Sec)-----|CALLS----|AVG------|PER%-------
                                      total       +3.10952         9     +0.35   +100.00%
                 Driver         driver_line       +3.09439         1     +3.09    +99.51%
            ORB_control      set_orb_tables       +0.44093         1     +0.44    +14.18%
         ORB_gen_tables          gen_tables       +0.44092         1     +0.44    +14.18%
         ORB_table_beta     init_Table_Beta       +0.12092         1     +0.12     +3.89%
         ORB_table_beta       VNL_PhiBeta_R       +0.12008        26     +0.00     +3.86%
                   Ions            opt_ions       +2.21342         1     +2.21    +71.18%
        ESolver_KS_LCAO                 Run       +1.78129         1     +1.78    +57.29%
              Potential  update_from_charge       +0.16531         9     +0.02     +5.32%
              Potential           cal_v_eff       +0.16410         9     +0.02     +5.28%
                  PotXC           cal_v_eff       +0.13322         9     +0.01     +4.28%
          XC_Functional                v_xc       +0.13268         9     +0.01     +4.27%
            HSolverLCAO               solve       +1.35457         8     +0.17    +43.56%
             HamiltLCAO            updateHk       +0.41656       240     +0.00    +13.40%
           OperatorLCAO                init       +0.35719       480     +0.00    +11.49%
                   Veff        contributeHk       +0.35536       240     +0.00    +11.43%
         Gint_interface            cal_gint       +0.66831        17     +0.04    +21.49%
         Gint_interface     cal_gint_vlocal       +0.26683         8     +0.03     +8.58%
            HSolverLCAO     hamiltSolvePsiK       +0.61717       240     +0.00    +19.85%
              DiagoElpa          elpa_solve       +0.50433       240     +0.00    +16.22%
          ElecStateLCAO            psiToRho       +0.32030         8     +0.04    +10.30%
         Gint_interface        cal_gint_rho       +0.20344         8     +0.03     +6.54%
      Force_Stress_LCAO      getForceStress       +0.43119         1     +0.43    +13.87%
           Force_LCAO_k            ftable_k       +0.39686         1     +0.40    +12.76%
           Force_LCAO_k      cal_fvl_dphi_k       +0.19805         1     +0.20     +6.37%
         Gint_interface      cal_gint_force       +0.19805         1     +0.20     +6.37%
             Gint_Tools       cal_dpsir_ylm       +0.13827        38     +0.00     +4.45%
 ----------------------------------------------------------------------------------------

 NAME---------------|MEMORY(MB)--------
               total      +331.3358
          ORB::Jl(x)      +276.4915
    ORB::Table_SR&TR       +10.7193
        ChgMix::Rrho        +8.2397
       ChgMix::dRrho        +7.2098
        ChgMix::drho        +7.2098
           FFT::grid        +4.1199
       ORB::Table_NR        +2.5879
         Stress::dSR        +1.3152
            Chg::rho        +1.0300
       Chg::rho_save        +1.0300
       Chg::rho_core        +1.0300
       Pot::veff_fix        +1.0300
           Pot::veff        +1.0300
   ChgMix::rho_save2        +1.0300
 -------------   < 1.0 MB has been ignored ----------------
 ----------------------------------------------------------

 Start  Time  : Sun Aug 27 15:51:55 2023
 Finish Time  : Sun Aug 27 15:51:58 2023
 Total  Time  : 0 h 0 mins 3 secs 
